<?xml version="1.0" encoding="UTF-8"?>
<testsuite xmlns:xsi="http://www.w3.org/2001/XMLSchema-instance" xsi:noNamespaceSchemaLocation="https://maven.apache.org/surefire/maven-surefire-plugin/xsd/surefire-test-report-3.0.xsd" version="3.0" name="cashcard.e2e.test.CashCardTransactionStreamE2EContainerTests" time="17.526" tests="1" errors="0" skipped="0" failures="0">
  <properties>
[...]
</properties>
  <testcase name="cashCardTransactionStreamEndToEnd" classname="cashcard.e2e.test.CashCardTransactionStreamE2EContainerTests" time="0.94">
    <system-out><![CDATA[
  .   ____          _            __ _ _
 /\\ / ___'_ __ _ _(_)_ __  __ _ \ \ \ \
( ( )\___ | '_ | '_| | '_ \/ _` | \ \ \ \
 \\/  ___)| |_)| | | | | || (_| |  ) ) ) )
  '  |____| .__|_| |_|_| |_\__, | / / / /
 =========|_|==============|___/=/_/_/_/

 :: Spring Boot ::                (v3.4.1)

2025-01-12T02:52:49.958+01:00  INFO 8664 --- [cashcard-transaction-sink] [           main] shCardTransactionStreamE2EContainerTests : Starting CashCardTransactionStreamE2EContainerTests using Java 17.0.12 with PID 8664 (started by HP in D:\mohamed el merjani\java project\event-driven-app\cashcard-transaction-e2e-tests)
2025-01-12T02:52:49.959+01:00  INFO 8664 --- [cashcard-transaction-sink] [           main] shCardTransactionStreamE2EContainerTests : No active profile set, falling back to 1 default profile: "default"
2025-01-12T02:52:50.171+01:00  INFO 8664 --- [cashcard-transaction-sink] [           main] faultConfiguringBeanFactoryPostProcessor : No bean named 'errorChannel' has been explicitly defined. Therefore, a default PublishSubscribeChannel will be created.
2025-01-12T02:52:50.171+01:00  INFO 8664 --- [cashcard-transaction-sink] [           main] faultConfiguringBeanFactoryPostProcessor : No bean named 'integrationHeaderChannelRegistry' has been explicitly defined. Therefore, a default DefaultHeaderChannelRegistry will be created.
2025-01-12T02:52:50.251+01:00  INFO 8664 --- [cashcard-transaction-sink] [           main] org.testcontainers.images.PullPolicy     : Image pull policy will be performed by: DefaultPullPolicy()
2025-01-12T02:52:50.253+01:00  INFO 8664 --- [cashcard-transaction-sink] [           main] o.t.utility.ImageNameSubstitutor         : Image name substitution will be performed by: DefaultImageNameSubstitutor (composite of 'ConfigurationFileImageNameSubstitutor' and 'PrefixingImageNameSubstitutor')
2025-01-12T02:52:50.284+01:00  INFO 8664 --- [cashcard-transaction-sink] [           main] org.testcontainers.DockerClientFactory   : Testcontainers version: 1.20.4
2025-01-12T02:52:50.604+01:00  INFO 8664 --- [cashcard-transaction-sink] [           main] o.t.d.DockerClientProviderStrategy       : Loaded org.testcontainers.dockerclient.NpipeSocketClientProviderStrategy from ~/.testcontainers.properties, will try it first
2025-01-12T02:52:51.208+01:00  INFO 8664 --- [cashcard-transaction-sink] [           main] o.t.d.DockerClientProviderStrategy       : Found Docker environment with local Npipe socket (npipe:////./pipe/docker_engine)
2025-01-12T02:52:51.212+01:00  INFO 8664 --- [cashcard-transaction-sink] [           main] org.testcontainers.DockerClientFactory   : Docker host IP address is localhost
2025-01-12T02:52:51.235+01:00  INFO 8664 --- [cashcard-transaction-sink] [           main] org.testcontainers.DockerClientFactory   : Connected to docker: 
  Server Version: 27.4.0
  API Version: 1.47
  Operating System: Docker Desktop
  Total Memory: 7865 MB
  Labels: 
    com.docker.desktop.address=npipe://\\.\pipe\docker_cli
2025-01-12T02:52:51.264+01:00  INFO 8664 --- [cashcard-transaction-sink] [           main] tc.testcontainers/ryuk:0.11.0            : Creating container for image: testcontainers/ryuk:0.11.0
2025-01-12T02:52:51.621+01:00  INFO 8664 --- [cashcard-transaction-sink] [           main] tc.testcontainers/ryuk:0.11.0            : Container testcontainers/ryuk:0.11.0 is starting: 7ed1b782adedfbad77f83f85bdc2e484d3e9e6643a2bfcca9039ad16c00dbf8b
2025-01-12T02:52:52.708+01:00  INFO 8664 --- [cashcard-transaction-sink] [           main] tc.testcontainers/ryuk:0.11.0            : Container testcontainers/ryuk:0.11.0 started in PT1.4444218S
2025-01-12T02:52:52.714+01:00  INFO 8664 --- [cashcard-transaction-sink] [           main] o.t.utility.RyukResourceReaper           : Ryuk started - will monitor and terminate Testcontainers containers on JVM exit
2025-01-12T02:52:52.714+01:00  INFO 8664 --- [cashcard-transaction-sink] [           main] org.testcontainers.DockerClientFactory   : Checking the system...
2025-01-12T02:52:52.715+01:00  INFO 8664 --- [cashcard-transaction-sink] [           main] org.testcontainers.DockerClientFactory   : ?? Docker server version should be at least 1.6.0
2025-01-12T02:52:52.717+01:00  INFO 8664 --- [cashcard-transaction-sink] [           main] tc.confluentinc/cp-kafka:latest          : Creating container for image: confluentinc/cp-kafka:latest
2025-01-12T02:52:53.168+01:00  INFO 8664 --- [cashcard-transaction-sink] [           main] tc.confluentinc/cp-kafka:latest          : Container confluentinc/cp-kafka:latest is starting: 3de34e0cbc3d47e5ba240173608bd22bb182b80efd511599ad0ced287592b5bd
2025-01-12T02:53:05.532+01:00  INFO 8664 --- [cashcard-transaction-sink] [           main] tc.confluentinc/cp-kafka:latest          : Container confluentinc/cp-kafka:latest started in PT12.8145518S
2025-01-12T02:53:05.857+01:00  INFO 8664 --- [cashcard-transaction-sink] [           main] o.s.c.s.binder.DefaultBinderFactory      : Creating binder: kafka
2025-01-12T02:53:05.858+01:00  INFO 8664 --- [cashcard-transaction-sink] [           main] o.s.c.s.binder.DefaultBinderFactory      : Constructing binder child context for kafka
2025-01-12T02:53:05.905+01:00  INFO 8664 --- [cashcard-transaction-sink] [           main] o.s.c.s.binder.DefaultBinderFactory      : Caching the binder: kafka
2025-01-12T02:53:05.906+01:00  INFO 8664 --- [cashcard-transaction-sink] [           main] o.s.c.s.m.DirectWithAttributesChannel    : Channel 'cashcard-transaction-sink.enrichTransaction-in-0' has 1 subscriber(s).
2025-01-12T02:53:05.906+01:00  INFO 8664 --- [cashcard-transaction-sink] [           main] o.s.c.s.m.DirectWithAttributesChannel    : Channel 'cashcard-transaction-sink.cashCardTransactionFileSink-in-0' has 1 subscriber(s).
2025-01-12T02:53:05.972+01:00  INFO 8664 --- [cashcard-transaction-sink] [           main] o.s.i.endpoint.EventDrivenConsumer       : Adding {logging-channel-adapter:_org.springframework.integration.errorLogger} as a subscriber to the 'errorChannel' channel
2025-01-12T02:53:05.972+01:00  INFO 8664 --- [cashcard-transaction-sink] [           main] o.s.i.channel.PublishSubscribeChannel    : Channel 'cashcard-transaction-sink.errorChannel' has 1 subscriber(s).
2025-01-12T02:53:05.972+01:00  INFO 8664 --- [cashcard-transaction-sink] [           main] o.s.i.endpoint.EventDrivenConsumer       : started bean '_org.springframework.integration.errorLogger'
2025-01-12T02:53:05.972+01:00  INFO 8664 --- [cashcard-transaction-sink] [           main] o.s.i.endpoint.EventDrivenConsumer       : Adding {router} as a subscriber to the 'approvalRequest_integrationflow.channel#0' channel
2025-01-12T02:53:05.972+01:00  INFO 8664 --- [cashcard-transaction-sink] [           main] o.s.integration.channel.DirectChannel    : Channel 'cashcard-transaction-sink.approvalRequest_integrationflow.channel#0' has 1 subscriber(s).
2025-01-12T02:53:05.972+01:00  INFO 8664 --- [cashcard-transaction-sink] [           main] o.s.i.endpoint.EventDrivenConsumer       : started bean 'approvalRequest_integrationflow.org.springframework.integration.config.ConsumerEndpointFactoryBean#0'
2025-01-12T02:53:05.977+01:00  INFO 8664 --- [cashcard-transaction-sink] [           main] o.s.c.s.b.k.p.KafkaTopicProvisioner      : Using kafka topic for outbound: approval-requests
2025-01-12T02:53:05.978+01:00  INFO 8664 --- [cashcard-transaction-sink] [           main] o.a.k.clients.admin.AdminClientConfig    : AdminClientConfig values: 
	auto.include.jmx.reporter = true
	bootstrap.controllers = []
	bootstrap.servers = [localhost:59840]
	client.dns.lookup = use_all_dns_ips
	client.id = 
	connections.max.idle.ms = 300000
	default.api.timeout.ms = 60000
	enable.metrics.push = true
	metadata.max.age.ms = 300000
	metadata.recovery.strategy = none
	metric.reporters = []
	metrics.num.samples = 2
	metrics.recording.level = INFO
	metrics.sample.window.ms = 30000
	receive.buffer.bytes = 65536
	reconnect.backoff.max.ms = 1000
	reconnect.backoff.ms = 50
	request.timeout.ms = 30000
	retries = 2147483647
	retry.backoff.max.ms = 1000
	retry.backoff.ms = 100
	sasl.client.callback.handler.class = null
	sasl.jaas.config = null
	sasl.kerberos.kinit.cmd = /usr/bin/kinit
	sasl.kerberos.min.time.before.relogin = 60000
	sasl.kerberos.service.name = null
	sasl.kerberos.ticket.renew.jitter = 0.05
	sasl.kerberos.ticket.renew.window.factor = 0.8
	sasl.login.callback.handler.class = null
	sasl.login.class = null
	sasl.login.connect.timeout.ms = null
	sasl.login.read.timeout.ms = null
	sasl.login.refresh.buffer.seconds = 300
	sasl.login.refresh.min.period.seconds = 60
	sasl.login.refresh.window.factor = 0.8
	sasl.login.refresh.window.jitter = 0.05
	sasl.login.retry.backoff.max.ms = 10000
	sasl.login.retry.backoff.ms = 100
	sasl.mechanism = GSSAPI
	sasl.oauthbearer.clock.skew.seconds = 30
	sasl.oauthbearer.expected.audience = null
	sasl.oauthbearer.expected.issuer = null
	sasl.oauthbearer.jwks.endpoint.refresh.ms = 3600000
	sasl.oauthbearer.jwks.endpoint.retry.backoff.max.ms = 10000
	sasl.oauthbearer.jwks.endpoint.retry.backoff.ms = 100
	sasl.oauthbearer.jwks.endpoint.url = null
	sasl.oauthbearer.scope.claim.name = scope
	sasl.oauthbearer.sub.claim.name = sub
	sasl.oauthbearer.token.endpoint.url = null
	security.protocol = PLAINTEXT
	security.providers = null
	send.buffer.bytes = 131072
	socket.connection.setup.timeout.max.ms = 30000
	socket.connection.setup.timeout.ms = 10000
	ssl.cipher.suites = null
	ssl.enabled.protocols = [TLSv1.2, TLSv1.3]
	ssl.endpoint.identification.algorithm = https
	ssl.engine.factory.class = null
	ssl.key.password = null
	ssl.keymanager.algorithm = SunX509
	ssl.keystore.certificate.chain = null
	ssl.keystore.key = null
	ssl.keystore.location = null
	ssl.keystore.password = null
	ssl.keystore.type = JKS
	ssl.protocol = TLSv1.3
	ssl.provider = null
	ssl.secure.random.implementation = null
	ssl.trustmanager.algorithm = PKIX
	ssl.truststore.certificates = null
	ssl.truststore.location = null
	ssl.truststore.password = null
	ssl.truststore.type = JKS

2025-01-12T02:53:05.981+01:00  INFO 8664 --- [cashcard-transaction-sink] [           main] o.a.kafka.common.utils.AppInfoParser     : Kafka version: 3.8.1
2025-01-12T02:53:05.981+01:00  INFO 8664 --- [cashcard-transaction-sink] [           main] o.a.kafka.common.utils.AppInfoParser     : Kafka commitId: 70d6ff42debf7e17
2025-01-12T02:53:05.981+01:00  INFO 8664 --- [cashcard-transaction-sink] [           main] o.a.kafka.common.utils.AppInfoParser     : Kafka startTimeMs: 1736646785980
2025-01-12T02:53:06.112+01:00  INFO 8664 --- [cashcard-transaction-sink] [| adminclient-6] o.a.kafka.common.utils.AppInfoParser     : App info kafka.admin.client for adminclient-6 unregistered
2025-01-12T02:53:06.113+01:00  INFO 8664 --- [cashcard-transaction-sink] [| adminclient-6] o.apache.kafka.common.metrics.Metrics    : Metrics scheduler closed
2025-01-12T02:53:06.113+01:00  INFO 8664 --- [cashcard-transaction-sink] [| adminclient-6] o.apache.kafka.common.metrics.Metrics    : Closing reporter org.apache.kafka.common.metrics.JmxReporter
2025-01-12T02:53:06.114+01:00  INFO 8664 --- [cashcard-transaction-sink] [| adminclient-6] o.apache.kafka.common.metrics.Metrics    : Metrics reporters closed
2025-01-12T02:53:06.126+01:00  INFO 8664 --- [cashcard-transaction-sink] [           main] o.a.k.clients.producer.ProducerConfig    : Idempotence will be disabled because acks is set to 1, not set to 'all'.
2025-01-12T02:53:06.127+01:00  INFO 8664 --- [cashcard-transaction-sink] [           main] o.a.k.clients.producer.ProducerConfig    : ProducerConfig values: 
	acks = 1
	auto.include.jmx.reporter = true
	batch.size = 16384
	bootstrap.servers = [localhost:59840]
	buffer.memory = 33554432
	client.dns.lookup = use_all_dns_ips
	client.id = producer-3
	compression.gzip.level = -1
	compression.lz4.level = 9
	compression.type = none
	compression.zstd.level = 3
	connections.max.idle.ms = 540000
	delivery.timeout.ms = 120000
	enable.idempotence = false
	enable.metrics.push = true
	interceptor.classes = []
	key.serializer = class org.apache.kafka.common.serialization.ByteArraySerializer
	linger.ms = 0
	max.block.ms = 60000
	max.in.flight.requests.per.connection = 5
	max.request.size = 1048576
	metadata.max.age.ms = 300000
	metadata.max.idle.ms = 300000
	metadata.recovery.strategy = none
	metric.reporters = []
	metrics.num.samples = 2
	metrics.recording.level = INFO
	metrics.sample.window.ms = 30000
	partitioner.adaptive.partitioning.enable = true
	partitioner.availability.timeout.ms = 0
	partitioner.class = null
	partitioner.ignore.keys = false
	receive.buffer.bytes = 32768
	reconnect.backoff.max.ms = 1000
	reconnect.backoff.ms = 50
	request.timeout.ms = 30000
	retries = 2147483647
	retry.backoff.max.ms = 1000
	retry.backoff.ms = 100
	sasl.client.callback.handler.class = null
	sasl.jaas.config = null
	sasl.kerberos.kinit.cmd = /usr/bin/kinit
	sasl.kerberos.min.time.before.relogin = 60000
	sasl.kerberos.service.name = null
	sasl.kerberos.ticket.renew.jitter = 0.05
	sasl.kerberos.ticket.renew.window.factor = 0.8
	sasl.login.callback.handler.class = null
	sasl.login.class = null
	sasl.login.connect.timeout.ms = null
	sasl.login.read.timeout.ms = null
	sasl.login.refresh.buffer.seconds = 300
	sasl.login.refresh.min.period.seconds = 60
	sasl.login.refresh.window.factor = 0.8
	sasl.login.refresh.window.jitter = 0.05
	sasl.login.retry.backoff.max.ms = 10000
	sasl.login.retry.backoff.ms = 100
	sasl.mechanism = GSSAPI
	sasl.oauthbearer.clock.skew.seconds = 30
	sasl.oauthbearer.expected.audience = null
	sasl.oauthbearer.expected.issuer = null
	sasl.oauthbearer.jwks.endpoint.refresh.ms = 3600000
	sasl.oauthbearer.jwks.endpoint.retry.backoff.max.ms = 10000
	sasl.oauthbearer.jwks.endpoint.retry.backoff.ms = 100
	sasl.oauthbearer.jwks.endpoint.url = null
	sasl.oauthbearer.scope.claim.name = scope
	sasl.oauthbearer.sub.claim.name = sub
	sasl.oauthbearer.token.endpoint.url = null
	security.protocol = PLAINTEXT
	security.providers = null
	send.buffer.bytes = 131072
	socket.connection.setup.timeout.max.ms = 30000
	socket.connection.setup.timeout.ms = 10000
	ssl.cipher.suites = null
	ssl.enabled.protocols = [TLSv1.2, TLSv1.3]
	ssl.endpoint.identification.algorithm = https
	ssl.engine.factory.class = null
	ssl.key.password = null
	ssl.keymanager.algorithm = SunX509
	ssl.keystore.certificate.chain = null
	ssl.keystore.key = null
	ssl.keystore.location = null
	ssl.keystore.password = null
	ssl.keystore.type = JKS
	ssl.protocol = TLSv1.3
	ssl.provider = null
	ssl.secure.random.implementation = null
	ssl.trustmanager.algorithm = PKIX
	ssl.truststore.certificates = null
	ssl.truststore.location = null
	ssl.truststore.password = null
	ssl.truststore.type = JKS
	transaction.timeout.ms = 60000
	transactional.id = null
	value.serializer = class org.apache.kafka.common.serialization.ByteArraySerializer

2025-01-12T02:53:06.127+01:00  INFO 8664 --- [cashcard-transaction-sink] [           main] o.a.k.c.t.i.KafkaMetricsCollector        : initializing Kafka metrics collector
2025-01-12T02:53:06.137+01:00  INFO 8664 --- [cashcard-transaction-sink] [           main] o.a.kafka.common.utils.AppInfoParser     : Kafka version: 3.8.1
2025-01-12T02:53:06.138+01:00  INFO 8664 --- [cashcard-transaction-sink] [           main] o.a.kafka.common.utils.AppInfoParser     : Kafka commitId: 70d6ff42debf7e17
2025-01-12T02:53:06.138+01:00  INFO 8664 --- [cashcard-transaction-sink] [           main] o.a.kafka.common.utils.AppInfoParser     : Kafka startTimeMs: 1736646786137
2025-01-12T02:53:06.173+01:00  INFO 8664 --- [cashcard-transaction-sink] [ad | producer-3] org.apache.kafka.clients.Metadata        : [Producer clientId=producer-3] Cluster ID: 4L6g3nShT-eMCtK--X86sw
2025-01-12T02:53:06.174+01:00  INFO 8664 --- [cashcard-transaction-sink] [           main] o.s.c.s.m.DirectWithAttributesChannel    : Channel 'cashcard-transaction-sink.approvalRequest-out-0' has 1 subscriber(s).
2025-01-12T02:53:06.188+01:00  INFO 8664 --- [cashcard-transaction-sink] [           main] o.s.c.s.b.k.p.KafkaTopicProvisioner      : Using kafka topic for outbound: enriched-transactions
2025-01-12T02:53:06.190+01:00  INFO 8664 --- [cashcard-transaction-sink] [           main] o.a.k.clients.admin.AdminClientConfig    : AdminClientConfig values: 
	auto.include.jmx.reporter = true
	bootstrap.controllers = []
	bootstrap.servers = [localhost:59840]
	client.dns.lookup = use_all_dns_ips
	client.id = 
	connections.max.idle.ms = 300000
	default.api.timeout.ms = 60000
	enable.metrics.push = true
	metadata.max.age.ms = 300000
	metadata.recovery.strategy = none
	metric.reporters = []
	metrics.num.samples = 2
	metrics.recording.level = INFO
	metrics.sample.window.ms = 30000
	receive.buffer.bytes = 65536
	reconnect.backoff.max.ms = 1000
	reconnect.backoff.ms = 50
	request.timeout.ms = 30000
	retries = 2147483647
	retry.backoff.max.ms = 1000
	retry.backoff.ms = 100
	sasl.client.callback.handler.class = null
	sasl.jaas.config = null
	sasl.kerberos.kinit.cmd = /usr/bin/kinit
	sasl.kerberos.min.time.before.relogin = 60000
	sasl.kerberos.service.name = null
	sasl.kerberos.ticket.renew.jitter = 0.05
	sasl.kerberos.ticket.renew.window.factor = 0.8
	sasl.login.callback.handler.class = null
	sasl.login.class = null
	sasl.login.connect.timeout.ms = null
	sasl.login.read.timeout.ms = null
	sasl.login.refresh.buffer.seconds = 300
	sasl.login.refresh.min.period.seconds = 60
	sasl.login.refresh.window.factor = 0.8
	sasl.login.refresh.window.jitter = 0.05
	sasl.login.retry.backoff.max.ms = 10000
	sasl.login.retry.backoff.ms = 100
	sasl.mechanism = GSSAPI
	sasl.oauthbearer.clock.skew.seconds = 30
	sasl.oauthbearer.expected.audience = null
	sasl.oauthbearer.expected.issuer = null
	sasl.oauthbearer.jwks.endpoint.refresh.ms = 3600000
	sasl.oauthbearer.jwks.endpoint.retry.backoff.max.ms = 10000
	sasl.oauthbearer.jwks.endpoint.retry.backoff.ms = 100
	sasl.oauthbearer.jwks.endpoint.url = null
	sasl.oauthbearer.scope.claim.name = scope
	sasl.oauthbearer.sub.claim.name = sub
	sasl.oauthbearer.token.endpoint.url = null
	security.protocol = PLAINTEXT
	security.providers = null
	send.buffer.bytes = 131072
	socket.connection.setup.timeout.max.ms = 30000
	socket.connection.setup.timeout.ms = 10000
	ssl.cipher.suites = null
	ssl.enabled.protocols = [TLSv1.2, TLSv1.3]
	ssl.endpoint.identification.algorithm = https
	ssl.engine.factory.class = null
	ssl.key.password = null
	ssl.keymanager.algorithm = SunX509
	ssl.keystore.certificate.chain = null
	ssl.keystore.key = null
	ssl.keystore.location = null
	ssl.keystore.password = null
	ssl.keystore.type = JKS
	ssl.protocol = TLSv1.3
	ssl.provider = null
	ssl.secure.random.implementation = null
	ssl.trustmanager.algorithm = PKIX
	ssl.truststore.certificates = null
	ssl.truststore.location = null
	ssl.truststore.password = null
	ssl.truststore.type = JKS

2025-01-12T02:53:06.193+01:00  INFO 8664 --- [cashcard-transaction-sink] [           main] o.a.kafka.common.utils.AppInfoParser     : Kafka version: 3.8.1
2025-01-12T02:53:06.193+01:00  INFO 8664 --- [cashcard-transaction-sink] [           main] o.a.kafka.common.utils.AppInfoParser     : Kafka commitId: 70d6ff42debf7e17
2025-01-12T02:53:06.193+01:00  INFO 8664 --- [cashcard-transaction-sink] [           main] o.a.kafka.common.utils.AppInfoParser     : Kafka startTimeMs: 1736646786193
2025-01-12T02:53:06.261+01:00  INFO 8664 --- [cashcard-transaction-sink] [| adminclient-7] o.a.kafka.common.utils.AppInfoParser     : App info kafka.admin.client for adminclient-7 unregistered
2025-01-12T02:53:06.263+01:00  INFO 8664 --- [cashcard-transaction-sink] [| adminclient-7] o.apache.kafka.common.metrics.Metrics    : Metrics scheduler closed
2025-01-12T02:53:06.263+01:00  INFO 8664 --- [cashcard-transaction-sink] [| adminclient-7] o.apache.kafka.common.metrics.Metrics    : Closing reporter org.apache.kafka.common.metrics.JmxReporter
2025-01-12T02:53:06.263+01:00  INFO 8664 --- [cashcard-transaction-sink] [| adminclient-7] o.apache.kafka.common.metrics.Metrics    : Metrics reporters closed
2025-01-12T02:53:06.270+01:00  INFO 8664 --- [cashcard-transaction-sink] [           main] o.a.k.clients.producer.ProducerConfig    : Idempotence will be disabled because acks is set to 1, not set to 'all'.
2025-01-12T02:53:06.271+01:00  INFO 8664 --- [cashcard-transaction-sink] [           main] o.a.k.clients.producer.ProducerConfig    : ProducerConfig values: 
	acks = 1
	auto.include.jmx.reporter = true
	batch.size = 16384
	bootstrap.servers = [localhost:59840]
	buffer.memory = 33554432
	client.dns.lookup = use_all_dns_ips
	client.id = producer-4
	compression.gzip.level = -1
	compression.lz4.level = 9
	compression.type = none
	compression.zstd.level = 3
	connections.max.idle.ms = 540000
	delivery.timeout.ms = 120000
	enable.idempotence = false
	enable.metrics.push = true
	interceptor.classes = []
	key.serializer = class org.apache.kafka.common.serialization.ByteArraySerializer
	linger.ms = 0
	max.block.ms = 60000
	max.in.flight.requests.per.connection = 5
	max.request.size = 1048576
	metadata.max.age.ms = 300000
	metadata.max.idle.ms = 300000
	metadata.recovery.strategy = none
	metric.reporters = []
	metrics.num.samples = 2
	metrics.recording.level = INFO
	metrics.sample.window.ms = 30000
	partitioner.adaptive.partitioning.enable = true
	partitioner.availability.timeout.ms = 0
	partitioner.class = null
	partitioner.ignore.keys = false
	receive.buffer.bytes = 32768
	reconnect.backoff.max.ms = 1000
	reconnect.backoff.ms = 50
	request.timeout.ms = 30000
	retries = 2147483647
	retry.backoff.max.ms = 1000
	retry.backoff.ms = 100
	sasl.client.callback.handler.class = null
	sasl.jaas.config = null
	sasl.kerberos.kinit.cmd = /usr/bin/kinit
	sasl.kerberos.min.time.before.relogin = 60000
	sasl.kerberos.service.name = null
	sasl.kerberos.ticket.renew.jitter = 0.05
	sasl.kerberos.ticket.renew.window.factor = 0.8
	sasl.login.callback.handler.class = null
	sasl.login.class = null
	sasl.login.connect.timeout.ms = null
	sasl.login.read.timeout.ms = null
	sasl.login.refresh.buffer.seconds = 300
	sasl.login.refresh.min.period.seconds = 60
	sasl.login.refresh.window.factor = 0.8
	sasl.login.refresh.window.jitter = 0.05
	sasl.login.retry.backoff.max.ms = 10000
	sasl.login.retry.backoff.ms = 100
	sasl.mechanism = GSSAPI
	sasl.oauthbearer.clock.skew.seconds = 30
	sasl.oauthbearer.expected.audience = null
	sasl.oauthbearer.expected.issuer = null
	sasl.oauthbearer.jwks.endpoint.refresh.ms = 3600000
	sasl.oauthbearer.jwks.endpoint.retry.backoff.max.ms = 10000
	sasl.oauthbearer.jwks.endpoint.retry.backoff.ms = 100
	sasl.oauthbearer.jwks.endpoint.url = null
	sasl.oauthbearer.scope.claim.name = scope
	sasl.oauthbearer.sub.claim.name = sub
	sasl.oauthbearer.token.endpoint.url = null
	security.protocol = PLAINTEXT
	security.providers = null
	send.buffer.bytes = 131072
	socket.connection.setup.timeout.max.ms = 30000
	socket.connection.setup.timeout.ms = 10000
	ssl.cipher.suites = null
	ssl.enabled.protocols = [TLSv1.2, TLSv1.3]
	ssl.endpoint.identification.algorithm = https
	ssl.engine.factory.class = null
	ssl.key.password = null
	ssl.keymanager.algorithm = SunX509
	ssl.keystore.certificate.chain = null
	ssl.keystore.key = null
	ssl.keystore.location = null
	ssl.keystore.password = null
	ssl.keystore.type = JKS
	ssl.protocol = TLSv1.3
	ssl.provider = null
	ssl.secure.random.implementation = null
	ssl.trustmanager.algorithm = PKIX
	ssl.truststore.certificates = null
	ssl.truststore.location = null
	ssl.truststore.password = null
	ssl.truststore.type = JKS
	transaction.timeout.ms = 60000
	transactional.id = null
	value.serializer = class org.apache.kafka.common.serialization.ByteArraySerializer

2025-01-12T02:53:06.271+01:00  INFO 8664 --- [cashcard-transaction-sink] [           main] o.a.k.c.t.i.KafkaMetricsCollector        : initializing Kafka metrics collector
2025-01-12T02:53:06.277+01:00  INFO 8664 --- [cashcard-transaction-sink] [           main] o.a.kafka.common.utils.AppInfoParser     : Kafka version: 3.8.1
2025-01-12T02:53:06.277+01:00  INFO 8664 --- [cashcard-transaction-sink] [           main] o.a.kafka.common.utils.AppInfoParser     : Kafka commitId: 70d6ff42debf7e17
2025-01-12T02:53:06.277+01:00  INFO 8664 --- [cashcard-transaction-sink] [           main] o.a.kafka.common.utils.AppInfoParser     : Kafka startTimeMs: 1736646786277
2025-01-12T02:53:06.285+01:00  INFO 8664 --- [cashcard-transaction-sink] [ad | producer-4] org.apache.kafka.clients.Metadata        : [Producer clientId=producer-4] Cluster ID: 4L6g3nShT-eMCtK--X86sw
2025-01-12T02:53:06.286+01:00  INFO 8664 --- [cashcard-transaction-sink] [           main] o.s.c.s.m.DirectWithAttributesChannel    : Channel 'cashcard-transaction-sink.enrichTransaction-out-0' has 1 subscriber(s).
2025-01-12T02:53:06.288+01:00  INFO 8664 --- [cashcard-transaction-sink] [           main] o.s.i.e.SourcePollingChannelAdapter      : started bean 'approvalRequest-out-0_spca'
2025-01-12T02:53:06.298+01:00  INFO 8664 --- [cashcard-transaction-sink] [           main] o.a.k.clients.admin.AdminClientConfig    : AdminClientConfig values: 
	auto.include.jmx.reporter = true
	bootstrap.controllers = []
	bootstrap.servers = [localhost:59840]
	client.dns.lookup = use_all_dns_ips
	client.id = 
	connections.max.idle.ms = 300000
	default.api.timeout.ms = 60000
	enable.metrics.push = true
	metadata.max.age.ms = 300000
	metadata.recovery.strategy = none
	metric.reporters = []
	metrics.num.samples = 2
	metrics.recording.level = INFO
	metrics.sample.window.ms = 30000
	receive.buffer.bytes = 65536
	reconnect.backoff.max.ms = 1000
	reconnect.backoff.ms = 50
	request.timeout.ms = 30000
	retries = 2147483647
	retry.backoff.max.ms = 1000
	retry.backoff.ms = 100
	sasl.client.callback.handler.class = null
	sasl.jaas.config = null
	sasl.kerberos.kinit.cmd = /usr/bin/kinit
	sasl.kerberos.min.time.before.relogin = 60000
	sasl.kerberos.service.name = null
	sasl.kerberos.ticket.renew.jitter = 0.05
	sasl.kerberos.ticket.renew.window.factor = 0.8
	sasl.login.callback.handler.class = null
	sasl.login.class = null
	sasl.login.connect.timeout.ms = null
	sasl.login.read.timeout.ms = null
	sasl.login.refresh.buffer.seconds = 300
	sasl.login.refresh.min.period.seconds = 60
	sasl.login.refresh.window.factor = 0.8
	sasl.login.refresh.window.jitter = 0.05
	sasl.login.retry.backoff.max.ms = 10000
	sasl.login.retry.backoff.ms = 100
	sasl.mechanism = GSSAPI
	sasl.oauthbearer.clock.skew.seconds = 30
	sasl.oauthbearer.expected.audience = null
	sasl.oauthbearer.expected.issuer = null
	sasl.oauthbearer.jwks.endpoint.refresh.ms = 3600000
	sasl.oauthbearer.jwks.endpoint.retry.backoff.max.ms = 10000
	sasl.oauthbearer.jwks.endpoint.retry.backoff.ms = 100
	sasl.oauthbearer.jwks.endpoint.url = null
	sasl.oauthbearer.scope.claim.name = scope
	sasl.oauthbearer.sub.claim.name = sub
	sasl.oauthbearer.token.endpoint.url = null
	security.protocol = PLAINTEXT
	security.providers = null
	send.buffer.bytes = 131072
	socket.connection.setup.timeout.max.ms = 30000
	socket.connection.setup.timeout.ms = 10000
	ssl.cipher.suites = null
	ssl.enabled.protocols = [TLSv1.2, TLSv1.3]
	ssl.endpoint.identification.algorithm = https
	ssl.engine.factory.class = null
	ssl.key.password = null
	ssl.keymanager.algorithm = SunX509
	ssl.keystore.certificate.chain = null
	ssl.keystore.key = null
	ssl.keystore.location = null
	ssl.keystore.password = null
	ssl.keystore.type = JKS
	ssl.protocol = TLSv1.3
	ssl.provider = null
	ssl.secure.random.implementation = null
	ssl.trustmanager.algorithm = PKIX
	ssl.truststore.certificates = null
	ssl.truststore.location = null
	ssl.truststore.password = null
	ssl.truststore.type = JKS

2025-01-12T02:53:06.301+01:00  INFO 8664 --- [cashcard-transaction-sink] [           main] o.a.kafka.common.utils.AppInfoParser     : Kafka version: 3.8.1
2025-01-12T02:53:06.301+01:00  INFO 8664 --- [cashcard-transaction-sink] [           main] o.a.kafka.common.utils.AppInfoParser     : Kafka commitId: 70d6ff42debf7e17
2025-01-12T02:53:06.301+01:00  INFO 8664 --- [cashcard-transaction-sink] [           main] o.a.kafka.common.utils.AppInfoParser     : Kafka startTimeMs: 1736646786301
2025-01-12T02:53:06.333+01:00  INFO 8664 --- [cashcard-transaction-sink] [| adminclient-8] o.a.kafka.common.utils.AppInfoParser     : App info kafka.admin.client for adminclient-8 unregistered
2025-01-12T02:53:06.336+01:00  INFO 8664 --- [cashcard-transaction-sink] [| adminclient-8] o.apache.kafka.common.metrics.Metrics    : Metrics scheduler closed
2025-01-12T02:53:06.336+01:00  INFO 8664 --- [cashcard-transaction-sink] [| adminclient-8] o.apache.kafka.common.metrics.Metrics    : Closing reporter org.apache.kafka.common.metrics.JmxReporter
2025-01-12T02:53:06.336+01:00  INFO 8664 --- [cashcard-transaction-sink] [| adminclient-8] o.apache.kafka.common.metrics.Metrics    : Metrics reporters closed
2025-01-12T02:53:06.343+01:00  INFO 8664 --- [cashcard-transaction-sink] [           main] o.a.k.clients.consumer.ConsumerConfig    : ConsumerConfig values: 
	allow.auto.create.topics = true
	auto.commit.interval.ms = 100
	auto.include.jmx.reporter = true
	auto.offset.reset = latest
	bootstrap.servers = [localhost:59840]
	check.crcs = true
	client.dns.lookup = use_all_dns_ips
	client.id = consumer-anonymous.9644030c-3ae5-4647-9fcb-01b3b6cc3d37-5
	client.rack = 
	connections.max.idle.ms = 540000
	default.api.timeout.ms = 60000
	enable.auto.commit = false
	enable.metrics.push = true
	exclude.internal.topics = true
	fetch.max.bytes = 52428800
	fetch.max.wait.ms = 500
	fetch.min.bytes = 1
	group.id = anonymous.9644030c-3ae5-4647-9fcb-01b3b6cc3d37
	group.instance.id = null
	group.protocol = classic
	group.remote.assignor = null
	heartbeat.interval.ms = 3000
	interceptor.classes = []
	internal.leave.group.on.close = true
	internal.throw.on.fetch.stable.offset.unsupported = false
	isolation.level = read_uncommitted
	key.deserializer = class org.apache.kafka.common.serialization.ByteArrayDeserializer
	max.partition.fetch.bytes = 1048576
	max.poll.interval.ms = 300000
	max.poll.records = 500
	metadata.max.age.ms = 300000
	metadata.recovery.strategy = none
	metric.reporters = []
	metrics.num.samples = 2
	metrics.recording.level = INFO
	metrics.sample.window.ms = 30000
	partition.assignment.strategy = [class org.apache.kafka.clients.consumer.RangeAssignor, class org.apache.kafka.clients.consumer.CooperativeStickyAssignor]
	receive.buffer.bytes = 65536
	reconnect.backoff.max.ms = 1000
	reconnect.backoff.ms = 50
	request.timeout.ms = 30000
	retry.backoff.max.ms = 1000
	retry.backoff.ms = 100
	sasl.client.callback.handler.class = null
	sasl.jaas.config = null
	sasl.kerberos.kinit.cmd = /usr/bin/kinit
	sasl.kerberos.min.time.before.relogin = 60000
	sasl.kerberos.service.name = null
	sasl.kerberos.ticket.renew.jitter = 0.05
	sasl.kerberos.ticket.renew.window.factor = 0.8
	sasl.login.callback.handler.class = null
	sasl.login.class = null
	sasl.login.connect.timeout.ms = null
	sasl.login.read.timeout.ms = null
	sasl.login.refresh.buffer.seconds = 300
	sasl.login.refresh.min.period.seconds = 60
	sasl.login.refresh.window.factor = 0.8
	sasl.login.refresh.window.jitter = 0.05
	sasl.login.retry.backoff.max.ms = 10000
	sasl.login.retry.backoff.ms = 100
	sasl.mechanism = GSSAPI
	sasl.oauthbearer.clock.skew.seconds = 30
	sasl.oauthbearer.expected.audience = null
	sasl.oauthbearer.expected.issuer = null
	sasl.oauthbearer.jwks.endpoint.refresh.ms = 3600000
	sasl.oauthbearer.jwks.endpoint.retry.backoff.max.ms = 10000
	sasl.oauthbearer.jwks.endpoint.retry.backoff.ms = 100
	sasl.oauthbearer.jwks.endpoint.url = null
	sasl.oauthbearer.scope.claim.name = scope
	sasl.oauthbearer.sub.claim.name = sub
	sasl.oauthbearer.token.endpoint.url = null
	security.protocol = PLAINTEXT
	security.providers = null
	send.buffer.bytes = 131072
	session.timeout.ms = 45000
	socket.connection.setup.timeout.max.ms = 30000
	socket.connection.setup.timeout.ms = 10000
	ssl.cipher.suites = null
	ssl.enabled.protocols = [TLSv1.2, TLSv1.3]
	ssl.endpoint.identification.algorithm = https
	ssl.engine.factory.class = null
	ssl.key.password = null
	ssl.keymanager.algorithm = SunX509
	ssl.keystore.certificate.chain = null
	ssl.keystore.key = null
	ssl.keystore.location = null
	ssl.keystore.password = null
	ssl.keystore.type = JKS
	ssl.protocol = TLSv1.3
	ssl.provider = null
	ssl.secure.random.implementation = null
	ssl.trustmanager.algorithm = PKIX
	ssl.truststore.certificates = null
	ssl.truststore.location = null
	ssl.truststore.password = null
	ssl.truststore.type = JKS
	value.deserializer = class org.apache.kafka.common.serialization.ByteArrayDeserializer

2025-01-12T02:53:06.343+01:00  INFO 8664 --- [cashcard-transaction-sink] [           main] o.a.k.c.t.i.KafkaMetricsCollector        : initializing Kafka metrics collector
2025-01-12T02:53:06.348+01:00  INFO 8664 --- [cashcard-transaction-sink] [           main] o.a.kafka.common.utils.AppInfoParser     : Kafka version: 3.8.1
2025-01-12T02:53:06.348+01:00  INFO 8664 --- [cashcard-transaction-sink] [           main] o.a.kafka.common.utils.AppInfoParser     : Kafka commitId: 70d6ff42debf7e17
2025-01-12T02:53:06.348+01:00  INFO 8664 --- [cashcard-transaction-sink] [           main] o.a.kafka.common.utils.AppInfoParser     : Kafka startTimeMs: 1736646786348
2025-01-12T02:53:06.356+01:00  INFO 8664 --- [cashcard-transaction-sink] [           main] org.apache.kafka.clients.Metadata        : [Consumer clientId=consumer-anonymous.9644030c-3ae5-4647-9fcb-01b3b6cc3d37-5, groupId=anonymous.9644030c-3ae5-4647-9fcb-01b3b6cc3d37] Cluster ID: 4L6g3nShT-eMCtK--X86sw
2025-01-12T02:53:06.359+01:00  INFO 8664 --- [cashcard-transaction-sink] [           main] o.a.k.c.c.internals.ConsumerCoordinator  : [Consumer clientId=consumer-anonymous.9644030c-3ae5-4647-9fcb-01b3b6cc3d37-5, groupId=anonymous.9644030c-3ae5-4647-9fcb-01b3b6cc3d37] Resetting generation and member id due to: consumer pro-actively leaving the group
2025-01-12T02:53:06.359+01:00  INFO 8664 --- [cashcard-transaction-sink] [           main] o.a.k.c.c.internals.ConsumerCoordinator  : [Consumer clientId=consumer-anonymous.9644030c-3ae5-4647-9fcb-01b3b6cc3d37-5, groupId=anonymous.9644030c-3ae5-4647-9fcb-01b3b6cc3d37] Request joining group due to: consumer pro-actively leaving the group
2025-01-12T02:53:06.360+01:00  INFO 8664 --- [cashcard-transaction-sink] [           main] o.apache.kafka.common.metrics.Metrics    : Metrics scheduler closed
2025-01-12T02:53:06.360+01:00  INFO 8664 --- [cashcard-transaction-sink] [           main] o.apache.kafka.common.metrics.Metrics    : Closing reporter org.apache.kafka.common.metrics.JmxReporter
2025-01-12T02:53:06.360+01:00  INFO 8664 --- [cashcard-transaction-sink] [           main] o.apache.kafka.common.metrics.Metrics    : Closing reporter org.apache.kafka.common.telemetry.internals.ClientTelemetryReporter
2025-01-12T02:53:06.360+01:00  INFO 8664 --- [cashcard-transaction-sink] [           main] o.apache.kafka.common.metrics.Metrics    : Metrics reporters closed
2025-01-12T02:53:06.363+01:00  INFO 8664 --- [cashcard-transaction-sink] [           main] o.a.kafka.common.utils.AppInfoParser     : App info kafka.consumer for consumer-anonymous.9644030c-3ae5-4647-9fcb-01b3b6cc3d37-5 unregistered
2025-01-12T02:53:06.366+01:00  INFO 8664 --- [cashcard-transaction-sink] [           main] o.s.c.stream.binder.BinderErrorChannel   : Channel 'kafka-1083840077.enrichTransaction-in-0.errors' has 1 subscriber(s).
2025-01-12T02:53:06.367+01:00  INFO 8664 --- [cashcard-transaction-sink] [           main] o.s.c.stream.binder.BinderErrorChannel   : Channel 'kafka-1083840077.enrichTransaction-in-0.errors' has 0 subscriber(s).
2025-01-12T02:53:06.367+01:00  INFO 8664 --- [cashcard-transaction-sink] [           main] o.s.c.stream.binder.BinderErrorChannel   : Channel 'kafka-1083840077.enrichTransaction-in-0.errors' has 1 subscriber(s).
2025-01-12T02:53:06.367+01:00  INFO 8664 --- [cashcard-transaction-sink] [           main] o.s.c.stream.binder.BinderErrorChannel   : Channel 'kafka-1083840077.enrichTransaction-in-0.errors' has 2 subscriber(s).
2025-01-12T02:53:06.367+01:00  INFO 8664 --- [cashcard-transaction-sink] [           main] o.a.k.clients.consumer.ConsumerConfig    : ConsumerConfig values: 
	allow.auto.create.topics = true
	auto.commit.interval.ms = 100
	auto.include.jmx.reporter = true
	auto.offset.reset = latest
	bootstrap.servers = [localhost:59840]
	check.crcs = true
	client.dns.lookup = use_all_dns_ips
	client.id = consumer-anonymous.9644030c-3ae5-4647-9fcb-01b3b6cc3d37-6
	client.rack = 
	connections.max.idle.ms = 540000
	default.api.timeout.ms = 60000
	enable.auto.commit = false
	enable.metrics.push = true
	exclude.internal.topics = true
	fetch.max.bytes = 52428800
	fetch.max.wait.ms = 500
	fetch.min.bytes = 1
	group.id = anonymous.9644030c-3ae5-4647-9fcb-01b3b6cc3d37
	group.instance.id = null
	group.protocol = classic
	group.remote.assignor = null
	heartbeat.interval.ms = 3000
	interceptor.classes = []
	internal.leave.group.on.close = true
	internal.throw.on.fetch.stable.offset.unsupported = false
	isolation.level = read_uncommitted
	key.deserializer = class org.apache.kafka.common.serialization.ByteArrayDeserializer
	max.partition.fetch.bytes = 1048576
	max.poll.interval.ms = 300000
	max.poll.records = 500
	metadata.max.age.ms = 300000
	metadata.recovery.strategy = none
	metric.reporters = []
	metrics.num.samples = 2
	metrics.recording.level = INFO
	metrics.sample.window.ms = 30000
	partition.assignment.strategy = [class org.apache.kafka.clients.consumer.RangeAssignor, class org.apache.kafka.clients.consumer.CooperativeStickyAssignor]
	receive.buffer.bytes = 65536
	reconnect.backoff.max.ms = 1000
	reconnect.backoff.ms = 50
	request.timeout.ms = 30000
	retry.backoff.max.ms = 1000
	retry.backoff.ms = 100
	sasl.client.callback.handler.class = null
	sasl.jaas.config = null
	sasl.kerberos.kinit.cmd = /usr/bin/kinit
	sasl.kerberos.min.time.before.relogin = 60000
	sasl.kerberos.service.name = null
	sasl.kerberos.ticket.renew.jitter = 0.05
	sasl.kerberos.ticket.renew.window.factor = 0.8
	sasl.login.callback.handler.class = null
	sasl.login.class = null
	sasl.login.connect.timeout.ms = null
	sasl.login.read.timeout.ms = null
	sasl.login.refresh.buffer.seconds = 300
	sasl.login.refresh.min.period.seconds = 60
	sasl.login.refresh.window.factor = 0.8
	sasl.login.refresh.window.jitter = 0.05
	sasl.login.retry.backoff.max.ms = 10000
	sasl.login.retry.backoff.ms = 100
	sasl.mechanism = GSSAPI
	sasl.oauthbearer.clock.skew.seconds = 30
	sasl.oauthbearer.expected.audience = null
	sasl.oauthbearer.expected.issuer = null
	sasl.oauthbearer.jwks.endpoint.refresh.ms = 3600000
	sasl.oauthbearer.jwks.endpoint.retry.backoff.max.ms = 10000
	sasl.oauthbearer.jwks.endpoint.retry.backoff.ms = 100
	sasl.oauthbearer.jwks.endpoint.url = null
	sasl.oauthbearer.scope.claim.name = scope
	sasl.oauthbearer.sub.claim.name = sub
	sasl.oauthbearer.token.endpoint.url = null
	security.protocol = PLAINTEXT
	security.providers = null
	send.buffer.bytes = 131072
	session.timeout.ms = 45000
	socket.connection.setup.timeout.max.ms = 30000
	socket.connection.setup.timeout.ms = 10000
	ssl.cipher.suites = null
	ssl.enabled.protocols = [TLSv1.2, TLSv1.3]
	ssl.endpoint.identification.algorithm = https
	ssl.engine.factory.class = null
	ssl.key.password = null
	ssl.keymanager.algorithm = SunX509
	ssl.keystore.certificate.chain = null
	ssl.keystore.key = null
	ssl.keystore.location = null
	ssl.keystore.password = null
	ssl.keystore.type = JKS
	ssl.protocol = TLSv1.3
	ssl.provider = null
	ssl.secure.random.implementation = null
	ssl.trustmanager.algorithm = PKIX
	ssl.truststore.certificates = null
	ssl.truststore.location = null
	ssl.truststore.password = null
	ssl.truststore.type = JKS
	value.deserializer = class org.apache.kafka.common.serialization.ByteArrayDeserializer

2025-01-12T02:53:06.368+01:00  INFO 8664 --- [cashcard-transaction-sink] [           main] o.a.k.c.t.i.KafkaMetricsCollector        : initializing Kafka metrics collector
2025-01-12T02:53:06.373+01:00  INFO 8664 --- [cashcard-transaction-sink] [           main] o.a.kafka.common.utils.AppInfoParser     : Kafka version: 3.8.1
2025-01-12T02:53:06.373+01:00  INFO 8664 --- [cashcard-transaction-sink] [           main] o.a.kafka.common.utils.AppInfoParser     : Kafka commitId: 70d6ff42debf7e17
2025-01-12T02:53:06.373+01:00  INFO 8664 --- [cashcard-transaction-sink] [           main] o.a.kafka.common.utils.AppInfoParser     : Kafka startTimeMs: 1736646786373
2025-01-12T02:53:06.373+01:00  INFO 8664 --- [cashcard-transaction-sink] [           main] o.a.k.c.c.internals.LegacyKafkaConsumer  : [Consumer clientId=consumer-anonymous.9644030c-3ae5-4647-9fcb-01b3b6cc3d37-6, groupId=anonymous.9644030c-3ae5-4647-9fcb-01b3b6cc3d37] Subscribed to topic(s): approval-requests
2025-01-12T02:53:06.374+01:00  INFO 8664 --- [cashcard-transaction-sink] [           main] s.i.k.i.KafkaMessageDrivenChannelAdapter : started org.springframework.integration.kafka.inbound.KafkaMessageDrivenChannelAdapter@2555b92
2025-01-12T02:53:06.383+01:00  INFO 8664 --- [cashcard-transaction-sink] [           main] o.a.k.clients.admin.AdminClientConfig    : AdminClientConfig values: 
	auto.include.jmx.reporter = true
	bootstrap.controllers = []
	bootstrap.servers = [localhost:59840]
	client.dns.lookup = use_all_dns_ips
	client.id = 
	connections.max.idle.ms = 300000
	default.api.timeout.ms = 60000
	enable.metrics.push = true
	metadata.max.age.ms = 300000
	metadata.recovery.strategy = none
	metric.reporters = []
	metrics.num.samples = 2
	metrics.recording.level = INFO
	metrics.sample.window.ms = 30000
	receive.buffer.bytes = 65536
	reconnect.backoff.max.ms = 1000
	reconnect.backoff.ms = 50
	request.timeout.ms = 30000
	retries = 2147483647
	retry.backoff.max.ms = 1000
	retry.backoff.ms = 100
	sasl.client.callback.handler.class = null
	sasl.jaas.config = null
	sasl.kerberos.kinit.cmd = /usr/bin/kinit
	sasl.kerberos.min.time.before.relogin = 60000
	sasl.kerberos.service.name = null
	sasl.kerberos.ticket.renew.jitter = 0.05
	sasl.kerberos.ticket.renew.window.factor = 0.8
	sasl.login.callback.handler.class = null
	sasl.login.class = null
	sasl.login.connect.timeout.ms = null
	sasl.login.read.timeout.ms = null
	sasl.login.refresh.buffer.seconds = 300
	sasl.login.refresh.min.period.seconds = 60
	sasl.login.refresh.window.factor = 0.8
	sasl.login.refresh.window.jitter = 0.05
	sasl.login.retry.backoff.max.ms = 10000
	sasl.login.retry.backoff.ms = 100
	sasl.mechanism = GSSAPI
	sasl.oauthbearer.clock.skew.seconds = 30
	sasl.oauthbearer.expected.audience = null
	sasl.oauthbearer.expected.issuer = null
	sasl.oauthbearer.jwks.endpoint.refresh.ms = 3600000
	sasl.oauthbearer.jwks.endpoint.retry.backoff.max.ms = 10000
	sasl.oauthbearer.jwks.endpoint.retry.backoff.ms = 100
	sasl.oauthbearer.jwks.endpoint.url = null
	sasl.oauthbearer.scope.claim.name = scope
	sasl.oauthbearer.sub.claim.name = sub
	sasl.oauthbearer.token.endpoint.url = null
	security.protocol = PLAINTEXT
	security.providers = null
	send.buffer.bytes = 131072
	socket.connection.setup.timeout.max.ms = 30000
	socket.connection.setup.timeout.ms = 10000
	ssl.cipher.suites = null
	ssl.enabled.protocols = [TLSv1.2, TLSv1.3]
	ssl.endpoint.identification.algorithm = https
	ssl.engine.factory.class = null
	ssl.key.password = null
	ssl.keymanager.algorithm = SunX509
	ssl.keystore.certificate.chain = null
	ssl.keystore.key = null
	ssl.keystore.location = null
	ssl.keystore.password = null
	ssl.keystore.type = JKS
	ssl.protocol = TLSv1.3
	ssl.provider = null
	ssl.secure.random.implementation = null
	ssl.trustmanager.algorithm = PKIX
	ssl.truststore.certificates = null
	ssl.truststore.location = null
	ssl.truststore.password = null
	ssl.truststore.type = JKS

2025-01-12T02:53:06.387+01:00  INFO 8664 --- [cashcard-transaction-sink] [container-0-C-1] org.apache.kafka.clients.Metadata        : [Consumer clientId=consumer-anonymous.9644030c-3ae5-4647-9fcb-01b3b6cc3d37-6, groupId=anonymous.9644030c-3ae5-4647-9fcb-01b3b6cc3d37] Cluster ID: 4L6g3nShT-eMCtK--X86sw
2025-01-12T02:53:06.388+01:00  INFO 8664 --- [cashcard-transaction-sink] [           main] o.a.kafka.common.utils.AppInfoParser     : Kafka version: 3.8.1
2025-01-12T02:53:06.388+01:00  INFO 8664 --- [cashcard-transaction-sink] [           main] o.a.kafka.common.utils.AppInfoParser     : Kafka commitId: 70d6ff42debf7e17
2025-01-12T02:53:06.388+01:00  INFO 8664 --- [cashcard-transaction-sink] [           main] o.a.kafka.common.utils.AppInfoParser     : Kafka startTimeMs: 1736646786388
2025-01-12T02:53:06.414+01:00  INFO 8664 --- [cashcard-transaction-sink] [| adminclient-9] o.a.kafka.common.utils.AppInfoParser     : App info kafka.admin.client for adminclient-9 unregistered
2025-01-12T02:53:06.415+01:00  INFO 8664 --- [cashcard-transaction-sink] [| adminclient-9] o.apache.kafka.common.metrics.Metrics    : Metrics scheduler closed
2025-01-12T02:53:06.416+01:00  INFO 8664 --- [cashcard-transaction-sink] [| adminclient-9] o.apache.kafka.common.metrics.Metrics    : Closing reporter org.apache.kafka.common.metrics.JmxReporter
2025-01-12T02:53:06.416+01:00  INFO 8664 --- [cashcard-transaction-sink] [| adminclient-9] o.apache.kafka.common.metrics.Metrics    : Metrics reporters closed
2025-01-12T02:53:06.423+01:00  INFO 8664 --- [cashcard-transaction-sink] [           main] o.a.k.clients.consumer.ConsumerConfig    : ConsumerConfig values: 
	allow.auto.create.topics = true
	auto.commit.interval.ms = 100
	auto.include.jmx.reporter = true
	auto.offset.reset = latest
	bootstrap.servers = [localhost:59840]
	check.crcs = true
	client.dns.lookup = use_all_dns_ips
	client.id = consumer-anonymous.b7f2954a-3f77-4288-b489-6f2eb4026e3a-7
	client.rack = 
	connections.max.idle.ms = 540000
	default.api.timeout.ms = 60000
	enable.auto.commit = false
	enable.metrics.push = true
	exclude.internal.topics = true
	fetch.max.bytes = 52428800
	fetch.max.wait.ms = 500
	fetch.min.bytes = 1
	group.id = anonymous.b7f2954a-3f77-4288-b489-6f2eb4026e3a
	group.instance.id = null
	group.protocol = classic
	group.remote.assignor = null
	heartbeat.interval.ms = 3000
	interceptor.classes = []
	internal.leave.group.on.close = true
	internal.throw.on.fetch.stable.offset.unsupported = false
	isolation.level = read_uncommitted
	key.deserializer = class org.apache.kafka.common.serialization.ByteArrayDeserializer
	max.partition.fetch.bytes = 1048576
	max.poll.interval.ms = 300000
	max.poll.records = 500
	metadata.max.age.ms = 300000
	metadata.recovery.strategy = none
	metric.reporters = []
	metrics.num.samples = 2
	metrics.recording.level = INFO
	metrics.sample.window.ms = 30000
	partition.assignment.strategy = [class org.apache.kafka.clients.consumer.RangeAssignor, class org.apache.kafka.clients.consumer.CooperativeStickyAssignor]
	receive.buffer.bytes = 65536
	reconnect.backoff.max.ms = 1000
	reconnect.backoff.ms = 50
	request.timeout.ms = 30000
	retry.backoff.max.ms = 1000
	retry.backoff.ms = 100
	sasl.client.callback.handler.class = null
	sasl.jaas.config = null
	sasl.kerberos.kinit.cmd = /usr/bin/kinit
	sasl.kerberos.min.time.before.relogin = 60000
	sasl.kerberos.service.name = null
	sasl.kerberos.ticket.renew.jitter = 0.05
	sasl.kerberos.ticket.renew.window.factor = 0.8
	sasl.login.callback.handler.class = null
	sasl.login.class = null
	sasl.login.connect.timeout.ms = null
	sasl.login.read.timeout.ms = null
	sasl.login.refresh.buffer.seconds = 300
	sasl.login.refresh.min.period.seconds = 60
	sasl.login.refresh.window.factor = 0.8
	sasl.login.refresh.window.jitter = 0.05
	sasl.login.retry.backoff.max.ms = 10000
	sasl.login.retry.backoff.ms = 100
	sasl.mechanism = GSSAPI
	sasl.oauthbearer.clock.skew.seconds = 30
	sasl.oauthbearer.expected.audience = null
	sasl.oauthbearer.expected.issuer = null
	sasl.oauthbearer.jwks.endpoint.refresh.ms = 3600000
	sasl.oauthbearer.jwks.endpoint.retry.backoff.max.ms = 10000
	sasl.oauthbearer.jwks.endpoint.retry.backoff.ms = 100
	sasl.oauthbearer.jwks.endpoint.url = null
	sasl.oauthbearer.scope.claim.name = scope
	sasl.oauthbearer.sub.claim.name = sub
	sasl.oauthbearer.token.endpoint.url = null
	security.protocol = PLAINTEXT
	security.providers = null
	send.buffer.bytes = 131072
	session.timeout.ms = 45000
	socket.connection.setup.timeout.max.ms = 30000
	socket.connection.setup.timeout.ms = 10000
	ssl.cipher.suites = null
	ssl.enabled.protocols = [TLSv1.2, TLSv1.3]
	ssl.endpoint.identification.algorithm = https
	ssl.engine.factory.class = null
	ssl.key.password = null
	ssl.keymanager.algorithm = SunX509
	ssl.keystore.certificate.chain = null
	ssl.keystore.key = null
	ssl.keystore.location = null
	ssl.keystore.password = null
	ssl.keystore.type = JKS
	ssl.protocol = TLSv1.3
	ssl.provider = null
	ssl.secure.random.implementation = null
	ssl.trustmanager.algorithm = PKIX
	ssl.truststore.certificates = null
	ssl.truststore.location = null
	ssl.truststore.password = null
	ssl.truststore.type = JKS
	value.deserializer = class org.apache.kafka.common.serialization.ByteArrayDeserializer

2025-01-12T02:53:06.423+01:00  INFO 8664 --- [cashcard-transaction-sink] [           main] o.a.k.c.t.i.KafkaMetricsCollector        : initializing Kafka metrics collector
2025-01-12T02:53:06.429+01:00  INFO 8664 --- [cashcard-transaction-sink] [           main] o.a.kafka.common.utils.AppInfoParser     : Kafka version: 3.8.1
2025-01-12T02:53:06.429+01:00  INFO 8664 --- [cashcard-transaction-sink] [           main] o.a.kafka.common.utils.AppInfoParser     : Kafka commitId: 70d6ff42debf7e17
2025-01-12T02:53:06.429+01:00  INFO 8664 --- [cashcard-transaction-sink] [           main] o.a.kafka.common.utils.AppInfoParser     : Kafka startTimeMs: 1736646786429
2025-01-12T02:53:06.438+01:00  INFO 8664 --- [cashcard-transaction-sink] [           main] org.apache.kafka.clients.Metadata        : [Consumer clientId=consumer-anonymous.b7f2954a-3f77-4288-b489-6f2eb4026e3a-7, groupId=anonymous.b7f2954a-3f77-4288-b489-6f2eb4026e3a] Cluster ID: 4L6g3nShT-eMCtK--X86sw
2025-01-12T02:53:06.440+01:00  INFO 8664 --- [cashcard-transaction-sink] [           main] o.a.k.c.c.internals.ConsumerCoordinator  : [Consumer clientId=consumer-anonymous.b7f2954a-3f77-4288-b489-6f2eb4026e3a-7, groupId=anonymous.b7f2954a-3f77-4288-b489-6f2eb4026e3a] Resetting generation and member id due to: consumer pro-actively leaving the group
2025-01-12T02:53:06.440+01:00  INFO 8664 --- [cashcard-transaction-sink] [           main] o.a.k.c.c.internals.ConsumerCoordinator  : [Consumer clientId=consumer-anonymous.b7f2954a-3f77-4288-b489-6f2eb4026e3a-7, groupId=anonymous.b7f2954a-3f77-4288-b489-6f2eb4026e3a] Request joining group due to: consumer pro-actively leaving the group
2025-01-12T02:53:06.440+01:00  INFO 8664 --- [cashcard-transaction-sink] [           main] o.apache.kafka.common.metrics.Metrics    : Metrics scheduler closed
2025-01-12T02:53:06.440+01:00  INFO 8664 --- [cashcard-transaction-sink] [           main] o.apache.kafka.common.metrics.Metrics    : Closing reporter org.apache.kafka.common.metrics.JmxReporter
2025-01-12T02:53:06.440+01:00  INFO 8664 --- [cashcard-transaction-sink] [           main] o.apache.kafka.common.metrics.Metrics    : Closing reporter org.apache.kafka.common.telemetry.internals.ClientTelemetryReporter
2025-01-12T02:53:06.440+01:00  INFO 8664 --- [cashcard-transaction-sink] [           main] o.apache.kafka.common.metrics.Metrics    : Metrics reporters closed
2025-01-12T02:53:06.443+01:00  INFO 8664 --- [cashcard-transaction-sink] [           main] o.a.kafka.common.utils.AppInfoParser     : App info kafka.consumer for consumer-anonymous.b7f2954a-3f77-4288-b489-6f2eb4026e3a-7 unregistered
2025-01-12T02:53:06.445+01:00  INFO 8664 --- [cashcard-transaction-sink] [           main] o.s.c.stream.binder.BinderErrorChannel   : Channel 'kafka-1083840077.cashCardTransactionFileSink-in-0.errors' has 1 subscriber(s).
2025-01-12T02:53:06.445+01:00  INFO 8664 --- [cashcard-transaction-sink] [           main] o.s.c.stream.binder.BinderErrorChannel   : Channel 'kafka-1083840077.cashCardTransactionFileSink-in-0.errors' has 0 subscriber(s).
2025-01-12T02:53:06.446+01:00  INFO 8664 --- [cashcard-transaction-sink] [           main] o.s.c.stream.binder.BinderErrorChannel   : Channel 'kafka-1083840077.cashCardTransactionFileSink-in-0.errors' has 1 subscriber(s).
2025-01-12T02:53:06.446+01:00  INFO 8664 --- [cashcard-transaction-sink] [           main] o.s.c.stream.binder.BinderErrorChannel   : Channel 'kafka-1083840077.cashCardTransactionFileSink-in-0.errors' has 2 subscriber(s).
2025-01-12T02:53:06.447+01:00  INFO 8664 --- [cashcard-transaction-sink] [           main] o.a.k.clients.consumer.ConsumerConfig    : ConsumerConfig values: 
	allow.auto.create.topics = true
	auto.commit.interval.ms = 100
	auto.include.jmx.reporter = true
	auto.offset.reset = latest
	bootstrap.servers = [localhost:59840]
	check.crcs = true
	client.dns.lookup = use_all_dns_ips
	client.id = consumer-anonymous.b7f2954a-3f77-4288-b489-6f2eb4026e3a-8
	client.rack = 
	connections.max.idle.ms = 540000
	default.api.timeout.ms = 60000
	enable.auto.commit = false
	enable.metrics.push = true
	exclude.internal.topics = true
	fetch.max.bytes = 52428800
	fetch.max.wait.ms = 500
	fetch.min.bytes = 1
	group.id = anonymous.b7f2954a-3f77-4288-b489-6f2eb4026e3a
	group.instance.id = null
	group.protocol = classic
	group.remote.assignor = null
	heartbeat.interval.ms = 3000
	interceptor.classes = []
	internal.leave.group.on.close = true
	internal.throw.on.fetch.stable.offset.unsupported = false
	isolation.level = read_uncommitted
	key.deserializer = class org.apache.kafka.common.serialization.ByteArrayDeserializer
	max.partition.fetch.bytes = 1048576
	max.poll.interval.ms = 300000
	max.poll.records = 500
	metadata.max.age.ms = 300000
	metadata.recovery.strategy = none
	metric.reporters = []
	metrics.num.samples = 2
	metrics.recording.level = INFO
	metrics.sample.window.ms = 30000
	partition.assignment.strategy = [class org.apache.kafka.clients.consumer.RangeAssignor, class org.apache.kafka.clients.consumer.CooperativeStickyAssignor]
	receive.buffer.bytes = 65536
	reconnect.backoff.max.ms = 1000
	reconnect.backoff.ms = 50
	request.timeout.ms = 30000
	retry.backoff.max.ms = 1000
	retry.backoff.ms = 100
	sasl.client.callback.handler.class = null
	sasl.jaas.config = null
	sasl.kerberos.kinit.cmd = /usr/bin/kinit
	sasl.kerberos.min.time.before.relogin = 60000
	sasl.kerberos.service.name = null
	sasl.kerberos.ticket.renew.jitter = 0.05
	sasl.kerberos.ticket.renew.window.factor = 0.8
	sasl.login.callback.handler.class = null
	sasl.login.class = null
	sasl.login.connect.timeout.ms = null
	sasl.login.read.timeout.ms = null
	sasl.login.refresh.buffer.seconds = 300
	sasl.login.refresh.min.period.seconds = 60
	sasl.login.refresh.window.factor = 0.8
	sasl.login.refresh.window.jitter = 0.05
	sasl.login.retry.backoff.max.ms = 10000
	sasl.login.retry.backoff.ms = 100
	sasl.mechanism = GSSAPI
	sasl.oauthbearer.clock.skew.seconds = 30
	sasl.oauthbearer.expected.audience = null
	sasl.oauthbearer.expected.issuer = null
	sasl.oauthbearer.jwks.endpoint.refresh.ms = 3600000
	sasl.oauthbearer.jwks.endpoint.retry.backoff.max.ms = 10000
	sasl.oauthbearer.jwks.endpoint.retry.backoff.ms = 100
	sasl.oauthbearer.jwks.endpoint.url = null
	sasl.oauthbearer.scope.claim.name = scope
	sasl.oauthbearer.sub.claim.name = sub
	sasl.oauthbearer.token.endpoint.url = null
	security.protocol = PLAINTEXT
	security.providers = null
	send.buffer.bytes = 131072
	session.timeout.ms = 45000
	socket.connection.setup.timeout.max.ms = 30000
	socket.connection.setup.timeout.ms = 10000
	ssl.cipher.suites = null
	ssl.enabled.protocols = [TLSv1.2, TLSv1.3]
	ssl.endpoint.identification.algorithm = https
	ssl.engine.factory.class = null
	ssl.key.password = null
	ssl.keymanager.algorithm = SunX509
	ssl.keystore.certificate.chain = null
	ssl.keystore.key = null
	ssl.keystore.location = null
	ssl.keystore.password = null
	ssl.keystore.type = JKS
	ssl.protocol = TLSv1.3
	ssl.provider = null
	ssl.secure.random.implementation = null
	ssl.trustmanager.algorithm = PKIX
	ssl.truststore.certificates = null
	ssl.truststore.location = null
	ssl.truststore.password = null
	ssl.truststore.type = JKS
	value.deserializer = class org.apache.kafka.common.serialization.ByteArrayDeserializer

2025-01-12T02:53:06.448+01:00  INFO 8664 --- [cashcard-transaction-sink] [           main] o.a.k.c.t.i.KafkaMetricsCollector        : initializing Kafka metrics collector
2025-01-12T02:53:06.453+01:00  INFO 8664 --- [cashcard-transaction-sink] [           main] o.a.kafka.common.utils.AppInfoParser     : Kafka version: 3.8.1
2025-01-12T02:53:06.453+01:00  INFO 8664 --- [cashcard-transaction-sink] [           main] o.a.kafka.common.utils.AppInfoParser     : Kafka commitId: 70d6ff42debf7e17
2025-01-12T02:53:06.453+01:00  INFO 8664 --- [cashcard-transaction-sink] [           main] o.a.kafka.common.utils.AppInfoParser     : Kafka startTimeMs: 1736646786453
2025-01-12T02:53:06.453+01:00  INFO 8664 --- [cashcard-transaction-sink] [           main] o.a.k.c.c.internals.LegacyKafkaConsumer  : [Consumer clientId=consumer-anonymous.b7f2954a-3f77-4288-b489-6f2eb4026e3a-8, groupId=anonymous.b7f2954a-3f77-4288-b489-6f2eb4026e3a] Subscribed to topic(s): enriched-transactions
2025-01-12T02:53:06.454+01:00  INFO 8664 --- [cashcard-transaction-sink] [           main] s.i.k.i.KafkaMessageDrivenChannelAdapter : started org.springframework.integration.kafka.inbound.KafkaMessageDrivenChannelAdapter@1f9b8c23
2025-01-12T02:53:06.465+01:00  INFO 8664 --- [cashcard-transaction-sink] [container-0-C-1] org.apache.kafka.clients.Metadata        : [Consumer clientId=consumer-anonymous.b7f2954a-3f77-4288-b489-6f2eb4026e3a-8, groupId=anonymous.b7f2954a-3f77-4288-b489-6f2eb4026e3a] Cluster ID: 4L6g3nShT-eMCtK--X86sw
2025-01-12T02:53:06.465+01:00  INFO 8664 --- [cashcard-transaction-sink] [           main] shCardTransactionStreamE2EContainerTests : Started CashCardTransactionStreamE2EContainerTests in 16.538 seconds (process running for 37.576)
2025-01-12T02:53:06.469+01:00  INFO 8664 --- [cashcard-transaction-sink] [container-0-C-1] o.a.k.c.c.internals.ConsumerCoordinator  : [Consumer clientId=consumer-anonymous.b7f2954a-3f77-4288-b489-6f2eb4026e3a-8, groupId=anonymous.b7f2954a-3f77-4288-b489-6f2eb4026e3a] Discovered group coordinator localhost:59840 (id: 2147483646 rack: null)
2025-01-12T02:53:06.470+01:00  INFO 8664 --- [cashcard-transaction-sink] [container-0-C-1] o.a.k.c.c.internals.ConsumerCoordinator  : [Consumer clientId=consumer-anonymous.b7f2954a-3f77-4288-b489-6f2eb4026e3a-8, groupId=anonymous.b7f2954a-3f77-4288-b489-6f2eb4026e3a] (Re-)joining group
2025-01-12T02:53:06.483+01:00  INFO 8664 --- [cashcard-transaction-sink] [container-0-C-1] o.a.k.c.c.internals.ConsumerCoordinator  : [Consumer clientId=consumer-anonymous.b7f2954a-3f77-4288-b489-6f2eb4026e3a-8, groupId=anonymous.b7f2954a-3f77-4288-b489-6f2eb4026e3a] JoinGroup failed: Coordinator localhost:59840 (id: 2147483646 rack: null) is loading the group.
2025-01-12T02:53:06.483+01:00  INFO 8664 --- [cashcard-transaction-sink] [container-0-C-1] o.a.k.c.c.internals.ConsumerCoordinator  : [Consumer clientId=consumer-anonymous.b7f2954a-3f77-4288-b489-6f2eb4026e3a-8, groupId=anonymous.b7f2954a-3f77-4288-b489-6f2eb4026e3a] Request joining group due to: rebalance failed due to 'The coordinator is loading and hence can't process requests.' (CoordinatorLoadInProgressException)
2025-01-12T02:53:06.522+01:00  INFO 8664 --- [cashcard-transaction-sink] [container-0-C-1] o.a.k.c.c.internals.ConsumerCoordinator  : [Consumer clientId=consumer-anonymous.9644030c-3ae5-4647-9fcb-01b3b6cc3d37-6, groupId=anonymous.9644030c-3ae5-4647-9fcb-01b3b6cc3d37] Discovered group coordinator localhost:59840 (id: 2147483646 rack: null)
2025-01-12T02:53:06.523+01:00  INFO 8664 --- [cashcard-transaction-sink] [container-0-C-1] o.a.k.c.c.internals.ConsumerCoordinator  : [Consumer clientId=consumer-anonymous.9644030c-3ae5-4647-9fcb-01b3b6cc3d37-6, groupId=anonymous.9644030c-3ae5-4647-9fcb-01b3b6cc3d37] (Re-)joining group
2025-01-12T02:53:06.541+01:00  INFO 8664 --- [cashcard-transaction-sink] [container-0-C-1] o.a.k.c.c.internals.ConsumerCoordinator  : [Consumer clientId=consumer-anonymous.9644030c-3ae5-4647-9fcb-01b3b6cc3d37-6, groupId=anonymous.9644030c-3ae5-4647-9fcb-01b3b6cc3d37] Request joining group due to: need to re-join with the given member-id: consumer-anonymous.9644030c-3ae5-4647-9fcb-01b3b6cc3d37-6-b63262fc-f711-456c-871e-db7064758944
2025-01-12T02:53:06.542+01:00  INFO 8664 --- [cashcard-transaction-sink] [container-0-C-1] o.a.k.c.c.internals.ConsumerCoordinator  : [Consumer clientId=consumer-anonymous.9644030c-3ae5-4647-9fcb-01b3b6cc3d37-6, groupId=anonymous.9644030c-3ae5-4647-9fcb-01b3b6cc3d37] (Re-)joining group
2025-01-12T02:53:06.564+01:00  INFO 8664 --- [cashcard-transaction-sink] [container-0-C-1] o.a.k.c.c.internals.ConsumerCoordinator  : [Consumer clientId=consumer-anonymous.9644030c-3ae5-4647-9fcb-01b3b6cc3d37-6, groupId=anonymous.9644030c-3ae5-4647-9fcb-01b3b6cc3d37] Successfully joined group with generation Generation{generationId=1, memberId='consumer-anonymous.9644030c-3ae5-4647-9fcb-01b3b6cc3d37-6-b63262fc-f711-456c-871e-db7064758944', protocol='range'}
2025-01-12T02:53:06.565+01:00  INFO 8664 --- [cashcard-transaction-sink] [container-0-C-1] o.a.k.c.c.internals.ConsumerCoordinator  : [Consumer clientId=consumer-anonymous.9644030c-3ae5-4647-9fcb-01b3b6cc3d37-6, groupId=anonymous.9644030c-3ae5-4647-9fcb-01b3b6cc3d37] Finished assignment for group at generation 1: {consumer-anonymous.9644030c-3ae5-4647-9fcb-01b3b6cc3d37-6-b63262fc-f711-456c-871e-db7064758944=Assignment(partitions=[approval-requests-0])}
2025-01-12T02:53:06.583+01:00  INFO 8664 --- [cashcard-transaction-sink] [container-0-C-1] o.a.k.c.c.internals.ConsumerCoordinator  : [Consumer clientId=consumer-anonymous.b7f2954a-3f77-4288-b489-6f2eb4026e3a-8, groupId=anonymous.b7f2954a-3f77-4288-b489-6f2eb4026e3a] (Re-)joining group
2025-01-12T02:53:06.586+01:00  INFO 8664 --- [cashcard-transaction-sink] [container-0-C-1] o.a.k.c.c.internals.ConsumerCoordinator  : [Consumer clientId=consumer-anonymous.b7f2954a-3f77-4288-b489-6f2eb4026e3a-8, groupId=anonymous.b7f2954a-3f77-4288-b489-6f2eb4026e3a] Request joining group due to: need to re-join with the given member-id: consumer-anonymous.b7f2954a-3f77-4288-b489-6f2eb4026e3a-8-d2f00935-0ddd-42be-ade2-ccf441690981
2025-01-12T02:53:06.587+01:00  INFO 8664 --- [cashcard-transaction-sink] [container-0-C-1] o.a.k.c.c.internals.ConsumerCoordinator  : [Consumer clientId=consumer-anonymous.b7f2954a-3f77-4288-b489-6f2eb4026e3a-8, groupId=anonymous.b7f2954a-3f77-4288-b489-6f2eb4026e3a] (Re-)joining group
2025-01-12T02:53:06.588+01:00  INFO 8664 --- [cashcard-transaction-sink] [container-0-C-1] o.a.k.c.c.internals.ConsumerCoordinator  : [Consumer clientId=consumer-anonymous.9644030c-3ae5-4647-9fcb-01b3b6cc3d37-6, groupId=anonymous.9644030c-3ae5-4647-9fcb-01b3b6cc3d37] Successfully synced group in generation Generation{generationId=1, memberId='consumer-anonymous.9644030c-3ae5-4647-9fcb-01b3b6cc3d37-6-b63262fc-f711-456c-871e-db7064758944', protocol='range'}
2025-01-12T02:53:06.588+01:00  INFO 8664 --- [cashcard-transaction-sink] [container-0-C-1] o.a.k.c.c.internals.ConsumerCoordinator  : [Consumer clientId=consumer-anonymous.9644030c-3ae5-4647-9fcb-01b3b6cc3d37-6, groupId=anonymous.9644030c-3ae5-4647-9fcb-01b3b6cc3d37] Notifying assignor about the new Assignment(partitions=[approval-requests-0])
2025-01-12T02:53:06.588+01:00  INFO 8664 --- [cashcard-transaction-sink] [container-0-C-1] k.c.c.i.ConsumerRebalanceListenerInvoker : [Consumer clientId=consumer-anonymous.9644030c-3ae5-4647-9fcb-01b3b6cc3d37-6, groupId=anonymous.9644030c-3ae5-4647-9fcb-01b3b6cc3d37] Adding newly assigned partitions: approval-requests-0
2025-01-12T02:53:06.591+01:00  INFO 8664 --- [cashcard-transaction-sink] [container-0-C-1] o.a.k.c.c.internals.ConsumerCoordinator  : [Consumer clientId=consumer-anonymous.b7f2954a-3f77-4288-b489-6f2eb4026e3a-8, groupId=anonymous.b7f2954a-3f77-4288-b489-6f2eb4026e3a] Successfully joined group with generation Generation{generationId=1, memberId='consumer-anonymous.b7f2954a-3f77-4288-b489-6f2eb4026e3a-8-d2f00935-0ddd-42be-ade2-ccf441690981', protocol='range'}
2025-01-12T02:53:06.591+01:00  INFO 8664 --- [cashcard-transaction-sink] [container-0-C-1] o.a.k.c.c.internals.ConsumerCoordinator  : [Consumer clientId=consumer-anonymous.b7f2954a-3f77-4288-b489-6f2eb4026e3a-8, groupId=anonymous.b7f2954a-3f77-4288-b489-6f2eb4026e3a] Finished assignment for group at generation 1: {consumer-anonymous.b7f2954a-3f77-4288-b489-6f2eb4026e3a-8-d2f00935-0ddd-42be-ade2-ccf441690981=Assignment(partitions=[enriched-transactions-0])}
2025-01-12T02:53:06.596+01:00  INFO 8664 --- [cashcard-transaction-sink] [container-0-C-1] o.a.k.c.c.internals.ConsumerCoordinator  : [Consumer clientId=consumer-anonymous.b7f2954a-3f77-4288-b489-6f2eb4026e3a-8, groupId=anonymous.b7f2954a-3f77-4288-b489-6f2eb4026e3a] Successfully synced group in generation Generation{generationId=1, memberId='consumer-anonymous.b7f2954a-3f77-4288-b489-6f2eb4026e3a-8-d2f00935-0ddd-42be-ade2-ccf441690981', protocol='range'}
2025-01-12T02:53:06.596+01:00  INFO 8664 --- [cashcard-transaction-sink] [container-0-C-1] o.a.k.c.c.internals.ConsumerCoordinator  : [Consumer clientId=consumer-anonymous.b7f2954a-3f77-4288-b489-6f2eb4026e3a-8, groupId=anonymous.b7f2954a-3f77-4288-b489-6f2eb4026e3a] Notifying assignor about the new Assignment(partitions=[enriched-transactions-0])
2025-01-12T02:53:06.596+01:00  INFO 8664 --- [cashcard-transaction-sink] [container-0-C-1] k.c.c.i.ConsumerRebalanceListenerInvoker : [Consumer clientId=consumer-anonymous.b7f2954a-3f77-4288-b489-6f2eb4026e3a-8, groupId=anonymous.b7f2954a-3f77-4288-b489-6f2eb4026e3a] Adding newly assigned partitions: enriched-transactions-0
2025-01-12T02:53:06.599+01:00  INFO 8664 --- [cashcard-transaction-sink] [container-0-C-1] o.a.k.c.c.internals.ConsumerCoordinator  : [Consumer clientId=consumer-anonymous.b7f2954a-3f77-4288-b489-6f2eb4026e3a-8, groupId=anonymous.b7f2954a-3f77-4288-b489-6f2eb4026e3a] Found no committed offset for partition enriched-transactions-0
2025-01-12T02:53:06.599+01:00  INFO 8664 --- [cashcard-transaction-sink] [container-0-C-1] o.a.k.c.c.internals.ConsumerCoordinator  : [Consumer clientId=consumer-anonymous.9644030c-3ae5-4647-9fcb-01b3b6cc3d37-6, groupId=anonymous.9644030c-3ae5-4647-9fcb-01b3b6cc3d37] Found no committed offset for partition approval-requests-0
2025-01-12T02:53:06.602+01:00  INFO 8664 --- [cashcard-transaction-sink] [container-0-C-1] o.a.k.c.c.internals.ConsumerCoordinator  : [Consumer clientId=consumer-anonymous.9644030c-3ae5-4647-9fcb-01b3b6cc3d37-6, groupId=anonymous.9644030c-3ae5-4647-9fcb-01b3b6cc3d37] Found no committed offset for partition approval-requests-0
2025-01-12T02:53:06.602+01:00  INFO 8664 --- [cashcard-transaction-sink] [container-0-C-1] o.a.k.c.c.internals.ConsumerCoordinator  : [Consumer clientId=consumer-anonymous.b7f2954a-3f77-4288-b489-6f2eb4026e3a-8, groupId=anonymous.b7f2954a-3f77-4288-b489-6f2eb4026e3a] Found no committed offset for partition enriched-transactions-0
2025-01-12T02:53:06.615+01:00  INFO 8664 --- [cashcard-transaction-sink] [container-0-C-1] o.a.k.c.c.internals.SubscriptionState    : [Consumer clientId=consumer-anonymous.b7f2954a-3f77-4288-b489-6f2eb4026e3a-8, groupId=anonymous.b7f2954a-3f77-4288-b489-6f2eb4026e3a] Resetting offset for partition enriched-transactions-0 to position FetchPosition{offset=0, offsetEpoch=Optional.empty, currentLeader=LeaderAndEpoch{leader=Optional[localhost:59840 (id: 1 rack: null)], epoch=0}}.
2025-01-12T02:53:06.615+01:00  INFO 8664 --- [cashcard-transaction-sink] [container-0-C-1] o.a.k.c.c.internals.SubscriptionState    : [Consumer clientId=consumer-anonymous.9644030c-3ae5-4647-9fcb-01b3b6cc3d37-6, groupId=anonymous.9644030c-3ae5-4647-9fcb-01b3b6cc3d37] Resetting offset for partition approval-requests-0 to position FetchPosition{offset=1, offsetEpoch=Optional.empty, currentLeader=LeaderAndEpoch{leader=Optional[localhost:59840 (id: 1 rack: null)], epoch=0}}.
2025-01-12T02:53:06.641+01:00  INFO 8664 --- [cashcard-transaction-sink] [container-0-C-1] o.s.c.s.b.k.KafkaMessageChannelBinder$2  : anonymous.9644030c-3ae5-4647-9fcb-01b3b6cc3d37: partitions assigned: [approval-requests-0]
2025-01-12T02:53:06.641+01:00  INFO 8664 --- [cashcard-transaction-sink] [container-0-C-1] o.s.c.s.b.k.KafkaMessageChannelBinder$2  : anonymous.b7f2954a-3f77-4288-b489-6f2eb4026e3a: partitions assigned: [enriched-transactions-0]
]]></system-out>
  </testcase>
</testsuite>