<?xml version="1.0" encoding="UTF-8"?>
<testsuite xmlns:xsi="http://www.w3.org/2001/XMLSchema-instance" xsi:noNamespaceSchemaLocation="https://maven.apache.org/surefire/maven-surefire-plugin/xsd/surefire-test-report-3.0.xsd" version="3.0" name="cashcard.e2e.test.CashCardTransactionStreamE2ETests" time="1.027" tests="1" errors="0" skipped="0" failures="0">
  <properties>
[...]
</properties>
  <testcase name="cashCardTransactionStreamEndToEnd" classname="cashcard.e2e.test.CashCardTransactionStreamE2ETests" time="0.133">
    <system-out><![CDATA[
  .   ____          _            __ _ _
 /\\ / ___'_ __ _ _(_)_ __  __ _ \ \ \ \
( ( )\___ | '_ | '_| | '_ \/ _` | \ \ \ \
 \\/  ___)| |_)| | | | | || (_| |  ) ) ) )
  '  |____| .__|_| |_|_| |_\__, | / / / /
 =========|_|==============|___/=/_/_/_/

 :: Spring Boot ::                (v3.4.1)

2025-01-12T02:53:07.451+01:00  INFO 8664 --- [cashcard-transaction-sink] [           main] o.a.z.server.persistence.FileTxnSnapLog  : zookeeper.snapshot.trust.empty : false
2025-01-12T02:53:07.451+01:00  INFO 8664 --- [cashcard-transaction-sink] [           main] o.a.z.server.watch.WatchManagerFactory   : Using org.apache.zookeeper.server.watch.WatchManager as watch manager
2025-01-12T02:53:07.452+01:00  INFO 8664 --- [cashcard-transaction-sink] [           main] o.a.z.server.watch.WatchManagerFactory   : Using org.apache.zookeeper.server.watch.WatchManager as watch manager
2025-01-12T02:53:07.452+01:00  INFO 8664 --- [cashcard-transaction-sink] [           main] org.apache.zookeeper.server.ZKDatabase   : zookeeper.snapshotSizeFactor = 0.33
2025-01-12T02:53:07.452+01:00  INFO 8664 --- [cashcard-transaction-sink] [           main] org.apache.zookeeper.server.ZKDatabase   : zookeeper.commitLogCount=500
2025-01-12T02:53:07.452+01:00  INFO 8664 --- [cashcard-transaction-sink] [           main] o.a.zookeeper.server.ZooKeeperServer     : minSessionTimeout set to 1600 ms
2025-01-12T02:53:07.452+01:00  INFO 8664 --- [cashcard-transaction-sink] [           main] o.a.zookeeper.server.ZooKeeperServer     : maxSessionTimeout set to 16000 ms
2025-01-12T02:53:07.452+01:00  INFO 8664 --- [cashcard-transaction-sink] [           main] o.apache.zookeeper.server.ResponseCache  : getData response cache size is initialized with value 400.
2025-01-12T02:53:07.452+01:00  INFO 8664 --- [cashcard-transaction-sink] [           main] o.apache.zookeeper.server.ResponseCache  : getChildren response cache size is initialized with value 400.
2025-01-12T02:53:07.452+01:00  INFO 8664 --- [cashcard-transaction-sink] [           main] o.a.z.s.u.RequestPathMetricsCollector    : zookeeper.pathStats.slotCapacity = 60
2025-01-12T02:53:07.452+01:00  INFO 8664 --- [cashcard-transaction-sink] [           main] o.a.z.s.u.RequestPathMetricsCollector    : zookeeper.pathStats.slotDuration = 15
2025-01-12T02:53:07.452+01:00  INFO 8664 --- [cashcard-transaction-sink] [           main] o.a.z.s.u.RequestPathMetricsCollector    : zookeeper.pathStats.maxDepth = 6
2025-01-12T02:53:07.452+01:00  INFO 8664 --- [cashcard-transaction-sink] [           main] o.a.z.s.u.RequestPathMetricsCollector    : zookeeper.pathStats.initialDelay = 5
2025-01-12T02:53:07.452+01:00  INFO 8664 --- [cashcard-transaction-sink] [           main] o.a.z.s.u.RequestPathMetricsCollector    : zookeeper.pathStats.delay = 5
2025-01-12T02:53:07.452+01:00  INFO 8664 --- [cashcard-transaction-sink] [           main] o.a.z.s.u.RequestPathMetricsCollector    : zookeeper.pathStats.enabled = false
2025-01-12T02:53:07.452+01:00  INFO 8664 --- [cashcard-transaction-sink] [           main] o.a.zookeeper.server.ZooKeeperServer     : The max bytes for all large requests are set to 104857600
2025-01-12T02:53:07.452+01:00  INFO 8664 --- [cashcard-transaction-sink] [           main] o.a.zookeeper.server.ZooKeeperServer     : The large request threshold is set to -1
2025-01-12T02:53:07.452+01:00  INFO 8664 --- [cashcard-transaction-sink] [           main] o.a.z.server.AuthenticationHelper        : zookeeper.enforce.auth.enabled = false
2025-01-12T02:53:07.452+01:00  INFO 8664 --- [cashcard-transaction-sink] [           main] o.a.z.server.AuthenticationHelper        : zookeeper.enforce.auth.schemes = []
2025-01-12T02:53:07.452+01:00  INFO 8664 --- [cashcard-transaction-sink] [           main] o.a.zookeeper.server.ZooKeeperServer     : Created server with tickTime 800 ms minSessionTimeout 1600 ms maxSessionTimeout 16000 ms clientPortListenBacklog -1 datadir C:\Users\HP\AppData\Local\Temp\kafka-902908663144793173\version-2 snapdir C:\Users\HP\AppData\Local\Temp\kafka-17580713371991350601\version-2
2025-01-12T02:53:07.452+01:00  WARN 8664 --- [cashcard-transaction-sink] [           main] o.a.zookeeper.server.ServerCnxnFactory   : maxCnxns is not configured, using default value 0.
2025-01-12T02:53:07.452+01:00  INFO 8664 --- [cashcard-transaction-sink] [           main] o.a.z.server.NIOServerCnxnFactory        : Configuring NIO connection handler with 10s sessionless connection timeout, 2 selector thread(s), 24 worker threads, and 64 kB direct buffers.
2025-01-12T02:53:07.454+01:00  INFO 8664 --- [cashcard-transaction-sink] [           main] o.a.z.server.NIOServerCnxnFactory        : binding to port /127.0.0.1:0
2025-01-12T02:53:07.456+01:00  INFO 8664 --- [cashcard-transaction-sink] [           main] o.a.z.server.persistence.FileTxnSnapLog  : Snapshotting: 0x0 to C:\Users\HP\AppData\Local\Temp\kafka-17580713371991350601\version-2\snapshot.0
2025-01-12T02:53:07.457+01:00  INFO 8664 --- [cashcard-transaction-sink] [           main] org.apache.zookeeper.server.ZKDatabase   : Snapshot loaded in 1 ms, highest zxid is 0x0, digest is 1371985504
2025-01-12T02:53:07.457+01:00  INFO 8664 --- [cashcard-transaction-sink] [           main] o.a.z.server.persistence.FileTxnSnapLog  : Snapshotting: 0x0 to C:\Users\HP\AppData\Local\Temp\kafka-17580713371991350601\version-2\snapshot.0
2025-01-12T02:53:07.457+01:00  INFO 8664 --- [cashcard-transaction-sink] [           main] o.a.zookeeper.server.ZooKeeperServer     : Snapshot taken in 1 ms
2025-01-12T02:53:07.457+01:00  INFO 8664 --- [cashcard-transaction-sink] [0 cport:59861):] o.a.z.server.PrepRequestProcessor        : PrepRequestProcessor (sid:0) started, reconfigEnabled=false
2025-01-12T02:53:07.459+01:00  INFO 8664 --- [cashcard-transaction-sink] [           main] o.a.k.s.l.r.s.RemoteLogManagerConfig     : RemoteLogManagerConfig values: 
	log.local.retention.bytes = -2
	log.local.retention.ms = -2
	remote.fetch.max.wait.ms = 500
	remote.log.index.file.cache.total.size.bytes = 1073741824
	remote.log.manager.copier.thread.pool.size = 10
	remote.log.manager.copy.max.bytes.per.second = 9223372036854775807
	remote.log.manager.copy.quota.window.num = 11
	remote.log.manager.copy.quota.window.size.seconds = 1
	remote.log.manager.expiration.thread.pool.size = 10
	remote.log.manager.fetch.max.bytes.per.second = 9223372036854775807
	remote.log.manager.fetch.quota.window.num = 11
	remote.log.manager.fetch.quota.window.size.seconds = 1
	remote.log.manager.task.interval.ms = 30000
	remote.log.manager.task.retry.backoff.max.ms = 30000
	remote.log.manager.task.retry.backoff.ms = 500
	remote.log.manager.task.retry.jitter = 0.2
	remote.log.manager.thread.pool.size = 10
	remote.log.metadata.custom.metadata.max.bytes = 128
	remote.log.metadata.manager.class.name = org.apache.kafka.server.log.remote.metadata.storage.TopicBasedRemoteLogMetadataManager
	remote.log.metadata.manager.class.path = null
	remote.log.metadata.manager.impl.prefix = rlmm.config.
	remote.log.metadata.manager.listener.name = null
	remote.log.reader.max.pending.tasks = 100
	remote.log.reader.threads = 10
	remote.log.storage.manager.class.name = null
	remote.log.storage.manager.class.path = null
	remote.log.storage.manager.impl.prefix = rsm.config.
	remote.log.storage.system.enable = false

2025-01-12T02:53:07.462+01:00  INFO 8664 --- [cashcard-transaction-sink] [           main] kafka.server.KafkaServer                 : starting
2025-01-12T02:53:07.462+01:00  INFO 8664 --- [cashcard-transaction-sink] [           main] kafka.server.KafkaServer                 : Connecting to zookeeper on 127.0.0.1:59861
2025-01-12T02:53:07.462+01:00  INFO 8664 --- [cashcard-transaction-sink] [           main] kafka.zookeeper.ZooKeeperClient          : [ZooKeeperClient Kafka server] Initializing a new session to 127.0.0.1:59861.
2025-01-12T02:53:07.462+01:00  INFO 8664 --- [cashcard-transaction-sink] [           main] org.apache.zookeeper.ZooKeeper           : Initiating client connection, connectString=127.0.0.1:59861 sessionTimeout=18000 watcher=kafka.zookeeper.ZooKeeperClient$ZooKeeperClientWatcher$@3e7ac200
2025-01-12T02:53:07.464+01:00  INFO 8664 --- [cashcard-transaction-sink] [           main] org.apache.zookeeper.ClientCnxnSocket    : jute.maxbuffer value is 4194304 Bytes
2025-01-12T02:53:07.464+01:00  INFO 8664 --- [cashcard-transaction-sink] [           main] org.apache.zookeeper.ClientCnxn          : zookeeper.request.timeout value is 0. feature enabled=false
2025-01-12T02:53:07.465+01:00  INFO 8664 --- [cashcard-transaction-sink] [27.0.0.1:59861)] org.apache.zookeeper.ClientCnxn          : Opening socket connection to server /127.0.0.1:59861.
2025-01-12T02:53:07.465+01:00  INFO 8664 --- [cashcard-transaction-sink] [           main] kafka.zookeeper.ZooKeeperClient          : [ZooKeeperClient Kafka server] Waiting until connected.
2025-01-12T02:53:07.465+01:00  INFO 8664 --- [cashcard-transaction-sink] [27.0.0.1:59861)] org.apache.zookeeper.ClientCnxn          : Socket connection established, initiating session, client: /127.0.0.1:59862, server: /127.0.0.1:59861
2025-01-12T02:53:07.466+01:00  INFO 8664 --- [cashcard-transaction-sink] [   SyncThread:0] o.a.z.server.persistence.FileTxnLog      : Creating new log file: log.1
2025-01-12T02:53:07.468+01:00  INFO 8664 --- [cashcard-transaction-sink] [27.0.0.1:59861)] org.apache.zookeeper.ClientCnxn          : Session establishment complete on server /127.0.0.1:59861, session id = 0x100214e01660000, negotiated timeout = 16000
2025-01-12T02:53:07.468+01:00  INFO 8664 --- [cashcard-transaction-sink] [           main] kafka.zookeeper.ZooKeeperClient          : [ZooKeeperClient Kafka server] Connected.
2025-01-12T02:53:07.505+01:00  INFO 8664 --- [cashcard-transaction-sink] [           main] kafka.server.KafkaServer                 : Cluster ID = Rkj1C7eTTZiJ5lzx6NMWPA
2025-01-12T02:53:07.506+01:00  INFO 8664 --- [cashcard-transaction-sink] [           main] o.a.k.s.l.r.s.RemoteLogManagerConfig     : RemoteLogManagerConfig values: 
	log.local.retention.bytes = -2
	log.local.retention.ms = -2
	remote.fetch.max.wait.ms = 500
	remote.log.index.file.cache.total.size.bytes = 1073741824
	remote.log.manager.copier.thread.pool.size = 10
	remote.log.manager.copy.max.bytes.per.second = 9223372036854775807
	remote.log.manager.copy.quota.window.num = 11
	remote.log.manager.copy.quota.window.size.seconds = 1
	remote.log.manager.expiration.thread.pool.size = 10
	remote.log.manager.fetch.max.bytes.per.second = 9223372036854775807
	remote.log.manager.fetch.quota.window.num = 11
	remote.log.manager.fetch.quota.window.size.seconds = 1
	remote.log.manager.task.interval.ms = 30000
	remote.log.manager.task.retry.backoff.max.ms = 30000
	remote.log.manager.task.retry.backoff.ms = 500
	remote.log.manager.task.retry.jitter = 0.2
	remote.log.manager.thread.pool.size = 10
	remote.log.metadata.custom.metadata.max.bytes = 128
	remote.log.metadata.manager.class.name = org.apache.kafka.server.log.remote.metadata.storage.TopicBasedRemoteLogMetadataManager
	remote.log.metadata.manager.class.path = null
	remote.log.metadata.manager.impl.prefix = rlmm.config.
	remote.log.metadata.manager.listener.name = null
	remote.log.reader.max.pending.tasks = 100
	remote.log.reader.threads = 10
	remote.log.storage.manager.class.name = null
	remote.log.storage.manager.class.path = null
	remote.log.storage.manager.impl.prefix = rsm.config.
	remote.log.storage.system.enable = false

2025-01-12T02:53:07.509+01:00  INFO 8664 --- [cashcard-transaction-sink] [           main] o.a.k.s.l.r.s.RemoteLogManagerConfig     : RemoteLogManagerConfig values: 
	log.local.retention.bytes = -2
	log.local.retention.ms = -2
	remote.fetch.max.wait.ms = 500
	remote.log.index.file.cache.total.size.bytes = 1073741824
	remote.log.manager.copier.thread.pool.size = 10
	remote.log.manager.copy.max.bytes.per.second = 9223372036854775807
	remote.log.manager.copy.quota.window.num = 11
	remote.log.manager.copy.quota.window.size.seconds = 1
	remote.log.manager.expiration.thread.pool.size = 10
	remote.log.manager.fetch.max.bytes.per.second = 9223372036854775807
	remote.log.manager.fetch.quota.window.num = 11
	remote.log.manager.fetch.quota.window.size.seconds = 1
	remote.log.manager.task.interval.ms = 30000
	remote.log.manager.task.retry.backoff.max.ms = 30000
	remote.log.manager.task.retry.backoff.ms = 500
	remote.log.manager.task.retry.jitter = 0.2
	remote.log.manager.thread.pool.size = 10
	remote.log.metadata.custom.metadata.max.bytes = 128
	remote.log.metadata.manager.class.name = org.apache.kafka.server.log.remote.metadata.storage.TopicBasedRemoteLogMetadataManager
	remote.log.metadata.manager.class.path = null
	remote.log.metadata.manager.impl.prefix = rlmm.config.
	remote.log.metadata.manager.listener.name = null
	remote.log.reader.max.pending.tasks = 100
	remote.log.reader.threads = 10
	remote.log.storage.manager.class.name = null
	remote.log.storage.manager.class.path = null
	remote.log.storage.manager.impl.prefix = rsm.config.
	remote.log.storage.system.enable = false

2025-01-12T02:53:07.512+01:00  INFO 8664 --- [cashcard-transaction-sink] [           main] o.a.k.s.l.r.s.RemoteLogManagerConfig     : RemoteLogManagerConfig values: 
	log.local.retention.bytes = -2
	log.local.retention.ms = -2
	remote.fetch.max.wait.ms = 500
	remote.log.index.file.cache.total.size.bytes = 1073741824
	remote.log.manager.copier.thread.pool.size = 10
	remote.log.manager.copy.max.bytes.per.second = 9223372036854775807
	remote.log.manager.copy.quota.window.num = 11
	remote.log.manager.copy.quota.window.size.seconds = 1
	remote.log.manager.expiration.thread.pool.size = 10
	remote.log.manager.fetch.max.bytes.per.second = 9223372036854775807
	remote.log.manager.fetch.quota.window.num = 11
	remote.log.manager.fetch.quota.window.size.seconds = 1
	remote.log.manager.task.interval.ms = 30000
	remote.log.manager.task.retry.backoff.max.ms = 30000
	remote.log.manager.task.retry.backoff.ms = 500
	remote.log.manager.task.retry.jitter = 0.2
	remote.log.manager.thread.pool.size = 10
	remote.log.metadata.custom.metadata.max.bytes = 128
	remote.log.metadata.manager.class.name = org.apache.kafka.server.log.remote.metadata.storage.TopicBasedRemoteLogMetadataManager
	remote.log.metadata.manager.class.path = null
	remote.log.metadata.manager.impl.prefix = rlmm.config.
	remote.log.metadata.manager.listener.name = null
	remote.log.reader.max.pending.tasks = 100
	remote.log.reader.threads = 10
	remote.log.storage.manager.class.name = null
	remote.log.storage.manager.class.path = null
	remote.log.storage.manager.impl.prefix = rsm.config.
	remote.log.storage.system.enable = false

2025-01-12T02:53:07.521+01:00  INFO 8664 --- [cashcard-transaction-sink] [nelReaper-Fetch] lientQuotaManager$ThrottledChannelReaper : [ThrottledChannelReaper-Fetch]: Starting
2025-01-12T02:53:07.521+01:00  INFO 8664 --- [cashcard-transaction-sink] [lReaper-Produce] lientQuotaManager$ThrottledChannelReaper : [ThrottledChannelReaper-Produce]: Starting
2025-01-12T02:53:07.521+01:00  INFO 8664 --- [cashcard-transaction-sink] [lReaper-Request] lientQuotaManager$ThrottledChannelReaper : [ThrottledChannelReaper-Request]: Starting
2025-01-12T02:53:07.522+01:00  INFO 8664 --- [cashcard-transaction-sink] [           main] kafka.server.KafkaServer                 : [KafkaServer id=0] Rewriting C:\Users\HP\AppData\Local\Temp\spring.kafka.59fe7301-c536-4a35-953f-fc31afa5423616748842595902603263\meta.properties
2025-01-12T02:53:07.522+01:00  INFO 8664 --- [cashcard-transaction-sink] [trollerMutation] lientQuotaManager$ThrottledChannelReaper : [ThrottledChannelReaper-ControllerMutation]: Starting
2025-01-12T02:53:07.527+01:00  INFO 8664 --- [cashcard-transaction-sink] [           main] kafka.log.LogManager                     : Loading logs from log dirs ArrayBuffer(C:\Users\HP\AppData\Local\Temp\spring.kafka.59fe7301-c536-4a35-953f-fc31afa5423616748842595902603263)
2025-01-12T02:53:07.528+01:00  INFO 8664 --- [cashcard-transaction-sink] [           main] kafka.log.LogManager                     : No logs found to be loaded in C:\Users\HP\AppData\Local\Temp\spring.kafka.59fe7301-c536-4a35-953f-fc31afa5423616748842595902603263
2025-01-12T02:53:07.528+01:00  INFO 8664 --- [cashcard-transaction-sink] [           main] kafka.log.LogManager                     : Loaded 0 logs in 1ms
2025-01-12T02:53:07.529+01:00  INFO 8664 --- [cashcard-transaction-sink] [           main] kafka.log.LogManager                     : Starting log cleanup with a period of 300000 ms.
2025-01-12T02:53:07.529+01:00  INFO 8664 --- [cashcard-transaction-sink] [           main] kafka.log.LogManager                     : Starting log flusher with a default period of 9223372036854775807 ms.
2025-01-12T02:53:07.529+01:00  INFO 8664 --- [cashcard-transaction-sink] [           main] kafka.log.LogCleaner                     : Starting the log cleaner
2025-01-12T02:53:07.535+01:00  INFO 8664 --- [cashcard-transaction-sink] [leaner-thread-0] kafka.log.LogCleaner$CleanerThread       : [kafka-log-cleaner-thread-0]: Starting
2025-01-12T02:53:07.535+01:00  INFO 8664 --- [cashcard-transaction-sink] [-process-thread] stener$ChangeNotificationProcessorThread : [feature-zk-node-event-process-thread]: Starting
2025-01-12T02:53:07.537+01:00  INFO 8664 --- [cashcard-transaction-sink] [-process-thread] k.server.FinalizedFeatureChangeListener  : Feature ZK node at path: /feature does not exist
2025-01-12T02:53:07.539+01:00  INFO 8664 --- [cashcard-transaction-sink] [channel-manager] k.server.NodeToControllerRequestThread   : [zk-broker-0-to-controller-forwarding-channel-manager]: Starting
2025-01-12T02:53:07.556+01:00  INFO 8664 --- [cashcard-transaction-sink] [           main] kafka.network.ConnectionQuotas           : Updated connection-accept-rate max connection creation rate to 2147483647
2025-01-12T02:53:07.558+01:00  INFO 8664 --- [cashcard-transaction-sink] [           main] kafka.network.DataPlaneAcceptor          : Awaiting socket connections on localhost:59863.
2025-01-12T02:53:07.559+01:00  INFO 8664 --- [cashcard-transaction-sink] [           main] kafka.network.DataPlaneAcceptor          : Opened wildcard endpoint localhost:59863
2025-01-12T02:53:07.565+01:00  INFO 8664 --- [cashcard-transaction-sink] [           main] kafka.network.SocketServer               : [SocketServer listenerType=ZK_BROKER, nodeId=0] Created data-plane acceptor and processors for endpoint : ListenerName(PLAINTEXT)
2025-01-12T02:53:07.567+01:00  INFO 8664 --- [cashcard-transaction-sink] [channel-manager] k.server.NodeToControllerRequestThread   : [zk-broker-0-to-controller-alter-partition-channel-manager]: Starting
2025-01-12T02:53:07.569+01:00  INFO 8664 --- [cashcard-transaction-sink] [eaper-0-Produce] perationPurgatory$ExpiredOperationReaper : [ExpirationReaper-0-Produce]: Starting
2025-01-12T02:53:07.569+01:00  INFO 8664 --- [cashcard-transaction-sink] [nReaper-0-Fetch] perationPurgatory$ExpiredOperationReaper : [ExpirationReaper-0-Fetch]: Starting
2025-01-12T02:53:07.569+01:00  INFO 8664 --- [cashcard-transaction-sink] [0-DeleteRecords] perationPurgatory$ExpiredOperationReaper : [ExpirationReaper-0-DeleteRecords]: Starting
2025-01-12T02:53:07.569+01:00  INFO 8664 --- [cashcard-transaction-sink] [r-0-ElectLeader] perationPurgatory$ExpiredOperationReaper : [ExpirationReaper-0-ElectLeader]: Starting
2025-01-12T02:53:07.570+01:00  INFO 8664 --- [cashcard-transaction-sink] [r-0-RemoteFetch] perationPurgatory$ExpiredOperationReaper : [ExpirationReaper-0-RemoteFetch]: Starting
2025-01-12T02:53:07.571+01:00  INFO 8664 --- [cashcard-transaction-sink] [rFailureHandler] k.s.ReplicaManager$LogDirFailureHandler  : [LogDirFailureHandler]: Starting
2025-01-12T02:53:07.571+01:00  INFO 8664 --- [cashcard-transaction-sink] [nSenderThread-0] kafka.server.AddPartitionsToTxnManager   : [AddPartitionsToTxnSenderThread-0]: Starting
2025-01-12T02:53:07.586+01:00  INFO 8664 --- [cashcard-transaction-sink] [           main] kafka.zk.KafkaZkClient                   : Creating /brokers/ids/0 (is it secure? false)
2025-01-12T02:53:07.588+01:00  INFO 8664 --- [cashcard-transaction-sink] [           main] kafka.zk.KafkaZkClient                   : Stat of the created znode at /brokers/ids/0 is: 25,25,1736646787587,1736646787587,1,0,0,72094212952555520,204,0,25

2025-01-12T02:53:07.588+01:00  INFO 8664 --- [cashcard-transaction-sink] [           main] kafka.zk.KafkaZkClient                   : Registered broker 0 at path /brokers/ids/0 with addresses: PLAINTEXT://localhost:59863, czxid (broker epoch): 25
2025-01-12T02:53:07.589+01:00  INFO 8664 --- [cashcard-transaction-sink] [er-event-thread] rollerEventManager$ControllerEventThread : [ControllerEventThread controllerId=0] Starting
2025-01-12T02:53:07.589+01:00  INFO 8664 --- [cashcard-transaction-sink] [nReaper-0-topic] perationPurgatory$ExpiredOperationReaper : [ExpirationReaper-0-topic]: Starting
2025-01-12T02:53:07.589+01:00  INFO 8664 --- [cashcard-transaction-sink] [per-0-Heartbeat] perationPurgatory$ExpiredOperationReaper : [ExpirationReaper-0-Heartbeat]: Starting
2025-01-12T02:53:07.591+01:00  INFO 8664 --- [cashcard-transaction-sink] [per-0-Rebalance] perationPurgatory$ExpiredOperationReaper : [ExpirationReaper-0-Rebalance]: Starting
2025-01-12T02:53:07.591+01:00  INFO 8664 --- [cashcard-transaction-sink] [           main] k.coordinator.group.GroupCoordinator     : [GroupCoordinator 0]: Starting up.
2025-01-12T02:53:07.592+01:00  INFO 8664 --- [cashcard-transaction-sink] [           main] k.coordinator.group.GroupCoordinator     : [GroupCoordinator 0]: Startup complete.
2025-01-12T02:53:07.593+01:00  INFO 8664 --- [cashcard-transaction-sink] [er-event-thread] kafka.zk.KafkaZkClient                   : Successfully created /controller_epoch with initial epoch 0
2025-01-12T02:53:07.595+01:00  INFO 8664 --- [cashcard-transaction-sink] [           main] k.c.transaction.TransactionCoordinator   : [TransactionCoordinator id=0] Starting up.
2025-01-12T02:53:07.596+01:00  INFO 8664 --- [cashcard-transaction-sink] [er-event-thread] kafka.controller.KafkaController         : [Controller id=0] 0 successfully elected as the controller. Epoch incremented to 1 and epoch zk version is now 1
2025-01-12T02:53:07.597+01:00  INFO 8664 --- [cashcard-transaction-sink] [er-event-thread] kafka.controller.KafkaController         : [Controller id=0] Creating FeatureZNode at path: /feature with contents: FeatureZNode(2,Enabled,Map())
2025-01-12T02:53:07.597+01:00  INFO 8664 --- [cashcard-transaction-sink] [           main] k.c.transaction.TransactionCoordinator   : [TransactionCoordinator id=0] Startup complete.
2025-01-12T02:53:07.597+01:00  INFO 8664 --- [cashcard-transaction-sink] [rSenderThread-0] k.c.t.TransactionMarkerChannelManager    : [TxnMarkerSenderThread-0]: Starting
2025-01-12T02:53:07.598+01:00  INFO 8664 --- [cashcard-transaction-sink] [ain-EventThread] k.server.FinalizedFeatureChangeListener  : Feature ZK node created at path: /feature
2025-01-12T02:53:07.598+01:00  INFO 8664 --- [cashcard-transaction-sink] [per-0-AlterAcls] perationPurgatory$ExpiredOperationReaper : [ExpirationReaper-0-AlterAcls]: Starting
2025-01-12T02:53:07.599+01:00  INFO 8664 --- [cashcard-transaction-sink] [er-event-thread] kafka.controller.KafkaController         : [Controller id=0] Registering handlers
2025-01-12T02:53:07.599+01:00  INFO 8664 --- [cashcard-transaction-sink] [-process-thread] kafka.server.metadata.ZkMetadataCache    : [MetadataCache brokerId=0] Updated cache from existing None to latest Features(metadataVersion=3.8-IV0, finalizedFeatures={}, finalizedFeaturesEpoch=0).
2025-01-12T02:53:07.601+01:00  INFO 8664 --- [cashcard-transaction-sink] [er-event-thread] kafka.controller.KafkaController         : [Controller id=0] Deleting log dir event notifications
2025-01-12T02:53:07.601+01:00  INFO 8664 --- [cashcard-transaction-sink] [-process-thread] icationListener$ChangeEventProcessThread : [/config/changes-event-process-thread]: Starting
2025-01-12T02:53:07.601+01:00  INFO 8664 --- [cashcard-transaction-sink] [er-event-thread] kafka.controller.KafkaController         : [Controller id=0] Deleting isr change notifications
2025-01-12T02:53:07.602+01:00  INFO 8664 --- [cashcard-transaction-sink] [er-event-thread] kafka.controller.KafkaController         : [Controller id=0] Initializing controller context
2025-01-12T02:53:07.605+01:00  INFO 8664 --- [cashcard-transaction-sink] [er-event-thread] kafka.controller.KafkaController         : [Controller id=0] Initialized broker epochs cache: HashMap(0 -> 25)
2025-01-12T02:53:07.606+01:00  INFO 8664 --- [cashcard-transaction-sink] [           main] kafka.network.SocketServer               : [SocketServer listenerType=ZK_BROKER, nodeId=0] Enabling request processing.
2025-01-12T02:53:07.606+01:00  INFO 8664 --- [cashcard-transaction-sink] [           main] kafka.server.KafkaServer                 : [KafkaServer id=0] Start processing authorizer futures
2025-01-12T02:53:07.606+01:00  INFO 8664 --- [cashcard-transaction-sink] [           main] kafka.server.KafkaServer                 : [KafkaServer id=0] End processing authorizer futures
2025-01-12T02:53:07.606+01:00  INFO 8664 --- [cashcard-transaction-sink] [           main] kafka.server.KafkaServer                 : [KafkaServer id=0] Start processing enable request processing future
2025-01-12T02:53:07.606+01:00  INFO 8664 --- [cashcard-transaction-sink] [           main] kafka.server.KafkaServer                 : [KafkaServer id=0] End processing enable request processing future
2025-01-12T02:53:07.607+01:00  INFO 8664 --- [cashcard-transaction-sink] [           main] o.a.kafka.common.utils.AppInfoParser     : The mbean of App info: [kafka.server], id: [0] already exists, so skipping a new mbean creation.
2025-01-12T02:53:07.607+01:00  INFO 8664 --- [cashcard-transaction-sink] [           main] kafka.server.KafkaServer                 : [KafkaServer id=0] started
2025-01-12T02:53:07.607+01:00  INFO 8664 --- [cashcard-transaction-sink] [           main] o.a.k.clients.admin.AdminClientConfig    : AdminClientConfig values: 
	auto.include.jmx.reporter = true
	bootstrap.controllers = []
	bootstrap.servers = [127.0.0.1:59863]
	client.dns.lookup = use_all_dns_ips
	client.id = 
	connections.max.idle.ms = 300000
	default.api.timeout.ms = 60000
	enable.metrics.push = true
	metadata.max.age.ms = 300000
	metadata.recovery.strategy = none
	metric.reporters = []
	metrics.num.samples = 2
	metrics.recording.level = INFO
	metrics.sample.window.ms = 30000
	receive.buffer.bytes = 65536
	reconnect.backoff.max.ms = 1000
	reconnect.backoff.ms = 50
	request.timeout.ms = 30000
	retries = 2147483647
	retry.backoff.max.ms = 1000
	retry.backoff.ms = 100
	sasl.client.callback.handler.class = null
	sasl.jaas.config = null
	sasl.kerberos.kinit.cmd = /usr/bin/kinit
	sasl.kerberos.min.time.before.relogin = 60000
	sasl.kerberos.service.name = null
	sasl.kerberos.ticket.renew.jitter = 0.05
	sasl.kerberos.ticket.renew.window.factor = 0.8
	sasl.login.callback.handler.class = null
	sasl.login.class = null
	sasl.login.connect.timeout.ms = null
	sasl.login.read.timeout.ms = null
	sasl.login.refresh.buffer.seconds = 300
	sasl.login.refresh.min.period.seconds = 60
	sasl.login.refresh.window.factor = 0.8
	sasl.login.refresh.window.jitter = 0.05
	sasl.login.retry.backoff.max.ms = 10000
	sasl.login.retry.backoff.ms = 100
	sasl.mechanism = GSSAPI
	sasl.oauthbearer.clock.skew.seconds = 30
	sasl.oauthbearer.expected.audience = null
	sasl.oauthbearer.expected.issuer = null
	sasl.oauthbearer.jwks.endpoint.refresh.ms = 3600000
	sasl.oauthbearer.jwks.endpoint.retry.backoff.max.ms = 10000
	sasl.oauthbearer.jwks.endpoint.retry.backoff.ms = 100
	sasl.oauthbearer.jwks.endpoint.url = null
	sasl.oauthbearer.scope.claim.name = scope
	sasl.oauthbearer.sub.claim.name = sub
	sasl.oauthbearer.token.endpoint.url = null
	security.protocol = PLAINTEXT
	security.providers = null
	send.buffer.bytes = 131072
	socket.connection.setup.timeout.max.ms = 30000
	socket.connection.setup.timeout.ms = 10000
	ssl.cipher.suites = null
	ssl.enabled.protocols = [TLSv1.2, TLSv1.3]
	ssl.endpoint.identification.algorithm = https
	ssl.engine.factory.class = null
	ssl.key.password = null
	ssl.keymanager.algorithm = SunX509
	ssl.keystore.certificate.chain = null
	ssl.keystore.key = null
	ssl.keystore.location = null
	ssl.keystore.password = null
	ssl.keystore.type = JKS
	ssl.protocol = TLSv1.3
	ssl.provider = null
	ssl.secure.random.implementation = null
	ssl.trustmanager.algorithm = PKIX
	ssl.truststore.certificates = null
	ssl.truststore.location = null
	ssl.truststore.password = null
	ssl.truststore.type = JKS

2025-01-12T02:53:07.611+01:00  INFO 8664 --- [cashcard-transaction-sink] [           main] o.a.kafka.common.utils.AppInfoParser     : Kafka version: 3.8.1
2025-01-12T02:53:07.611+01:00  INFO 8664 --- [cashcard-transaction-sink] [           main] o.a.kafka.common.utils.AppInfoParser     : Kafka commitId: 70d6ff42debf7e17
2025-01-12T02:53:07.611+01:00  INFO 8664 --- [cashcard-transaction-sink] [           main] o.a.kafka.common.utils.AppInfoParser     : Kafka startTimeMs: 1736646787611
2025-01-12T02:53:07.611+01:00  INFO 8664 --- [cashcard-transaction-sink] [er-event-thread] kafka.controller.KafkaController         : [Controller id=0] Currently active brokers in the cluster: Set(0)
2025-01-12T02:53:07.611+01:00  INFO 8664 --- [cashcard-transaction-sink] [er-event-thread] kafka.controller.KafkaController         : [Controller id=0] Currently shutting brokers in the cluster: HashSet()
2025-01-12T02:53:07.611+01:00  INFO 8664 --- [cashcard-transaction-sink] [er-event-thread] kafka.controller.KafkaController         : [Controller id=0] Current list of topics in the cluster: HashSet()
2025-01-12T02:53:07.611+01:00  INFO 8664 --- [cashcard-transaction-sink] [er-event-thread] kafka.controller.KafkaController         : [Controller id=0] Fetching topic deletions in progress
2025-01-12T02:53:07.611+01:00  INFO 8664 --- [cashcard-transaction-sink] [r-0-send-thread] kafka.controller.RequestSendThread       : [RequestSendThread controllerId=0] Starting
2025-01-12T02:53:07.611+01:00  INFO 8664 --- [cashcard-transaction-sink] [ adminclient-10] o.a.kafka.common.utils.AppInfoParser     : App info kafka.admin.client for adminclient-10 unregistered
2025-01-12T02:53:07.612+01:00  INFO 8664 --- [cashcard-transaction-sink] [ adminclient-10] o.apache.kafka.common.metrics.Metrics    : Metrics scheduler closed
2025-01-12T02:53:07.612+01:00  INFO 8664 --- [cashcard-transaction-sink] [ adminclient-10] o.apache.kafka.common.metrics.Metrics    : Closing reporter org.apache.kafka.common.metrics.JmxReporter
2025-01-12T02:53:07.612+01:00  INFO 8664 --- [cashcard-transaction-sink] [ adminclient-10] o.apache.kafka.common.metrics.Metrics    : Metrics reporters closed
2025-01-12T02:53:07.612+01:00  INFO 8664 --- [cashcard-transaction-sink] [er-event-thread] kafka.controller.KafkaController         : [Controller id=0] List of topics to be deleted: 
2025-01-12T02:53:07.612+01:00  INFO 8664 --- [cashcard-transaction-sink] [er-event-thread] kafka.controller.KafkaController         : [Controller id=0] List of topics ineligible for deletion: 
2025-01-12T02:53:07.612+01:00  INFO 8664 --- [cashcard-transaction-sink] [er-event-thread] kafka.controller.KafkaController         : [Controller id=0] Initializing topic deletion manager
2025-01-12T02:53:07.612+01:00  INFO 8664 --- [cashcard-transaction-sink] [er-event-thread] kafka.controller.TopicDeletionManager    : [Topic Deletion Manager 0] Initializing manager with initial deletions: Set(), initial ineligible deletions: HashSet()
2025-01-12T02:53:07.612+01:00  INFO 8664 --- [cashcard-transaction-sink] [er-event-thread] kafka.controller.KafkaController         : [Controller id=0] Sending update metadata request
2025-01-12T02:53:07.612+01:00  INFO 8664 --- [cashcard-transaction-sink] [er-event-thread] state.change.logger                      : [Controller id=0 epoch=1] Sending UpdateMetadata request to brokers HashSet(0) for 0 partitions
2025-01-12T02:53:07.612+01:00  INFO 8664 --- [cashcard-transaction-sink] [er-event-thread] kafka.controller.ZkReplicaStateMachine   : [ReplicaStateMachine controllerId=0] Initializing replica state
2025-01-12T02:53:07.612+01:00  INFO 8664 --- [cashcard-transaction-sink] [er-event-thread] kafka.controller.ZkReplicaStateMachine   : [ReplicaStateMachine controllerId=0] Triggering online replica state changes
2025-01-12T02:53:07.612+01:00  INFO 8664 --- [cashcard-transaction-sink] [er-event-thread] kafka.controller.ZkReplicaStateMachine   : [ReplicaStateMachine controllerId=0] Triggering offline replica state changes
2025-01-12T02:53:07.612+01:00  INFO 8664 --- [cashcard-transaction-sink] [er-event-thread] k.controller.ZkPartitionStateMachine     : [PartitionStateMachine controllerId=0] Initializing partition state
2025-01-12T02:53:07.612+01:00  INFO 8664 --- [cashcard-transaction-sink] [er-event-thread] k.controller.ZkPartitionStateMachine     : [PartitionStateMachine controllerId=0] Triggering online partition state changes
2025-01-12T02:53:07.612+01:00  INFO 8664 --- [cashcard-transaction-sink] [er-event-thread] kafka.controller.KafkaController         : [Controller id=0] Ready to serve as the new controller with epoch 1
2025-01-12T02:53:07.613+01:00  INFO 8664 --- [cashcard-transaction-sink] [r-0-send-thread] kafka.controller.RequestSendThread       : [RequestSendThread controllerId=0] Controller 0 connected to localhost:59863 (id: 0 rack: null) for sending state change requests
2025-01-12T02:53:07.614+01:00  INFO 8664 --- [cashcard-transaction-sink] [er-event-thread] kafka.controller.KafkaController         : [Controller id=0] Partitions undergoing preferred replica election: 
2025-01-12T02:53:07.614+01:00  INFO 8664 --- [cashcard-transaction-sink] [er-event-thread] kafka.controller.KafkaController         : [Controller id=0] Partitions that completed preferred replica election: 
2025-01-12T02:53:07.614+01:00  INFO 8664 --- [cashcard-transaction-sink] [er-event-thread] kafka.controller.KafkaController         : [Controller id=0] Skipping preferred replica election for partitions due to topic deletion: 
2025-01-12T02:53:07.615+01:00  INFO 8664 --- [cashcard-transaction-sink] [er-event-thread] kafka.controller.KafkaController         : [Controller id=0] Resuming preferred replica election for partitions: 
2025-01-12T02:53:07.615+01:00  INFO 8664 --- [cashcard-transaction-sink] [er-event-thread] kafka.controller.KafkaController         : [Controller id=0] Starting replica leader election (PREFERRED) for partitions  triggered by ZkTriggered
2025-01-12T02:53:07.615+01:00  INFO 8664 --- [cashcard-transaction-sink] [           main] c.e.t.CashCardTransactionStreamE2ETests  : Starting CashCardTransactionStreamE2ETests using Java 17.0.12 with PID 8664 (started by HP in D:\mohamed el merjani\java project\event-driven-app\cashcard-transaction-e2e-tests)
2025-01-12T02:53:07.615+01:00  INFO 8664 --- [cashcard-transaction-sink] [           main] c.e.t.CashCardTransactionStreamE2ETests  : No active profile set, falling back to 1 default profile: "default"
2025-01-12T02:53:07.616+01:00  INFO 8664 --- [cashcard-transaction-sink] [er-event-thread] kafka.controller.KafkaController         : [Controller id=0] Starting the controller scheduler
2025-01-12T02:53:07.642+01:00  INFO 8664 --- [cashcard-transaction-sink] [channel-manager] k.server.NodeToControllerRequestThread   : [zk-broker-0-to-controller-forwarding-channel-manager]: Recorded new ZK controller, from now on will use node localhost:59863 (id: 0 rack: null)
2025-01-12T02:53:07.674+01:00  INFO 8664 --- [cashcard-transaction-sink] [channel-manager] k.server.NodeToControllerRequestThread   : [zk-broker-0-to-controller-alter-partition-channel-manager]: Recorded new ZK controller, from now on will use node localhost:59863 (id: 0 rack: null)
2025-01-12T02:53:07.774+01:00  INFO 8664 --- [cashcard-transaction-sink] [           main] faultConfiguringBeanFactoryPostProcessor : No bean named 'errorChannel' has been explicitly defined. Therefore, a default PublishSubscribeChannel will be created.
2025-01-12T02:53:07.774+01:00  INFO 8664 --- [cashcard-transaction-sink] [           main] faultConfiguringBeanFactoryPostProcessor : No bean named 'integrationHeaderChannelRegistry' has been explicitly defined. Therefore, a default DefaultHeaderChannelRegistry will be created.
2025-01-12T02:53:08.013+01:00  INFO 8664 --- [cashcard-transaction-sink] [           main] o.s.c.s.binder.DefaultBinderFactory      : Creating binder: kafka
2025-01-12T02:53:08.013+01:00  INFO 8664 --- [cashcard-transaction-sink] [           main] o.s.c.s.binder.DefaultBinderFactory      : Constructing binder child context for kafka
2025-01-12T02:53:08.056+01:00  INFO 8664 --- [cashcard-transaction-sink] [           main] o.s.c.s.binder.DefaultBinderFactory      : Caching the binder: kafka
2025-01-12T02:53:08.056+01:00  INFO 8664 --- [cashcard-transaction-sink] [           main] o.s.c.s.m.DirectWithAttributesChannel    : Channel 'cashcard-transaction-sink.enrichTransaction-in-0' has 1 subscriber(s).
2025-01-12T02:53:08.057+01:00  INFO 8664 --- [cashcard-transaction-sink] [           main] o.s.c.s.m.DirectWithAttributesChannel    : Channel 'cashcard-transaction-sink.cashCardTransactionFileSink-in-0' has 1 subscriber(s).
2025-01-12T02:53:08.096+01:00  INFO 8664 --- [cashcard-transaction-sink] [           main] o.s.i.endpoint.EventDrivenConsumer       : Adding {logging-channel-adapter:_org.springframework.integration.errorLogger} as a subscriber to the 'errorChannel' channel
2025-01-12T02:53:08.096+01:00  INFO 8664 --- [cashcard-transaction-sink] [           main] o.s.i.channel.PublishSubscribeChannel    : Channel 'cashcard-transaction-sink.errorChannel' has 1 subscriber(s).
2025-01-12T02:53:08.096+01:00  INFO 8664 --- [cashcard-transaction-sink] [           main] o.s.i.endpoint.EventDrivenConsumer       : started bean '_org.springframework.integration.errorLogger'
2025-01-12T02:53:08.096+01:00  INFO 8664 --- [cashcard-transaction-sink] [           main] o.s.i.endpoint.EventDrivenConsumer       : Adding {router} as a subscriber to the 'approvalRequest_integrationflow.channel#0' channel
2025-01-12T02:53:08.096+01:00  INFO 8664 --- [cashcard-transaction-sink] [           main] o.s.integration.channel.DirectChannel    : Channel 'cashcard-transaction-sink.approvalRequest_integrationflow.channel#0' has 1 subscriber(s).
2025-01-12T02:53:08.096+01:00  INFO 8664 --- [cashcard-transaction-sink] [           main] o.s.i.endpoint.EventDrivenConsumer       : started bean 'approvalRequest_integrationflow.org.springframework.integration.config.ConsumerEndpointFactoryBean#0'
2025-01-12T02:53:08.102+01:00  INFO 8664 --- [cashcard-transaction-sink] [           main] o.s.c.s.b.k.p.KafkaTopicProvisioner      : Using kafka topic for outbound: approval-requests
2025-01-12T02:53:08.102+01:00  INFO 8664 --- [cashcard-transaction-sink] [           main] o.a.k.clients.admin.AdminClientConfig    : AdminClientConfig values: 
	auto.include.jmx.reporter = true
	bootstrap.controllers = []
	bootstrap.servers = [127.0.0.1:59863]
	client.dns.lookup = use_all_dns_ips
	client.id = 
	connections.max.idle.ms = 300000
	default.api.timeout.ms = 60000
	enable.metrics.push = true
	metadata.max.age.ms = 300000
	metadata.recovery.strategy = none
	metric.reporters = []
	metrics.num.samples = 2
	metrics.recording.level = INFO
	metrics.sample.window.ms = 30000
	receive.buffer.bytes = 65536
	reconnect.backoff.max.ms = 1000
	reconnect.backoff.ms = 50
	request.timeout.ms = 30000
	retries = 2147483647
	retry.backoff.max.ms = 1000
	retry.backoff.ms = 100
	sasl.client.callback.handler.class = null
	sasl.jaas.config = null
	sasl.kerberos.kinit.cmd = /usr/bin/kinit
	sasl.kerberos.min.time.before.relogin = 60000
	sasl.kerberos.service.name = null
	sasl.kerberos.ticket.renew.jitter = 0.05
	sasl.kerberos.ticket.renew.window.factor = 0.8
	sasl.login.callback.handler.class = null
	sasl.login.class = null
	sasl.login.connect.timeout.ms = null
	sasl.login.read.timeout.ms = null
	sasl.login.refresh.buffer.seconds = 300
	sasl.login.refresh.min.period.seconds = 60
	sasl.login.refresh.window.factor = 0.8
	sasl.login.refresh.window.jitter = 0.05
	sasl.login.retry.backoff.max.ms = 10000
	sasl.login.retry.backoff.ms = 100
	sasl.mechanism = GSSAPI
	sasl.oauthbearer.clock.skew.seconds = 30
	sasl.oauthbearer.expected.audience = null
	sasl.oauthbearer.expected.issuer = null
	sasl.oauthbearer.jwks.endpoint.refresh.ms = 3600000
	sasl.oauthbearer.jwks.endpoint.retry.backoff.max.ms = 10000
	sasl.oauthbearer.jwks.endpoint.retry.backoff.ms = 100
	sasl.oauthbearer.jwks.endpoint.url = null
	sasl.oauthbearer.scope.claim.name = scope
	sasl.oauthbearer.sub.claim.name = sub
	sasl.oauthbearer.token.endpoint.url = null
	security.protocol = PLAINTEXT
	security.providers = null
	send.buffer.bytes = 131072
	socket.connection.setup.timeout.max.ms = 30000
	socket.connection.setup.timeout.ms = 10000
	ssl.cipher.suites = null
	ssl.enabled.protocols = [TLSv1.2, TLSv1.3]
	ssl.endpoint.identification.algorithm = https
	ssl.engine.factory.class = null
	ssl.key.password = null
	ssl.keymanager.algorithm = SunX509
	ssl.keystore.certificate.chain = null
	ssl.keystore.key = null
	ssl.keystore.location = null
	ssl.keystore.password = null
	ssl.keystore.type = JKS
	ssl.protocol = TLSv1.3
	ssl.provider = null
	ssl.secure.random.implementation = null
	ssl.trustmanager.algorithm = PKIX
	ssl.truststore.certificates = null
	ssl.truststore.location = null
	ssl.truststore.password = null
	ssl.truststore.type = JKS

2025-01-12T02:53:08.107+01:00  INFO 8664 --- [cashcard-transaction-sink] [           main] o.a.kafka.common.utils.AppInfoParser     : Kafka version: 3.8.1
2025-01-12T02:53:08.107+01:00  INFO 8664 --- [cashcard-transaction-sink] [           main] o.a.kafka.common.utils.AppInfoParser     : Kafka commitId: 70d6ff42debf7e17
2025-01-12T02:53:08.107+01:00  INFO 8664 --- [cashcard-transaction-sink] [           main] o.a.kafka.common.utils.AppInfoParser     : Kafka startTimeMs: 1736646788107
2025-01-12T02:53:08.118+01:00  INFO 8664 --- [cashcard-transaction-sink] [quest-handler-2] kafka.zk.AdminZkClient                   : Creating topic approval-requests with configuration {} and initial partition assignment HashMap(0 -> ArrayBuffer(0))
2025-01-12T02:53:08.128+01:00  INFO 8664 --- [cashcard-transaction-sink] [er-event-thread] kafka.controller.KafkaController         : [Controller id=0] New topics: [Set(approval-requests)], deleted topics: [HashSet()], new partition replica assignment [Set(TopicIdReplicaAssignment(approval-requests,Some(Pyr8oz7pS8qZE5uXtU1AtQ),Map(approval-requests-0 -> ReplicaAssignment(replicas=0, addingReplicas=, removingReplicas=))))]
2025-01-12T02:53:08.128+01:00  INFO 8664 --- [cashcard-transaction-sink] [er-event-thread] kafka.controller.KafkaController         : [Controller id=0] New partition creation callback for approval-requests-0
2025-01-12T02:53:08.128+01:00  INFO 8664 --- [cashcard-transaction-sink] [er-event-thread] state.change.logger                      : [Controller id=0 epoch=1] Changed partition approval-requests-0 state from NonExistentPartition to NewPartition with assigned replicas 0
2025-01-12T02:53:08.128+01:00  INFO 8664 --- [cashcard-transaction-sink] [er-event-thread] state.change.logger                      : [Controller id=0 epoch=1] Sending UpdateMetadata request to brokers HashSet() for 0 partitions
2025-01-12T02:53:08.128+01:00  INFO 8664 --- [cashcard-transaction-sink] [er-event-thread] state.change.logger                      : [Controller id=0 epoch=1] Sending UpdateMetadata request to brokers HashSet() for 0 partitions
2025-01-12T02:53:08.132+01:00  INFO 8664 --- [cashcard-transaction-sink] [er-event-thread] state.change.logger                      : [Controller id=0 epoch=1] Changed partition approval-requests-0 from NewPartition to OnlinePartition with state LeaderAndIsr(leader=0, leaderEpoch=0, isrWithBrokerEpoch=List(BrokerState(brokerId=0, brokerEpoch=-1)), leaderRecoveryState=RECOVERED, partitionEpoch=0)
2025-01-12T02:53:08.133+01:00  INFO 8664 --- [cashcard-transaction-sink] [er-event-thread] state.change.logger                      : [Controller id=0 epoch=1] Sending LeaderAndIsr request to broker 0 with 1 become-leader and 0 become-follower partitions
2025-01-12T02:53:08.133+01:00  INFO 8664 --- [cashcard-transaction-sink] [er-event-thread] state.change.logger                      : [Controller id=0 epoch=1] Sending UpdateMetadata request to brokers HashSet(0) for 1 partitions
2025-01-12T02:53:08.133+01:00  INFO 8664 --- [cashcard-transaction-sink] [er-event-thread] state.change.logger                      : [Controller id=0 epoch=1] Sending UpdateMetadata request to brokers HashSet() for 0 partitions
2025-01-12T02:53:08.133+01:00  INFO 8664 --- [cashcard-transaction-sink] [quest-handler-1] state.change.logger                      : [Broker id=0] Handling LeaderAndIsr request correlationId 1 from controller 0 for 1 partitions
2025-01-12T02:53:08.134+01:00  INFO 8664 --- [cashcard-transaction-sink] [quest-handler-1] kafka.server.ReplicaFetcherManager       : [ReplicaFetcherManager on broker 0] Removed fetcher for partitions Set(approval-requests-0)
2025-01-12T02:53:08.134+01:00  INFO 8664 --- [cashcard-transaction-sink] [quest-handler-1] state.change.logger                      : [Broker id=0] Stopped fetchers as part of LeaderAndIsr request correlationId 1 from controller 0 epoch 1 as part of the become-leader transition for 1 partitions
2025-01-12T02:53:08.141+01:00  INFO 8664 --- [cashcard-transaction-sink] [quest-handler-1] kafka.log.UnifiedLog$                    : [LogLoader partition=approval-requests-0, dir=C:\Users\HP\AppData\Local\Temp\spring.kafka.59fe7301-c536-4a35-953f-fc31afa5423616748842595902603263] Loading producer state till offset 0 with message format version 2
2025-01-12T02:53:08.141+01:00  INFO 8664 --- [cashcard-transaction-sink] [quest-handler-1] kafka.log.LogManager                     : Created log for partition approval-requests-0 in C:\Users\HP\AppData\Local\Temp\spring.kafka.59fe7301-c536-4a35-953f-fc31afa5423616748842595902603263\approval-requests-0 with properties {}
2025-01-12T02:53:08.141+01:00  INFO 8664 --- [cashcard-transaction-sink] [quest-handler-1] kafka.cluster.Partition                  : [Partition approval-requests-0 broker=0] No checkpointed highwatermark is found for partition approval-requests-0
2025-01-12T02:53:08.141+01:00  INFO 8664 --- [cashcard-transaction-sink] [quest-handler-1] kafka.cluster.Partition                  : [Partition approval-requests-0 broker=0] Log loaded for partition approval-requests-0 with initial high watermark 0
2025-01-12T02:53:08.142+01:00  INFO 8664 --- [cashcard-transaction-sink] [quest-handler-1] state.change.logger                      : [Broker id=0] Leader approval-requests-0 with topic id Some(Pyr8oz7pS8qZE5uXtU1AtQ) starts at leader epoch 0 from offset 0 with partition epoch 0, high watermark 0, ISR [0], adding replicas [] and removing replicas [] . Previous leader None and previous leader epoch was -1.
2025-01-12T02:53:08.145+01:00  INFO 8664 --- [cashcard-transaction-sink] [quest-handler-1] state.change.logger                      : [Broker id=0] Finished LeaderAndIsr request in 12ms correlationId 1 from controller 0 for 1 partitions
2025-01-12T02:53:08.146+01:00  INFO 8664 --- [cashcard-transaction-sink] [quest-handler-7] state.change.logger                      : [Broker id=0] Add 1 partitions and deleted 0 partitions from metadata cache in response to UpdateMetadata request sent by controller 0 epoch 1 with correlation id 2
2025-01-12T02:53:08.148+01:00  WARN 8664 --- [cashcard-transaction-sink] [ adminclient-11] o.a.k.clients.admin.KafkaAdminClient     : [AdminClient clientId=adminclient-11] The DescribeTopicPartitions API is not supported, using Metadata API to describe topics.
2025-01-12T02:53:08.149+01:00  INFO 8664 --- [cashcard-transaction-sink] [ adminclient-11] o.a.kafka.common.utils.AppInfoParser     : App info kafka.admin.client for adminclient-11 unregistered
2025-01-12T02:53:08.150+01:00  INFO 8664 --- [cashcard-transaction-sink] [ adminclient-11] o.apache.kafka.common.metrics.Metrics    : Metrics scheduler closed
2025-01-12T02:53:08.151+01:00  INFO 8664 --- [cashcard-transaction-sink] [ adminclient-11] o.apache.kafka.common.metrics.Metrics    : Closing reporter org.apache.kafka.common.metrics.JmxReporter
2025-01-12T02:53:08.151+01:00  INFO 8664 --- [cashcard-transaction-sink] [ adminclient-11] o.apache.kafka.common.metrics.Metrics    : Metrics reporters closed
2025-01-12T02:53:08.151+01:00  INFO 8664 --- [cashcard-transaction-sink] [           main] o.a.k.clients.producer.ProducerConfig    : Idempotence will be disabled because acks is set to 1, not set to 'all'.
2025-01-12T02:53:08.151+01:00  INFO 8664 --- [cashcard-transaction-sink] [           main] o.a.k.clients.producer.ProducerConfig    : ProducerConfig values: 
	acks = 1
	auto.include.jmx.reporter = true
	batch.size = 16384
	bootstrap.servers = [127.0.0.1:59863]
	buffer.memory = 33554432
	client.dns.lookup = use_all_dns_ips
	client.id = producer-5
	compression.gzip.level = -1
	compression.lz4.level = 9
	compression.type = none
	compression.zstd.level = 3
	connections.max.idle.ms = 540000
	delivery.timeout.ms = 120000
	enable.idempotence = false
	enable.metrics.push = true
	interceptor.classes = []
	key.serializer = class org.apache.kafka.common.serialization.ByteArraySerializer
	linger.ms = 0
	max.block.ms = 60000
	max.in.flight.requests.per.connection = 5
	max.request.size = 1048576
	metadata.max.age.ms = 300000
	metadata.max.idle.ms = 300000
	metadata.recovery.strategy = none
	metric.reporters = []
	metrics.num.samples = 2
	metrics.recording.level = INFO
	metrics.sample.window.ms = 30000
	partitioner.adaptive.partitioning.enable = true
	partitioner.availability.timeout.ms = 0
	partitioner.class = null
	partitioner.ignore.keys = false
	receive.buffer.bytes = 32768
	reconnect.backoff.max.ms = 1000
	reconnect.backoff.ms = 50
	request.timeout.ms = 30000
	retries = 2147483647
	retry.backoff.max.ms = 1000
	retry.backoff.ms = 100
	sasl.client.callback.handler.class = null
	sasl.jaas.config = null
	sasl.kerberos.kinit.cmd = /usr/bin/kinit
	sasl.kerberos.min.time.before.relogin = 60000
	sasl.kerberos.service.name = null
	sasl.kerberos.ticket.renew.jitter = 0.05
	sasl.kerberos.ticket.renew.window.factor = 0.8
	sasl.login.callback.handler.class = null
	sasl.login.class = null
	sasl.login.connect.timeout.ms = null
	sasl.login.read.timeout.ms = null
	sasl.login.refresh.buffer.seconds = 300
	sasl.login.refresh.min.period.seconds = 60
	sasl.login.refresh.window.factor = 0.8
	sasl.login.refresh.window.jitter = 0.05
	sasl.login.retry.backoff.max.ms = 10000
	sasl.login.retry.backoff.ms = 100
	sasl.mechanism = GSSAPI
	sasl.oauthbearer.clock.skew.seconds = 30
	sasl.oauthbearer.expected.audience = null
	sasl.oauthbearer.expected.issuer = null
	sasl.oauthbearer.jwks.endpoint.refresh.ms = 3600000
	sasl.oauthbearer.jwks.endpoint.retry.backoff.max.ms = 10000
	sasl.oauthbearer.jwks.endpoint.retry.backoff.ms = 100
	sasl.oauthbearer.jwks.endpoint.url = null
	sasl.oauthbearer.scope.claim.name = scope
	sasl.oauthbearer.sub.claim.name = sub
	sasl.oauthbearer.token.endpoint.url = null
	security.protocol = PLAINTEXT
	security.providers = null
	send.buffer.bytes = 131072
	socket.connection.setup.timeout.max.ms = 30000
	socket.connection.setup.timeout.ms = 10000
	ssl.cipher.suites = null
	ssl.enabled.protocols = [TLSv1.2, TLSv1.3]
	ssl.endpoint.identification.algorithm = https
	ssl.engine.factory.class = null
	ssl.key.password = null
	ssl.keymanager.algorithm = SunX509
	ssl.keystore.certificate.chain = null
	ssl.keystore.key = null
	ssl.keystore.location = null
	ssl.keystore.password = null
	ssl.keystore.type = JKS
	ssl.protocol = TLSv1.3
	ssl.provider = null
	ssl.secure.random.implementation = null
	ssl.trustmanager.algorithm = PKIX
	ssl.truststore.certificates = null
	ssl.truststore.location = null
	ssl.truststore.password = null
	ssl.truststore.type = JKS
	transaction.timeout.ms = 60000
	transactional.id = null
	value.serializer = class org.apache.kafka.common.serialization.ByteArraySerializer

2025-01-12T02:53:08.151+01:00  INFO 8664 --- [cashcard-transaction-sink] [           main] o.a.k.c.t.i.KafkaMetricsCollector        : initializing Kafka metrics collector
2025-01-12T02:53:08.155+01:00  INFO 8664 --- [cashcard-transaction-sink] [           main] o.a.kafka.common.utils.AppInfoParser     : Kafka version: 3.8.1
2025-01-12T02:53:08.155+01:00  INFO 8664 --- [cashcard-transaction-sink] [           main] o.a.kafka.common.utils.AppInfoParser     : Kafka commitId: 70d6ff42debf7e17
2025-01-12T02:53:08.155+01:00  INFO 8664 --- [cashcard-transaction-sink] [           main] o.a.kafka.common.utils.AppInfoParser     : Kafka startTimeMs: 1736646788155
2025-01-12T02:53:08.158+01:00  INFO 8664 --- [cashcard-transaction-sink] [ad | producer-5] org.apache.kafka.clients.Metadata        : [Producer clientId=producer-5] Cluster ID: Rkj1C7eTTZiJ5lzx6NMWPA
2025-01-12T02:53:08.159+01:00  INFO 8664 --- [cashcard-transaction-sink] [           main] o.s.c.s.m.DirectWithAttributesChannel    : Channel 'cashcard-transaction-sink.approvalRequest-out-0' has 1 subscriber(s).
2025-01-12T02:53:08.164+01:00  INFO 8664 --- [cashcard-transaction-sink] [           main] o.s.c.s.b.k.p.KafkaTopicProvisioner      : Using kafka topic for outbound: enriched-transactions
2025-01-12T02:53:08.164+01:00  INFO 8664 --- [cashcard-transaction-sink] [           main] o.a.k.clients.admin.AdminClientConfig    : AdminClientConfig values: 
	auto.include.jmx.reporter = true
	bootstrap.controllers = []
	bootstrap.servers = [127.0.0.1:59863]
	client.dns.lookup = use_all_dns_ips
	client.id = 
	connections.max.idle.ms = 300000
	default.api.timeout.ms = 60000
	enable.metrics.push = true
	metadata.max.age.ms = 300000
	metadata.recovery.strategy = none
	metric.reporters = []
	metrics.num.samples = 2
	metrics.recording.level = INFO
	metrics.sample.window.ms = 30000
	receive.buffer.bytes = 65536
	reconnect.backoff.max.ms = 1000
	reconnect.backoff.ms = 50
	request.timeout.ms = 30000
	retries = 2147483647
	retry.backoff.max.ms = 1000
	retry.backoff.ms = 100
	sasl.client.callback.handler.class = null
	sasl.jaas.config = null
	sasl.kerberos.kinit.cmd = /usr/bin/kinit
	sasl.kerberos.min.time.before.relogin = 60000
	sasl.kerberos.service.name = null
	sasl.kerberos.ticket.renew.jitter = 0.05
	sasl.kerberos.ticket.renew.window.factor = 0.8
	sasl.login.callback.handler.class = null
	sasl.login.class = null
	sasl.login.connect.timeout.ms = null
	sasl.login.read.timeout.ms = null
	sasl.login.refresh.buffer.seconds = 300
	sasl.login.refresh.min.period.seconds = 60
	sasl.login.refresh.window.factor = 0.8
	sasl.login.refresh.window.jitter = 0.05
	sasl.login.retry.backoff.max.ms = 10000
	sasl.login.retry.backoff.ms = 100
	sasl.mechanism = GSSAPI
	sasl.oauthbearer.clock.skew.seconds = 30
	sasl.oauthbearer.expected.audience = null
	sasl.oauthbearer.expected.issuer = null
	sasl.oauthbearer.jwks.endpoint.refresh.ms = 3600000
	sasl.oauthbearer.jwks.endpoint.retry.backoff.max.ms = 10000
	sasl.oauthbearer.jwks.endpoint.retry.backoff.ms = 100
	sasl.oauthbearer.jwks.endpoint.url = null
	sasl.oauthbearer.scope.claim.name = scope
	sasl.oauthbearer.sub.claim.name = sub
	sasl.oauthbearer.token.endpoint.url = null
	security.protocol = PLAINTEXT
	security.providers = null
	send.buffer.bytes = 131072
	socket.connection.setup.timeout.max.ms = 30000
	socket.connection.setup.timeout.ms = 10000
	ssl.cipher.suites = null
	ssl.enabled.protocols = [TLSv1.2, TLSv1.3]
	ssl.endpoint.identification.algorithm = https
	ssl.engine.factory.class = null
	ssl.key.password = null
	ssl.keymanager.algorithm = SunX509
	ssl.keystore.certificate.chain = null
	ssl.keystore.key = null
	ssl.keystore.location = null
	ssl.keystore.password = null
	ssl.keystore.type = JKS
	ssl.protocol = TLSv1.3
	ssl.provider = null
	ssl.secure.random.implementation = null
	ssl.trustmanager.algorithm = PKIX
	ssl.truststore.certificates = null
	ssl.truststore.location = null
	ssl.truststore.password = null
	ssl.truststore.type = JKS

2025-01-12T02:53:08.167+01:00  INFO 8664 --- [cashcard-transaction-sink] [           main] o.a.kafka.common.utils.AppInfoParser     : Kafka version: 3.8.1
2025-01-12T02:53:08.167+01:00  INFO 8664 --- [cashcard-transaction-sink] [           main] o.a.kafka.common.utils.AppInfoParser     : Kafka commitId: 70d6ff42debf7e17
2025-01-12T02:53:08.167+01:00  INFO 8664 --- [cashcard-transaction-sink] [           main] o.a.kafka.common.utils.AppInfoParser     : Kafka startTimeMs: 1736646788167
2025-01-12T02:53:08.180+01:00  INFO 8664 --- [cashcard-transaction-sink] [quest-handler-0] kafka.zk.AdminZkClient                   : Creating topic enriched-transactions with configuration {} and initial partition assignment HashMap(0 -> ArrayBuffer(0))
2025-01-12T02:53:08.188+01:00  INFO 8664 --- [cashcard-transaction-sink] [er-event-thread] kafka.controller.KafkaController         : [Controller id=0] New topics: [Set(enriched-transactions)], deleted topics: [HashSet()], new partition replica assignment [Set(TopicIdReplicaAssignment(enriched-transactions,Some(ZdpaGKr9TWalp6EenchYjA),Map(enriched-transactions-0 -> ReplicaAssignment(replicas=0, addingReplicas=, removingReplicas=))))]
2025-01-12T02:53:08.189+01:00  INFO 8664 --- [cashcard-transaction-sink] [er-event-thread] kafka.controller.KafkaController         : [Controller id=0] New partition creation callback for enriched-transactions-0
2025-01-12T02:53:08.189+01:00  INFO 8664 --- [cashcard-transaction-sink] [er-event-thread] state.change.logger                      : [Controller id=0 epoch=1] Changed partition enriched-transactions-0 state from NonExistentPartition to NewPartition with assigned replicas 0
2025-01-12T02:53:08.189+01:00  INFO 8664 --- [cashcard-transaction-sink] [er-event-thread] state.change.logger                      : [Controller id=0 epoch=1] Sending UpdateMetadata request to brokers HashSet() for 0 partitions
2025-01-12T02:53:08.189+01:00  INFO 8664 --- [cashcard-transaction-sink] [er-event-thread] state.change.logger                      : [Controller id=0 epoch=1] Sending UpdateMetadata request to brokers HashSet() for 0 partitions
2025-01-12T02:53:08.194+01:00  INFO 8664 --- [cashcard-transaction-sink] [er-event-thread] state.change.logger                      : [Controller id=0 epoch=1] Changed partition enriched-transactions-0 from NewPartition to OnlinePartition with state LeaderAndIsr(leader=0, leaderEpoch=0, isrWithBrokerEpoch=List(BrokerState(brokerId=0, brokerEpoch=-1)), leaderRecoveryState=RECOVERED, partitionEpoch=0)
2025-01-12T02:53:08.194+01:00  INFO 8664 --- [cashcard-transaction-sink] [er-event-thread] state.change.logger                      : [Controller id=0 epoch=1] Sending LeaderAndIsr request to broker 0 with 1 become-leader and 0 become-follower partitions
2025-01-12T02:53:08.195+01:00  INFO 8664 --- [cashcard-transaction-sink] [er-event-thread] state.change.logger                      : [Controller id=0 epoch=1] Sending UpdateMetadata request to brokers HashSet(0) for 1 partitions
2025-01-12T02:53:08.195+01:00  INFO 8664 --- [cashcard-transaction-sink] [er-event-thread] state.change.logger                      : [Controller id=0 epoch=1] Sending UpdateMetadata request to brokers HashSet() for 0 partitions
2025-01-12T02:53:08.195+01:00  INFO 8664 --- [cashcard-transaction-sink] [quest-handler-3] state.change.logger                      : [Broker id=0] Handling LeaderAndIsr request correlationId 3 from controller 0 for 1 partitions
2025-01-12T02:53:08.195+01:00  INFO 8664 --- [cashcard-transaction-sink] [quest-handler-3] kafka.server.ReplicaFetcherManager       : [ReplicaFetcherManager on broker 0] Removed fetcher for partitions Set(enriched-transactions-0)
2025-01-12T02:53:08.195+01:00  INFO 8664 --- [cashcard-transaction-sink] [quest-handler-3] state.change.logger                      : [Broker id=0] Stopped fetchers as part of LeaderAndIsr request correlationId 3 from controller 0 epoch 1 as part of the become-leader transition for 1 partitions
2025-01-12T02:53:08.201+01:00  INFO 8664 --- [cashcard-transaction-sink] [quest-handler-3] kafka.log.UnifiedLog$                    : [LogLoader partition=enriched-transactions-0, dir=C:\Users\HP\AppData\Local\Temp\spring.kafka.59fe7301-c536-4a35-953f-fc31afa5423616748842595902603263] Loading producer state till offset 0 with message format version 2
2025-01-12T02:53:08.201+01:00  INFO 8664 --- [cashcard-transaction-sink] [quest-handler-3] kafka.log.LogManager                     : Created log for partition enriched-transactions-0 in C:\Users\HP\AppData\Local\Temp\spring.kafka.59fe7301-c536-4a35-953f-fc31afa5423616748842595902603263\enriched-transactions-0 with properties {}
2025-01-12T02:53:08.202+01:00  INFO 8664 --- [cashcard-transaction-sink] [quest-handler-3] kafka.cluster.Partition                  : [Partition enriched-transactions-0 broker=0] No checkpointed highwatermark is found for partition enriched-transactions-0
2025-01-12T02:53:08.202+01:00  INFO 8664 --- [cashcard-transaction-sink] [quest-handler-3] kafka.cluster.Partition                  : [Partition enriched-transactions-0 broker=0] Log loaded for partition enriched-transactions-0 with initial high watermark 0
2025-01-12T02:53:08.202+01:00  INFO 8664 --- [cashcard-transaction-sink] [quest-handler-3] state.change.logger                      : [Broker id=0] Leader enriched-transactions-0 with topic id Some(ZdpaGKr9TWalp6EenchYjA) starts at leader epoch 0 from offset 0 with partition epoch 0, high watermark 0, ISR [0], adding replicas [] and removing replicas [] . Previous leader None and previous leader epoch was -1.
2025-01-12T02:53:08.205+01:00  INFO 8664 --- [cashcard-transaction-sink] [quest-handler-3] state.change.logger                      : [Broker id=0] Finished LeaderAndIsr request in 10ms correlationId 3 from controller 0 for 1 partitions
2025-01-12T02:53:08.206+01:00  INFO 8664 --- [cashcard-transaction-sink] [quest-handler-5] state.change.logger                      : [Broker id=0] Add 1 partitions and deleted 0 partitions from metadata cache in response to UpdateMetadata request sent by controller 0 epoch 1 with correlation id 4
2025-01-12T02:53:08.208+01:00  WARN 8664 --- [cashcard-transaction-sink] [ adminclient-12] o.a.k.clients.admin.KafkaAdminClient     : [AdminClient clientId=adminclient-12] The DescribeTopicPartitions API is not supported, using Metadata API to describe topics.
2025-01-12T02:53:08.209+01:00  INFO 8664 --- [cashcard-transaction-sink] [ adminclient-12] o.a.kafka.common.utils.AppInfoParser     : App info kafka.admin.client for adminclient-12 unregistered
2025-01-12T02:53:08.210+01:00  INFO 8664 --- [cashcard-transaction-sink] [ adminclient-12] o.apache.kafka.common.metrics.Metrics    : Metrics scheduler closed
2025-01-12T02:53:08.211+01:00  INFO 8664 --- [cashcard-transaction-sink] [ adminclient-12] o.apache.kafka.common.metrics.Metrics    : Closing reporter org.apache.kafka.common.metrics.JmxReporter
2025-01-12T02:53:08.211+01:00  INFO 8664 --- [cashcard-transaction-sink] [ adminclient-12] o.apache.kafka.common.metrics.Metrics    : Metrics reporters closed
2025-01-12T02:53:08.211+01:00  INFO 8664 --- [cashcard-transaction-sink] [           main] o.a.k.clients.producer.ProducerConfig    : Idempotence will be disabled because acks is set to 1, not set to 'all'.
2025-01-12T02:53:08.211+01:00  INFO 8664 --- [cashcard-transaction-sink] [           main] o.a.k.clients.producer.ProducerConfig    : ProducerConfig values: 
	acks = 1
	auto.include.jmx.reporter = true
	batch.size = 16384
	bootstrap.servers = [127.0.0.1:59863]
	buffer.memory = 33554432
	client.dns.lookup = use_all_dns_ips
	client.id = producer-6
	compression.gzip.level = -1
	compression.lz4.level = 9
	compression.type = none
	compression.zstd.level = 3
	connections.max.idle.ms = 540000
	delivery.timeout.ms = 120000
	enable.idempotence = false
	enable.metrics.push = true
	interceptor.classes = []
	key.serializer = class org.apache.kafka.common.serialization.ByteArraySerializer
	linger.ms = 0
	max.block.ms = 60000
	max.in.flight.requests.per.connection = 5
	max.request.size = 1048576
	metadata.max.age.ms = 300000
	metadata.max.idle.ms = 300000
	metadata.recovery.strategy = none
	metric.reporters = []
	metrics.num.samples = 2
	metrics.recording.level = INFO
	metrics.sample.window.ms = 30000
	partitioner.adaptive.partitioning.enable = true
	partitioner.availability.timeout.ms = 0
	partitioner.class = null
	partitioner.ignore.keys = false
	receive.buffer.bytes = 32768
	reconnect.backoff.max.ms = 1000
	reconnect.backoff.ms = 50
	request.timeout.ms = 30000
	retries = 2147483647
	retry.backoff.max.ms = 1000
	retry.backoff.ms = 100
	sasl.client.callback.handler.class = null
	sasl.jaas.config = null
	sasl.kerberos.kinit.cmd = /usr/bin/kinit
	sasl.kerberos.min.time.before.relogin = 60000
	sasl.kerberos.service.name = null
	sasl.kerberos.ticket.renew.jitter = 0.05
	sasl.kerberos.ticket.renew.window.factor = 0.8
	sasl.login.callback.handler.class = null
	sasl.login.class = null
	sasl.login.connect.timeout.ms = null
	sasl.login.read.timeout.ms = null
	sasl.login.refresh.buffer.seconds = 300
	sasl.login.refresh.min.period.seconds = 60
	sasl.login.refresh.window.factor = 0.8
	sasl.login.refresh.window.jitter = 0.05
	sasl.login.retry.backoff.max.ms = 10000
	sasl.login.retry.backoff.ms = 100
	sasl.mechanism = GSSAPI
	sasl.oauthbearer.clock.skew.seconds = 30
	sasl.oauthbearer.expected.audience = null
	sasl.oauthbearer.expected.issuer = null
	sasl.oauthbearer.jwks.endpoint.refresh.ms = 3600000
	sasl.oauthbearer.jwks.endpoint.retry.backoff.max.ms = 10000
	sasl.oauthbearer.jwks.endpoint.retry.backoff.ms = 100
	sasl.oauthbearer.jwks.endpoint.url = null
	sasl.oauthbearer.scope.claim.name = scope
	sasl.oauthbearer.sub.claim.name = sub
	sasl.oauthbearer.token.endpoint.url = null
	security.protocol = PLAINTEXT
	security.providers = null
	send.buffer.bytes = 131072
	socket.connection.setup.timeout.max.ms = 30000
	socket.connection.setup.timeout.ms = 10000
	ssl.cipher.suites = null
	ssl.enabled.protocols = [TLSv1.2, TLSv1.3]
	ssl.endpoint.identification.algorithm = https
	ssl.engine.factory.class = null
	ssl.key.password = null
	ssl.keymanager.algorithm = SunX509
	ssl.keystore.certificate.chain = null
	ssl.keystore.key = null
	ssl.keystore.location = null
	ssl.keystore.password = null
	ssl.keystore.type = JKS
	ssl.protocol = TLSv1.3
	ssl.provider = null
	ssl.secure.random.implementation = null
	ssl.trustmanager.algorithm = PKIX
	ssl.truststore.certificates = null
	ssl.truststore.location = null
	ssl.truststore.password = null
	ssl.truststore.type = JKS
	transaction.timeout.ms = 60000
	transactional.id = null
	value.serializer = class org.apache.kafka.common.serialization.ByteArraySerializer

2025-01-12T02:53:08.211+01:00  INFO 8664 --- [cashcard-transaction-sink] [           main] o.a.k.c.t.i.KafkaMetricsCollector        : initializing Kafka metrics collector
2025-01-12T02:53:08.215+01:00  INFO 8664 --- [cashcard-transaction-sink] [           main] o.a.kafka.common.utils.AppInfoParser     : Kafka version: 3.8.1
2025-01-12T02:53:08.215+01:00  INFO 8664 --- [cashcard-transaction-sink] [           main] o.a.kafka.common.utils.AppInfoParser     : Kafka commitId: 70d6ff42debf7e17
2025-01-12T02:53:08.215+01:00  INFO 8664 --- [cashcard-transaction-sink] [           main] o.a.kafka.common.utils.AppInfoParser     : Kafka startTimeMs: 1736646788215
2025-01-12T02:53:08.218+01:00  INFO 8664 --- [cashcard-transaction-sink] [ad | producer-6] org.apache.kafka.clients.Metadata        : [Producer clientId=producer-6] Cluster ID: Rkj1C7eTTZiJ5lzx6NMWPA
2025-01-12T02:53:08.219+01:00  INFO 8664 --- [cashcard-transaction-sink] [           main] o.s.c.s.m.DirectWithAttributesChannel    : Channel 'cashcard-transaction-sink.enrichTransaction-out-0' has 1 subscriber(s).
2025-01-12T02:53:08.219+01:00  INFO 8664 --- [cashcard-transaction-sink] [           main] o.s.i.e.SourcePollingChannelAdapter      : started bean 'approvalRequest-out-0_spca'
2025-01-12T02:53:08.225+01:00  INFO 8664 --- [cashcard-transaction-sink] [           main] o.a.k.clients.admin.AdminClientConfig    : AdminClientConfig values: 
	auto.include.jmx.reporter = true
	bootstrap.controllers = []
	bootstrap.servers = [127.0.0.1:59863]
	client.dns.lookup = use_all_dns_ips
	client.id = 
	connections.max.idle.ms = 300000
	default.api.timeout.ms = 60000
	enable.metrics.push = true
	metadata.max.age.ms = 300000
	metadata.recovery.strategy = none
	metric.reporters = []
	metrics.num.samples = 2
	metrics.recording.level = INFO
	metrics.sample.window.ms = 30000
	receive.buffer.bytes = 65536
	reconnect.backoff.max.ms = 1000
	reconnect.backoff.ms = 50
	request.timeout.ms = 30000
	retries = 2147483647
	retry.backoff.max.ms = 1000
	retry.backoff.ms = 100
	sasl.client.callback.handler.class = null
	sasl.jaas.config = null
	sasl.kerberos.kinit.cmd = /usr/bin/kinit
	sasl.kerberos.min.time.before.relogin = 60000
	sasl.kerberos.service.name = null
	sasl.kerberos.ticket.renew.jitter = 0.05
	sasl.kerberos.ticket.renew.window.factor = 0.8
	sasl.login.callback.handler.class = null
	sasl.login.class = null
	sasl.login.connect.timeout.ms = null
	sasl.login.read.timeout.ms = null
	sasl.login.refresh.buffer.seconds = 300
	sasl.login.refresh.min.period.seconds = 60
	sasl.login.refresh.window.factor = 0.8
	sasl.login.refresh.window.jitter = 0.05
	sasl.login.retry.backoff.max.ms = 10000
	sasl.login.retry.backoff.ms = 100
	sasl.mechanism = GSSAPI
	sasl.oauthbearer.clock.skew.seconds = 30
	sasl.oauthbearer.expected.audience = null
	sasl.oauthbearer.expected.issuer = null
	sasl.oauthbearer.jwks.endpoint.refresh.ms = 3600000
	sasl.oauthbearer.jwks.endpoint.retry.backoff.max.ms = 10000
	sasl.oauthbearer.jwks.endpoint.retry.backoff.ms = 100
	sasl.oauthbearer.jwks.endpoint.url = null
	sasl.oauthbearer.scope.claim.name = scope
	sasl.oauthbearer.sub.claim.name = sub
	sasl.oauthbearer.token.endpoint.url = null
	security.protocol = PLAINTEXT
	security.providers = null
	send.buffer.bytes = 131072
	socket.connection.setup.timeout.max.ms = 30000
	socket.connection.setup.timeout.ms = 10000
	ssl.cipher.suites = null
	ssl.enabled.protocols = [TLSv1.2, TLSv1.3]
	ssl.endpoint.identification.algorithm = https
	ssl.engine.factory.class = null
	ssl.key.password = null
	ssl.keymanager.algorithm = SunX509
	ssl.keystore.certificate.chain = null
	ssl.keystore.key = null
	ssl.keystore.location = null
	ssl.keystore.password = null
	ssl.keystore.type = JKS
	ssl.protocol = TLSv1.3
	ssl.provider = null
	ssl.secure.random.implementation = null
	ssl.trustmanager.algorithm = PKIX
	ssl.truststore.certificates = null
	ssl.truststore.location = null
	ssl.truststore.password = null
	ssl.truststore.type = JKS

2025-01-12T02:53:08.227+01:00  INFO 8664 --- [cashcard-transaction-sink] [           main] o.a.kafka.common.utils.AppInfoParser     : Kafka version: 3.8.1
2025-01-12T02:53:08.227+01:00  INFO 8664 --- [cashcard-transaction-sink] [           main] o.a.kafka.common.utils.AppInfoParser     : Kafka commitId: 70d6ff42debf7e17
2025-01-12T02:53:08.227+01:00  INFO 8664 --- [cashcard-transaction-sink] [           main] o.a.kafka.common.utils.AppInfoParser     : Kafka startTimeMs: 1736646788227
2025-01-12T02:53:08.233+01:00  WARN 8664 --- [cashcard-transaction-sink] [ adminclient-13] o.a.k.clients.admin.KafkaAdminClient     : [AdminClient clientId=adminclient-13] The DescribeTopicPartitions API is not supported, using Metadata API to describe topics.
2025-01-12T02:53:08.235+01:00  WARN 8664 --- [cashcard-transaction-sink] [ adminclient-13] o.a.k.clients.admin.KafkaAdminClient     : [AdminClient clientId=adminclient-13] The DescribeTopicPartitions API is not supported, using Metadata API to describe topics.
2025-01-12T02:53:08.236+01:00  INFO 8664 --- [cashcard-transaction-sink] [ adminclient-13] o.a.kafka.common.utils.AppInfoParser     : App info kafka.admin.client for adminclient-13 unregistered
2025-01-12T02:53:08.237+01:00  INFO 8664 --- [cashcard-transaction-sink] [ adminclient-13] o.apache.kafka.common.metrics.Metrics    : Metrics scheduler closed
2025-01-12T02:53:08.237+01:00  INFO 8664 --- [cashcard-transaction-sink] [ adminclient-13] o.apache.kafka.common.metrics.Metrics    : Closing reporter org.apache.kafka.common.metrics.JmxReporter
2025-01-12T02:53:08.237+01:00  INFO 8664 --- [cashcard-transaction-sink] [ adminclient-13] o.apache.kafka.common.metrics.Metrics    : Metrics reporters closed
2025-01-12T02:53:08.237+01:00  INFO 8664 --- [cashcard-transaction-sink] [           main] o.a.k.clients.consumer.ConsumerConfig    : ConsumerConfig values: 
	allow.auto.create.topics = true
	auto.commit.interval.ms = 100
	auto.include.jmx.reporter = true
	auto.offset.reset = latest
	bootstrap.servers = [127.0.0.1:59863]
	check.crcs = true
	client.dns.lookup = use_all_dns_ips
	client.id = consumer-anonymous.f670431d-f475-415f-8a1f-a985a0bcc6d9-9
	client.rack = 
	connections.max.idle.ms = 540000
	default.api.timeout.ms = 60000
	enable.auto.commit = false
	enable.metrics.push = true
	exclude.internal.topics = true
	fetch.max.bytes = 52428800
	fetch.max.wait.ms = 500
	fetch.min.bytes = 1
	group.id = anonymous.f670431d-f475-415f-8a1f-a985a0bcc6d9
	group.instance.id = null
	group.protocol = classic
	group.remote.assignor = null
	heartbeat.interval.ms = 3000
	interceptor.classes = []
	internal.leave.group.on.close = true
	internal.throw.on.fetch.stable.offset.unsupported = false
	isolation.level = read_uncommitted
	key.deserializer = class org.apache.kafka.common.serialization.ByteArrayDeserializer
	max.partition.fetch.bytes = 1048576
	max.poll.interval.ms = 300000
	max.poll.records = 500
	metadata.max.age.ms = 300000
	metadata.recovery.strategy = none
	metric.reporters = []
	metrics.num.samples = 2
	metrics.recording.level = INFO
	metrics.sample.window.ms = 30000
	partition.assignment.strategy = [class org.apache.kafka.clients.consumer.RangeAssignor, class org.apache.kafka.clients.consumer.CooperativeStickyAssignor]
	receive.buffer.bytes = 65536
	reconnect.backoff.max.ms = 1000
	reconnect.backoff.ms = 50
	request.timeout.ms = 30000
	retry.backoff.max.ms = 1000
	retry.backoff.ms = 100
	sasl.client.callback.handler.class = null
	sasl.jaas.config = null
	sasl.kerberos.kinit.cmd = /usr/bin/kinit
	sasl.kerberos.min.time.before.relogin = 60000
	sasl.kerberos.service.name = null
	sasl.kerberos.ticket.renew.jitter = 0.05
	sasl.kerberos.ticket.renew.window.factor = 0.8
	sasl.login.callback.handler.class = null
	sasl.login.class = null
	sasl.login.connect.timeout.ms = null
	sasl.login.read.timeout.ms = null
	sasl.login.refresh.buffer.seconds = 300
	sasl.login.refresh.min.period.seconds = 60
	sasl.login.refresh.window.factor = 0.8
	sasl.login.refresh.window.jitter = 0.05
	sasl.login.retry.backoff.max.ms = 10000
	sasl.login.retry.backoff.ms = 100
	sasl.mechanism = GSSAPI
	sasl.oauthbearer.clock.skew.seconds = 30
	sasl.oauthbearer.expected.audience = null
	sasl.oauthbearer.expected.issuer = null
	sasl.oauthbearer.jwks.endpoint.refresh.ms = 3600000
	sasl.oauthbearer.jwks.endpoint.retry.backoff.max.ms = 10000
	sasl.oauthbearer.jwks.endpoint.retry.backoff.ms = 100
	sasl.oauthbearer.jwks.endpoint.url = null
	sasl.oauthbearer.scope.claim.name = scope
	sasl.oauthbearer.sub.claim.name = sub
	sasl.oauthbearer.token.endpoint.url = null
	security.protocol = PLAINTEXT
	security.providers = null
	send.buffer.bytes = 131072
	session.timeout.ms = 45000
	socket.connection.setup.timeout.max.ms = 30000
	socket.connection.setup.timeout.ms = 10000
	ssl.cipher.suites = null
	ssl.enabled.protocols = [TLSv1.2, TLSv1.3]
	ssl.endpoint.identification.algorithm = https
	ssl.engine.factory.class = null
	ssl.key.password = null
	ssl.keymanager.algorithm = SunX509
	ssl.keystore.certificate.chain = null
	ssl.keystore.key = null
	ssl.keystore.location = null
	ssl.keystore.password = null
	ssl.keystore.type = JKS
	ssl.protocol = TLSv1.3
	ssl.provider = null
	ssl.secure.random.implementation = null
	ssl.trustmanager.algorithm = PKIX
	ssl.truststore.certificates = null
	ssl.truststore.location = null
	ssl.truststore.password = null
	ssl.truststore.type = JKS
	value.deserializer = class org.apache.kafka.common.serialization.ByteArrayDeserializer

2025-01-12T02:53:08.237+01:00  INFO 8664 --- [cashcard-transaction-sink] [           main] o.a.k.c.t.i.KafkaMetricsCollector        : initializing Kafka metrics collector
2025-01-12T02:53:08.240+01:00  INFO 8664 --- [cashcard-transaction-sink] [           main] o.a.kafka.common.utils.AppInfoParser     : Kafka version: 3.8.1
2025-01-12T02:53:08.240+01:00  INFO 8664 --- [cashcard-transaction-sink] [           main] o.a.kafka.common.utils.AppInfoParser     : Kafka commitId: 70d6ff42debf7e17
2025-01-12T02:53:08.240+01:00  INFO 8664 --- [cashcard-transaction-sink] [           main] o.a.kafka.common.utils.AppInfoParser     : Kafka startTimeMs: 1736646788240
2025-01-12T02:53:08.243+01:00  INFO 8664 --- [cashcard-transaction-sink] [           main] org.apache.kafka.clients.Metadata        : [Consumer clientId=consumer-anonymous.f670431d-f475-415f-8a1f-a985a0bcc6d9-9, groupId=anonymous.f670431d-f475-415f-8a1f-a985a0bcc6d9] Cluster ID: Rkj1C7eTTZiJ5lzx6NMWPA
2025-01-12T02:53:08.244+01:00  INFO 8664 --- [cashcard-transaction-sink] [           main] o.a.k.c.c.internals.ConsumerCoordinator  : [Consumer clientId=consumer-anonymous.f670431d-f475-415f-8a1f-a985a0bcc6d9-9, groupId=anonymous.f670431d-f475-415f-8a1f-a985a0bcc6d9] Resetting generation and member id due to: consumer pro-actively leaving the group
2025-01-12T02:53:08.244+01:00  INFO 8664 --- [cashcard-transaction-sink] [           main] o.a.k.c.c.internals.ConsumerCoordinator  : [Consumer clientId=consumer-anonymous.f670431d-f475-415f-8a1f-a985a0bcc6d9-9, groupId=anonymous.f670431d-f475-415f-8a1f-a985a0bcc6d9] Request joining group due to: consumer pro-actively leaving the group
2025-01-12T02:53:08.244+01:00  INFO 8664 --- [cashcard-transaction-sink] [           main] o.apache.kafka.common.metrics.Metrics    : Metrics scheduler closed
2025-01-12T02:53:08.244+01:00  INFO 8664 --- [cashcard-transaction-sink] [           main] o.apache.kafka.common.metrics.Metrics    : Closing reporter org.apache.kafka.common.metrics.JmxReporter
2025-01-12T02:53:08.244+01:00  INFO 8664 --- [cashcard-transaction-sink] [           main] o.apache.kafka.common.metrics.Metrics    : Closing reporter org.apache.kafka.common.telemetry.internals.ClientTelemetryReporter
2025-01-12T02:53:08.244+01:00  INFO 8664 --- [cashcard-transaction-sink] [           main] o.apache.kafka.common.metrics.Metrics    : Metrics reporters closed
2025-01-12T02:53:08.246+01:00  INFO 8664 --- [cashcard-transaction-sink] [           main] o.a.kafka.common.utils.AppInfoParser     : App info kafka.consumer for consumer-anonymous.f670431d-f475-415f-8a1f-a985a0bcc6d9-9 unregistered
2025-01-12T02:53:08.248+01:00  INFO 8664 --- [cashcard-transaction-sink] [           main] o.s.c.stream.binder.BinderErrorChannel   : Channel 'kafka-1272713136.enrichTransaction-in-0.errors' has 1 subscriber(s).
[...]
2025-01-12T02:53:08.329+01:00  INFO 8664 --- [cashcard-transaction-sink] [quest-handler-0] kafka.cluster.Partition                  : [Partition __consumer_offsets-1 broker=0] Log loaded for partition __consumer_offsets-1 with initial high watermark 0
2025-01-12T02:53:08.330+01:00  INFO 8664 --- [cashcard-transaction-sink] [quest-handler-0] state.change.logger                      : [Broker id=0] Leader __consumer_offsets-1 with topic id Some(YD0KAw2iQSGLl9decb7cKA) starts at leader epoch 0 from offset 0 with partition epoch 0, high watermark 0, ISR [0], adding replicas [] and removing replicas [] . Previous leader None and previous leader epoch was -1.
2025-01-12T02:53:08.340+01:00  INFO 8664 --- [cashcard-transaction-sink] [quest-handler-0] kafka.log.UnifiedLog$                    : [LogLoader partition=__consumer_offsets-0, dir=C:\Users\HP\AppData\Local\Temp\spring.kafka.59fe7301-c536-4a35-953f-fc31afa5423616748842595902603263] Loading producer state till offset 0 with message format version 2
2025-01-12T02:53:08.341+01:00  INFO 8664 --- [cashcard-transaction-sink] [quest-handler-0] kafka.log.LogManager                     : Created log for partition __consumer_offsets-0 in C:\Users\HP\AppData\Local\Temp\spring.kafka.59fe7301-c536-4a35-953f-fc31afa5423616748842595902603263\__consumer_offsets-0 with properties {cleanup.policy=compact, compression.type="producer", segment.bytes=104857600}
2025-01-12T02:53:08.341+01:00  INFO 8664 --- [cashcard-transaction-sink] [quest-handler-0] kafka.cluster.Partition                  : [Partition __consumer_offsets-0 broker=0] No checkpointed highwatermark is found for partition __consumer_offsets-0
2025-01-12T02:53:08.341+01:00  INFO 8664 --- [cashcard-transaction-sink] [quest-handler-0] kafka.cluster.Partition                  : [Partition __consumer_offsets-0 broker=0] Log loaded for partition __consumer_offsets-0 with initial high watermark 0
2025-01-12T02:53:08.341+01:00  INFO 8664 --- [cashcard-transaction-sink] [quest-handler-0] state.change.logger                      : [Broker id=0] Leader __consumer_offsets-0 with topic id Some(YD0KAw2iQSGLl9decb7cKA) starts at leader epoch 0 from offset 0 with partition epoch 0, high watermark 0, ISR [0], adding replicas [] and removing replicas [] . Previous leader None and previous leader epoch was -1.
2025-01-12T02:53:08.344+01:00  INFO 8664 --- [cashcard-transaction-sink] [quest-handler-0] k.coordinator.group.GroupCoordinator     : [GroupCoordinator 0]: Elected as the group coordinator for partition 3 in epoch 0
2025-01-12T02:53:08.344+01:00  INFO 8664 --- [cashcard-transaction-sink] [quest-handler-0] k.c.group.GroupMetadataManager           : [GroupMetadataManager brokerId=0] Scheduling loading of offsets and group metadata from __consumer_offsets-3 for epoch 0
2025-01-12T02:53:08.345+01:00  INFO 8664 --- [cashcard-transaction-sink] [quest-handler-0] k.coordinator.group.GroupCoordinator     : [GroupCoordinator 0]: Elected as the group coordinator for partition 2 in epoch 0
2025-01-12T02:53:08.345+01:00  INFO 8664 --- [cashcard-transaction-sink] [quest-handler-0] k.c.group.GroupMetadataManager           : [GroupMetadataManager brokerId=0] Scheduling loading of offsets and group metadata from __consumer_offsets-2 for epoch 0
2025-01-12T02:53:08.345+01:00  INFO 8664 --- [cashcard-transaction-sink] [quest-handler-0] k.coordinator.group.GroupCoordinator     : [GroupCoordinator 0]: Elected as the group coordinator for partition 4 in epoch 0
2025-01-12T02:53:08.345+01:00  INFO 8664 --- [cashcard-transaction-sink] [quest-handler-0] k.c.group.GroupMetadataManager           : [GroupMetadataManager brokerId=0] Scheduling loading of offsets and group metadata from __consumer_offsets-4 for epoch 0
2025-01-12T02:53:08.345+01:00  INFO 8664 --- [cashcard-transaction-sink] [quest-handler-0] k.coordinator.group.GroupCoordinator     : [GroupCoordinator 0]: Elected as the group coordinator for partition 1 in epoch 0
2025-01-12T02:53:08.345+01:00  INFO 8664 --- [cashcard-transaction-sink] [quest-handler-0] k.c.group.GroupMetadataManager           : [GroupMetadataManager brokerId=0] Scheduling loading of offsets and group metadata from __consumer_offsets-1 for epoch 0
2025-01-12T02:53:08.345+01:00  INFO 8664 --- [cashcard-transaction-sink] [quest-handler-0] k.coordinator.group.GroupCoordinator     : [GroupCoordinator 0]: Elected as the group coordinator for partition 0 in epoch 0
2025-01-12T02:53:08.345+01:00  INFO 8664 --- [cashcard-transaction-sink] [quest-handler-0] k.c.group.GroupMetadataManager           : [GroupMetadataManager brokerId=0] Scheduling loading of offsets and group metadata from __consumer_offsets-0 for epoch 0
2025-01-12T02:53:08.345+01:00  INFO 8664 --- [cashcard-transaction-sink] [adata-manager-0] k.c.group.GroupMetadataManager           : [GroupMetadataManager brokerId=0] Finished loading offsets and group metadata from __consumer_offsets-3 in 0 milliseconds for epoch 0, of which 0 milliseconds was spent in the scheduler.
2025-01-12T02:53:08.345+01:00  INFO 8664 --- [cashcard-transaction-sink] [quest-handler-0] state.change.logger                      : [Broker id=0] Finished LeaderAndIsr request in 64ms correlationId 5 from controller 0 for 5 partitions
2025-01-12T02:53:08.345+01:00  INFO 8664 --- [cashcard-transaction-sink] [adata-manager-0] k.c.group.GroupMetadataManager           : [GroupMetadataManager brokerId=0] Finished loading offsets and group metadata from __consumer_offsets-2 in 0 milliseconds for epoch 0, of which 0 milliseconds was spent in the scheduler.
2025-01-12T02:53:08.345+01:00  INFO 8664 --- [cashcard-transaction-sink] [adata-manager-0] k.c.group.GroupMetadataManager           : [GroupMetadataManager brokerId=0] Finished loading offsets and group metadata from __consumer_offsets-4 in 0 milliseconds for epoch 0, of which 0 milliseconds was spent in the scheduler.
2025-01-12T02:53:08.345+01:00  INFO 8664 --- [cashcard-transaction-sink] [adata-manager-0] k.c.group.GroupMetadataManager           : [GroupMetadataManager brokerId=0] Finished loading offsets and group metadata from __consumer_offsets-1 in 0 milliseconds for epoch 0, of which 0 milliseconds was spent in the scheduler.
2025-01-12T02:53:08.345+01:00  INFO 8664 --- [cashcard-transaction-sink] [adata-manager-0] k.c.group.GroupMetadataManager           : [GroupMetadataManager brokerId=0] Finished loading offsets and group metadata from __consumer_offsets-0 in 0 milliseconds for epoch 0, of which 0 milliseconds was spent in the scheduler.
2025-01-12T02:53:08.346+01:00  INFO 8664 --- [cashcard-transaction-sink] [quest-handler-7] state.change.logger                      : [Broker id=0] Add 5 partitions and deleted 0 partitions from metadata cache in response to UpdateMetadata request sent by controller 0 epoch 1 with correlation id 6
2025-01-12T02:53:08.376+01:00  INFO 8664 --- [cashcard-transaction-sink] [container-0-C-1] o.a.k.c.c.internals.ConsumerCoordinator  : [Consumer clientId=consumer-anonymous.f670431d-f475-415f-8a1f-a985a0bcc6d9-10, groupId=anonymous.f670431d-f475-415f-8a1f-a985a0bcc6d9] Discovered group coordinator localhost:59863 (id: 2147483647 rack: null)
2025-01-12T02:53:08.377+01:00  INFO 8664 --- [cashcard-transaction-sink] [container-0-C-1] o.a.k.c.c.internals.ConsumerCoordinator  : [Consumer clientId=consumer-anonymous.f670431d-f475-415f-8a1f-a985a0bcc6d9-10, groupId=anonymous.f670431d-f475-415f-8a1f-a985a0bcc6d9] (Re-)joining group
2025-01-12T02:53:08.379+01:00  INFO 8664 --- [cashcard-transaction-sink] [quest-handler-4] k.coordinator.group.GroupCoordinator     : [GroupCoordinator 0]: Dynamic member with unknown member id joins group anonymous.f670431d-f475-415f-8a1f-a985a0bcc6d9 in Empty state. Created a new member id consumer-anonymous.f670431d-f475-415f-8a1f-a985a0bcc6d9-10-b17b9b77-6392-427b-965f-11830c658e4c and request the member to rejoin with this id.
2025-01-12T02:53:08.379+01:00  INFO 8664 --- [cashcard-transaction-sink] [container-0-C-1] o.a.k.c.c.internals.ConsumerCoordinator  : [Consumer clientId=consumer-anonymous.f670431d-f475-415f-8a1f-a985a0bcc6d9-10, groupId=anonymous.f670431d-f475-415f-8a1f-a985a0bcc6d9] Request joining group due to: need to re-join with the given member-id: consumer-anonymous.f670431d-f475-415f-8a1f-a985a0bcc6d9-10-b17b9b77-6392-427b-965f-11830c658e4c
2025-01-12T02:53:08.379+01:00  INFO 8664 --- [cashcard-transaction-sink] [container-0-C-1] o.a.k.c.c.internals.ConsumerCoordinator  : [Consumer clientId=consumer-anonymous.f670431d-f475-415f-8a1f-a985a0bcc6d9-10, groupId=anonymous.f670431d-f475-415f-8a1f-a985a0bcc6d9] (Re-)joining group
2025-01-12T02:53:08.381+01:00  INFO 8664 --- [cashcard-transaction-sink] [quest-handler-2] k.coordinator.group.GroupCoordinator     : [GroupCoordinator 0]: Preparing to rebalance group anonymous.f670431d-f475-415f-8a1f-a985a0bcc6d9 in state PreparingRebalance with old generation 0 (__consumer_offsets-1) (reason: Adding new member consumer-anonymous.f670431d-f475-415f-8a1f-a985a0bcc6d9-10-b17b9b77-6392-427b-965f-11830c658e4c with group instance id None; client reason: need to re-join with the given member-id: consumer-anonymous.f670431d-f475-415f-8a1f-a985a0bcc6d9-10-b17b9b77-6392-427b-965f-11830c658e4c)
2025-01-12T02:53:08.382+01:00  INFO 8664 --- [cashcard-transaction-sink] [cutor-Rebalance] k.coordinator.group.GroupCoordinator     : [GroupCoordinator 0]: Stabilized group anonymous.f670431d-f475-415f-8a1f-a985a0bcc6d9 generation 1 (__consumer_offsets-1) with 1 members
2025-01-12T02:53:08.382+01:00  INFO 8664 --- [cashcard-transaction-sink] [container-0-C-1] o.a.k.c.c.internals.ConsumerCoordinator  : [Consumer clientId=consumer-anonymous.f670431d-f475-415f-8a1f-a985a0bcc6d9-10, groupId=anonymous.f670431d-f475-415f-8a1f-a985a0bcc6d9] Successfully joined group with generation Generation{generationId=1, memberId='consumer-anonymous.f670431d-f475-415f-8a1f-a985a0bcc6d9-10-b17b9b77-6392-427b-965f-11830c658e4c', protocol='range'}
2025-01-12T02:53:08.382+01:00  INFO 8664 --- [cashcard-transaction-sink] [container-0-C-1] o.a.k.c.c.internals.ConsumerCoordinator  : [Consumer clientId=consumer-anonymous.f670431d-f475-415f-8a1f-a985a0bcc6d9-10, groupId=anonymous.f670431d-f475-415f-8a1f-a985a0bcc6d9] Finished assignment for group at generation 1: {consumer-anonymous.f670431d-f475-415f-8a1f-a985a0bcc6d9-10-b17b9b77-6392-427b-965f-11830c658e4c=Assignment(partitions=[approval-requests-0])}
2025-01-12T02:53:08.383+01:00  INFO 8664 --- [cashcard-transaction-sink] [quest-handler-0] k.coordinator.group.GroupCoordinator     : [GroupCoordinator 0]: Assignment received from leader consumer-anonymous.f670431d-f475-415f-8a1f-a985a0bcc6d9-10-b17b9b77-6392-427b-965f-11830c658e4c for group anonymous.f670431d-f475-415f-8a1f-a985a0bcc6d9 for generation 1. The group has 1 members, 0 of which are static.
2025-01-12T02:53:08.384+01:00  INFO 8664 --- [cashcard-transaction-sink] [container-0-C-1] o.a.k.c.c.internals.ConsumerCoordinator  : [Consumer clientId=consumer-anonymous.f670431d-f475-415f-8a1f-a985a0bcc6d9-10, groupId=anonymous.f670431d-f475-415f-8a1f-a985a0bcc6d9] Successfully synced group in generation Generation{generationId=1, memberId='consumer-anonymous.f670431d-f475-415f-8a1f-a985a0bcc6d9-10-b17b9b77-6392-427b-965f-11830c658e4c', protocol='range'}
2025-01-12T02:53:08.385+01:00  INFO 8664 --- [cashcard-transaction-sink] [container-0-C-1] o.a.k.c.c.internals.ConsumerCoordinator  : [Consumer clientId=consumer-anonymous.f670431d-f475-415f-8a1f-a985a0bcc6d9-10, groupId=anonymous.f670431d-f475-415f-8a1f-a985a0bcc6d9] Notifying assignor about the new Assignment(partitions=[approval-requests-0])
2025-01-12T02:53:08.385+01:00  INFO 8664 --- [cashcard-transaction-sink] [container-0-C-1] k.c.c.i.ConsumerRebalanceListenerInvoker : [Consumer clientId=consumer-anonymous.f670431d-f475-415f-8a1f-a985a0bcc6d9-10, groupId=anonymous.f670431d-f475-415f-8a1f-a985a0bcc6d9] Adding newly assigned partitions: approval-requests-0
2025-01-12T02:53:08.385+01:00  INFO 8664 --- [cashcard-transaction-sink] [container-0-C-1] o.a.k.c.c.internals.ConsumerCoordinator  : [Consumer clientId=consumer-anonymous.f670431d-f475-415f-8a1f-a985a0bcc6d9-10, groupId=anonymous.f670431d-f475-415f-8a1f-a985a0bcc6d9] Found no committed offset for partition approval-requests-0
2025-01-12T02:53:08.386+01:00  INFO 8664 --- [cashcard-transaction-sink] [container-0-C-1] o.a.k.c.c.internals.ConsumerCoordinator  : [Consumer clientId=consumer-anonymous.f670431d-f475-415f-8a1f-a985a0bcc6d9-10, groupId=anonymous.f670431d-f475-415f-8a1f-a985a0bcc6d9] Found no committed offset for partition approval-requests-0
2025-01-12T02:53:08.387+01:00  INFO 8664 --- [cashcard-transaction-sink] [container-0-C-1] o.a.k.c.c.internals.SubscriptionState    : [Consumer clientId=consumer-anonymous.f670431d-f475-415f-8a1f-a985a0bcc6d9-10, groupId=anonymous.f670431d-f475-415f-8a1f-a985a0bcc6d9] Resetting offset for partition approval-requests-0 to position FetchPosition{offset=1, offsetEpoch=Optional.empty, currentLeader=LeaderAndEpoch{leader=Optional[localhost:59863 (id: 0 rack: null)], epoch=0}}.
2025-01-12T02:53:08.388+01:00  INFO 8664 --- [cashcard-transaction-sink] [container-0-C-1] o.s.c.s.b.k.KafkaMessageChannelBinder$2  : anonymous.f670431d-f475-415f-8a1f-a985a0bcc6d9: partitions assigned: [approval-requests-0]
2025-01-12T02:53:08.424+01:00  INFO 8664 --- [cashcard-transaction-sink] [container-0-C-1] o.a.k.c.c.internals.ConsumerCoordinator  : [Consumer clientId=consumer-anonymous.897df9f1-93ec-4ec7-a022-d615960c9d79-12, groupId=anonymous.897df9f1-93ec-4ec7-a022-d615960c9d79] Discovered group coordinator localhost:59863 (id: 2147483647 rack: null)
2025-01-12T02:53:08.425+01:00  INFO 8664 --- [cashcard-transaction-sink] [container-0-C-1] o.a.k.c.c.internals.ConsumerCoordinator  : [Consumer clientId=consumer-anonymous.897df9f1-93ec-4ec7-a022-d615960c9d79-12, groupId=anonymous.897df9f1-93ec-4ec7-a022-d615960c9d79] (Re-)joining group
2025-01-12T02:53:08.429+01:00  INFO 8664 --- [cashcard-transaction-sink] [quest-handler-1] k.coordinator.group.GroupCoordinator     : [GroupCoordinator 0]: Dynamic member with unknown member id joins group anonymous.897df9f1-93ec-4ec7-a022-d615960c9d79 in Empty state. Created a new member id consumer-anonymous.897df9f1-93ec-4ec7-a022-d615960c9d79-12-96a194ef-ebef-4d40-9ca1-5a7bff11f600 and request the member to rejoin with this id.
2025-01-12T02:53:08.429+01:00  INFO 8664 --- [cashcard-transaction-sink] [container-0-C-1] o.a.k.c.c.internals.ConsumerCoordinator  : [Consumer clientId=consumer-anonymous.897df9f1-93ec-4ec7-a022-d615960c9d79-12, groupId=anonymous.897df9f1-93ec-4ec7-a022-d615960c9d79] Request joining group due to: need to re-join with the given member-id: consumer-anonymous.897df9f1-93ec-4ec7-a022-d615960c9d79-12-96a194ef-ebef-4d40-9ca1-5a7bff11f600
2025-01-12T02:53:08.429+01:00  INFO 8664 --- [cashcard-transaction-sink] [container-0-C-1] o.a.k.c.c.internals.ConsumerCoordinator  : [Consumer clientId=consumer-anonymous.897df9f1-93ec-4ec7-a022-d615960c9d79-12, groupId=anonymous.897df9f1-93ec-4ec7-a022-d615960c9d79] (Re-)joining group
2025-01-12T02:53:08.432+01:00  INFO 8664 --- [cashcard-transaction-sink] [quest-handler-3] k.coordinator.group.GroupCoordinator     : [GroupCoordinator 0]: Preparing to rebalance group anonymous.897df9f1-93ec-4ec7-a022-d615960c9d79 in state PreparingRebalance with old generation 0 (__consumer_offsets-2) (reason: Adding new member consumer-anonymous.897df9f1-93ec-4ec7-a022-d615960c9d79-12-96a194ef-ebef-4d40-9ca1-5a7bff11f600 with group instance id None; client reason: need to re-join with the given member-id: consumer-anonymous.897df9f1-93ec-4ec7-a022-d615960c9d79-12-96a194ef-ebef-4d40-9ca1-5a7bff11f600)
2025-01-12T02:53:08.432+01:00  INFO 8664 --- [cashcard-transaction-sink] [cutor-Rebalance] k.coordinator.group.GroupCoordinator     : [GroupCoordinator 0]: Stabilized group anonymous.897df9f1-93ec-4ec7-a022-d615960c9d79 generation 1 (__consumer_offsets-2) with 1 members
2025-01-12T02:53:08.433+01:00  INFO 8664 --- [cashcard-transaction-sink] [container-0-C-1] o.a.k.c.c.internals.ConsumerCoordinator  : [Consumer clientId=consumer-anonymous.897df9f1-93ec-4ec7-a022-d615960c9d79-12, groupId=anonymous.897df9f1-93ec-4ec7-a022-d615960c9d79] Successfully joined group with generation Generation{generationId=1, memberId='consumer-anonymous.897df9f1-93ec-4ec7-a022-d615960c9d79-12-96a194ef-ebef-4d40-9ca1-5a7bff11f600', protocol='range'}
2025-01-12T02:53:08.433+01:00  INFO 8664 --- [cashcard-transaction-sink] [container-0-C-1] o.a.k.c.c.internals.ConsumerCoordinator  : [Consumer clientId=consumer-anonymous.897df9f1-93ec-4ec7-a022-d615960c9d79-12, groupId=anonymous.897df9f1-93ec-4ec7-a022-d615960c9d79] Finished assignment for group at generation 1: {consumer-anonymous.897df9f1-93ec-4ec7-a022-d615960c9d79-12-96a194ef-ebef-4d40-9ca1-5a7bff11f600=Assignment(partitions=[enriched-transactions-0])}
2025-01-12T02:53:08.434+01:00  INFO 8664 --- [cashcard-transaction-sink] [quest-handler-5] k.coordinator.group.GroupCoordinator     : [GroupCoordinator 0]: Assignment received from leader consumer-anonymous.897df9f1-93ec-4ec7-a022-d615960c9d79-12-96a194ef-ebef-4d40-9ca1-5a7bff11f600 for group anonymous.897df9f1-93ec-4ec7-a022-d615960c9d79 for generation 1. The group has 1 members, 0 of which are static.
2025-01-12T02:53:08.435+01:00  INFO 8664 --- [cashcard-transaction-sink] [container-0-C-1] o.a.k.c.c.internals.ConsumerCoordinator  : [Consumer clientId=consumer-anonymous.897df9f1-93ec-4ec7-a022-d615960c9d79-12, groupId=anonymous.897df9f1-93ec-4ec7-a022-d615960c9d79] Successfully synced group in generation Generation{generationId=1, memberId='consumer-anonymous.897df9f1-93ec-4ec7-a022-d615960c9d79-12-96a194ef-ebef-4d40-9ca1-5a7bff11f600', protocol='range'}
2025-01-12T02:53:08.436+01:00  INFO 8664 --- [cashcard-transaction-sink] [container-0-C-1] o.a.k.c.c.internals.ConsumerCoordinator  : [Consumer clientId=consumer-anonymous.897df9f1-93ec-4ec7-a022-d615960c9d79-12, groupId=anonymous.897df9f1-93ec-4ec7-a022-d615960c9d79] Notifying assignor about the new Assignment(partitions=[enriched-transactions-0])
2025-01-12T02:53:08.436+01:00  INFO 8664 --- [cashcard-transaction-sink] [container-0-C-1] k.c.c.i.ConsumerRebalanceListenerInvoker : [Consumer clientId=consumer-anonymous.897df9f1-93ec-4ec7-a022-d615960c9d79-12, groupId=anonymous.897df9f1-93ec-4ec7-a022-d615960c9d79] Adding newly assigned partitions: enriched-transactions-0
2025-01-12T02:53:08.437+01:00  INFO 8664 --- [cashcard-transaction-sink] [container-0-C-1] o.a.k.c.c.internals.ConsumerCoordinator  : [Consumer clientId=consumer-anonymous.897df9f1-93ec-4ec7-a022-d615960c9d79-12, groupId=anonymous.897df9f1-93ec-4ec7-a022-d615960c9d79] Found no committed offset for partition enriched-transactions-0
2025-01-12T02:53:08.438+01:00  INFO 8664 --- [cashcard-transaction-sink] [container-0-C-1] o.a.k.c.c.internals.ConsumerCoordinator  : [Consumer clientId=consumer-anonymous.897df9f1-93ec-4ec7-a022-d615960c9d79-12, groupId=anonymous.897df9f1-93ec-4ec7-a022-d615960c9d79] Found no committed offset for partition enriched-transactions-0
2025-01-12T02:53:08.439+01:00  INFO 8664 --- [cashcard-transaction-sink] [container-0-C-1] o.a.k.c.c.internals.SubscriptionState    : [Consumer clientId=consumer-anonymous.897df9f1-93ec-4ec7-a022-d615960c9d79-12, groupId=anonymous.897df9f1-93ec-4ec7-a022-d615960c9d79] Resetting offset for partition enriched-transactions-0 to position FetchPosition{offset=0, offsetEpoch=Optional.empty, currentLeader=LeaderAndEpoch{leader=Optional[localhost:59863 (id: 0 rack: null)], epoch=0}}.
2025-01-12T02:53:08.441+01:00  INFO 8664 --- [cashcard-transaction-sink] [container-0-C-1] o.s.c.s.b.k.KafkaMessageChannelBinder$2  : anonymous.897df9f1-93ec-4ec7-a022-d615960c9d79: partitions assigned: [enriched-transactions-0]
]]></system-out>
  </testcase>
</testsuite>